[ 2016-08-19T09:44:07+08:00 ] ::1 /agency/index.php?s=/Home/User/add&ret=/agency/index.php?s=/Home/User
INFO: [ app_init ] --START--
INFO: Run Behavior\BuildLiteBehavior [ RunTime:0.000038s ]
INFO: [ app_init ] --END-- [ RunTime:0.001252s ]

[ 2016-08-19T09:44:37+08:00 ] ::1 /agency/index.php?s=/Home/User/add&ret=/agency/index.php?s=/Home/User
INFO: [ app_init ] --START--
INFO: Run Behavior\BuildLiteBehavior [ RunTime:0.000052s ]
INFO: [ app_init ] --END-- [ RunTime:0.000872s ]

[ 2016-08-19T09:45:33+08:00 ] ::1 /agency/index.php?s=/Home/User/add&ret=/agency/index.php?s=/Home/User
INFO: [ app_init ] --START--
INFO: Run Behavior\BuildLiteBehavior [ RunTime:0.000009s ]
INFO: [ app_init ] --END-- [ RunTime:0.000191s ]

[ 2016-08-19T09:45:38+08:00 ] ::1 /agency/index.php?s=/Home/User
INFO: [ app_init ] --START--
INFO: Run Behavior\BuildLiteBehavior [ RunTime:0.000014s ]
INFO: [ app_init ] --END-- [ RunTime:0.000407s ]

[ 2016-08-19T09:45:42+08:00 ] ::1 /agency/index.php?s=%2FHome%2FUser%2Findex&phone=1&wechat=&nickname=&email=
INFO: [ app_init ] --START--
INFO: Run Behavior\BuildLiteBehavior [ RunTime:0.000012s ]
INFO: [ app_init ] --END-- [ RunTime:0.000300s ]

[ 2016-08-19T09:45:44+08:00 ] ::1 /agency/index.php?s=/Home/User/edit&uid=1&ret=/agency/index.php?s=%2FHome%2FUser%2Findex&phone=1&wechat=&nickname=&email=
INFO: [ app_init ] --START--
INFO: Run Behavior\BuildLiteBehavior [ RunTime:0.000008s ]
INFO: [ app_init ] --END-- [ RunTime:0.000177s ]

[ 2016-08-19T09:45:47+08:00 ] ::1 /agency/index.php?s=%2FHome%2FUser%2Findex&phone=1&wechat=&nickname=&email=http://localhost/agency/index.php?s=/Home/User/index
INFO: [ app_init ] --START--
INFO: Run Behavior\BuildLiteBehavior [ RunTime:0.000009s ]
INFO: [ app_init ] --END-- [ RunTime:0.000183s ]

[ 2016-08-19T09:45:51+08:00 ] ::1 /agency/index.php?s=/Home/User/add&ret=/agency/index.php?s=%2FHome%2FUser%2Findex&phone=1&wechat=&nickname=&email=http://localhost/agency/index.php?s=/Home/User/index
INFO: [ app_init ] --START--
INFO: Run Behavior\BuildLiteBehavior [ RunTime:0.000009s ]
INFO: [ app_init ] --END-- [ RunTime:0.000198s ]

[ 2016-08-19T09:45:53+08:00 ] ::1 /agency/index.php?s=/Home/User/index
INFO: [ app_init ] --START--
INFO: Run Behavior\BuildLiteBehavior [ RunTime:0.000009s ]
INFO: [ app_init ] --END-- [ RunTime:0.000189s ]

[ 2016-08-19T09:46:22+08:00 ] ::1 /agency/index.php?s=%2FHome%2FUser%2Findex&phone=1&wechat=&nickname=&email=
INFO: [ app_init ] --START--
INFO: Run Behavior\BuildLiteBehavior [ RunTime:0.000012s ]
INFO: [ app_init ] --END-- [ RunTime:0.000304s ]

[ 2016-08-19T09:46:26+08:00 ] ::1 /agency/index.php?s=/Home/User/add&ret=/agency/index.php?s=%2FHome%2FUser%2Findex&phone=1&wechat=&nickname=&email=
INFO: [ app_init ] --START--
INFO: Run Behavior\BuildLiteBehavior [ RunTime:0.000010s ]
INFO: [ app_init ] --END-- [ RunTime:0.000204s ]

[ 2016-08-19T09:46:29+08:00 ] ::1 /agency/index.php?s=/Home/User/index
INFO: [ app_init ] --START--
INFO: Run Behavior\BuildLiteBehavior [ RunTime:0.000010s ]
INFO: [ app_init ] --END-- [ RunTime:0.000190s ]

[ 2016-08-19T09:46:57+08:00 ] ::1 /agency/index.php?s=%2FHome%2FUser%2Findex&phone=1&wechat=&nickname=&email=
INFO: [ app_init ] --START--
INFO: Run Behavior\BuildLiteBehavior [ RunTime:0.000014s ]
INFO: [ app_init ] --END-- [ RunTime:0.000380s ]

[ 2016-08-19T09:47:04+08:00 ] ::1 /agency/index.php?s=/Home/User/add&ret=/agency/index.php?s=%2FHome%2FUser%2Findex&phone=1&wechat=&nickname=&email=
INFO: [ app_init ] --START--
INFO: Run Behavior\BuildLiteBehavior [ RunTime:0.000011s ]
INFO: [ app_init ] --END-- [ RunTime:0.000300s ]

[ 2016-08-19T09:47:09+08:00 ] ::1 /agency/index.php?s=/Home/User/index
INFO: [ app_init ] --START--
INFO: Run Behavior\BuildLiteBehavior [ RunTime:0.000011s ]
INFO: [ app_init ] --END-- [ RunTime:0.000295s ]

[ 2016-08-19T09:47:14+08:00 ] ::1 /agency/index.php?s=/Home
INFO: [ app_init ] --START--
INFO: Run Behavior\BuildLiteBehavior [ RunTime:0.000009s ]
INFO: [ app_init ] --END-- [ RunTime:0.000188s ]

[ 2016-08-19T09:47:19+08:00 ] ::1 /agency/index.php?s=%2FHome%2FUser%2Findex&phone=1&wechat=&nickname=&email=
INFO: [ app_init ] --START--
INFO: Run Behavior\BuildLiteBehavior [ RunTime:0.000010s ]
INFO: [ app_init ] --END-- [ RunTime:0.000208s ]

[ 2016-08-19T09:47:22+08:00 ] ::1 /agency/index.php?s=/Home/User/add&ret=/agency/index.php?s=%2FHome%2FUser%2Findex&phone=1&wechat=&nickname=&email=
INFO: [ app_init ] --START--
INFO: Run Behavior\BuildLiteBehavior [ RunTime:0.000009s ]
INFO: [ app_init ] --END-- [ RunTime:0.000198s ]

[ 2016-08-19T09:47:53+08:00 ] ::1 /agency/index.php?s=/Home/User/index
INFO: [ app_init ] --START--
INFO: Run Behavior\BuildLiteBehavior [ RunTime:0.000012s ]
INFO: [ app_init ] --END-- [ RunTime:0.000310s ]

[ 2016-08-19T09:47:57+08:00 ] ::1 /agency/index.php?s=%2FHome%2FUser%2Findex&phone=1&wechat=&nickname=&email=
INFO: [ app_init ] --START--
INFO: Run Behavior\BuildLiteBehavior [ RunTime:0.000010s ]
INFO: [ app_init ] --END-- [ RunTime:0.000190s ]

[ 2016-08-19T09:48:00+08:00 ] ::1 /agency/index.php?s=/Home/User/edit&uid=2&ret=/agency/index.php?s=%2FHome%2FUser%2Findex&phone=1&wechat=&nickname=&email=
INFO: [ app_init ] --START--
INFO: Run Behavior\BuildLiteBehavior [ RunTime:0.000009s ]
INFO: [ app_init ] --END-- [ RunTime:0.000183s ]

[ 2016-08-19T09:48:12+08:00 ] ::1 /agency/index.php?s=/Home/User/index
INFO: [ app_init ] --START--
INFO: Run Behavior\BuildLiteBehavior [ RunTime:0.000011s ]
INFO: [ app_init ] --END-- [ RunTime:0.000304s ]

[ 2016-08-19T09:48:53+08:00 ] ::1 /agency/index.php?s=%2FHome%2FUser%2Findex&phone=1&wechat=&nickname=&email=
INFO: [ app_init ] --START--
INFO: Run Behavior\BuildLiteBehavior [ RunTime:0.000012s ]
INFO: [ app_init ] --END-- [ RunTime:0.000284s ]

[ 2016-08-19T09:48:56+08:00 ] ::1 /agency/index.php?s=/Home/User/add&ret=/agency/index.php?s=%2FHome%2FUser%2Findex&phone=1&wechat=&nickname=&email=
INFO: [ app_init ] --START--
INFO: Run Behavior\BuildLiteBehavior [ RunTime:0.000009s ]
INFO: [ app_init ] --END-- [ RunTime:0.000189s ]

[ 2016-08-19T09:49:48+08:00 ] ::1 /agency/index.php?s=/Home/User/index
INFO: [ app_init ] --START--
INFO: Run Behavior\BuildLiteBehavior [ RunTime:0.000010s ]
INFO: [ app_init ] --END-- [ RunTime:0.000356s ]

[ 2016-08-19T09:49:51+08:00 ] ::1 /agency/index.php?s=%2FHome%2FUser%2Findex&phone=1&wechat=&nickname=&email=
INFO: [ app_init ] --START--
INFO: Run Behavior\BuildLiteBehavior [ RunTime:0.000010s ]
INFO: [ app_init ] --END-- [ RunTime:0.000212s ]

[ 2016-08-19T09:49:53+08:00 ] ::1 /agency/index.php?s=/Home/User/add&ret=/agency/index.php?s=%2FHome%2FUser%2Findex&phone=1&wechat=&nickname=&email=
INFO: [ app_init ] --START--
INFO: Run Behavior\BuildLiteBehavior [ RunTime:0.000009s ]
INFO: [ app_init ] --END-- [ RunTime:0.000252s ]

[ 2016-08-19T09:49:58+08:00 ] ::1 /agency/index.php?s=/Home/User/index
INFO: [ app_init ] --START--
INFO: Run Behavior\BuildLiteBehavior [ RunTime:0.000009s ]
INFO: [ app_init ] --END-- [ RunTime:0.000181s ]

[ 2016-08-19T09:51:59+08:00 ] ::1 /agency/index.php?s=/Home/User/index
INFO: [ app_init ] --START--
INFO: Run Behavior\BuildLiteBehavior [ RunTime:0.000012s ]
INFO: [ app_init ] --END-- [ RunTime:0.000317s ]

[ 2016-08-19T09:53:12+08:00 ] ::1 /agency/index.php?s=%2FHome%2FUser%2Findex&phone=1&wechat=&nickname=&email=
INFO: [ app_init ] --START--
INFO: Run Behavior\BuildLiteBehavior [ RunTime:0.000011s ]
INFO: [ app_init ] --END-- [ RunTime:0.000260s ]

[ 2016-08-19T09:53:21+08:00 ] ::1 /agency/index.php?s=/Home/User/add&ret=%2Fagency%2Findex.php%3Fs%3D%252FHome%252FUser%252Findex%26phone%3D1%26wechat%3D%26nickname%3D%26email%3D
INFO: [ app_init ] --START--
INFO: Run Behavior\BuildLiteBehavior [ RunTime:0.000009s ]
INFO: [ app_init ] --END-- [ RunTime:0.000193s ]

[ 2016-08-19T09:53:25+08:00 ] ::1 /agency/index.php?s=%2FHome%2FUser%2Findex&phone=1&wechat=&nickname=&email=
INFO: [ app_init ] --START--
INFO: Run Behavior\BuildLiteBehavior [ RunTime:0.000010s ]
INFO: [ app_init ] --END-- [ RunTime:0.000186s ]

[ 2016-08-19T09:53:28+08:00 ] ::1 /agency/index.php?s=/Home/User/edit&uid=2&ret=%2Fagency%2Findex.php%3Fs%3D%252FHome%252FUser%252Findex%26phone%3D1%26wechat%3D%26nickname%3D%26email%3D
INFO: [ app_init ] --START--
INFO: Run Behavior\BuildLiteBehavior [ RunTime:0.000009s ]
INFO: [ app_init ] --END-- [ RunTime:0.000188s ]

[ 2016-08-19T09:53:30+08:00 ] ::1 /agency/index.php?s=%2FHome%2FUser%2Findex&phone=1&wechat=&nickname=&email=
INFO: [ app_init ] --START--
INFO: Run Behavior\BuildLiteBehavior [ RunTime:0.000009s ]
INFO: [ app_init ] --END-- [ RunTime:0.000183s ]

[ 2016-08-19T09:53:40+08:00 ] ::1 /agency/index.php?s=/Home/User/edit&uid=2&ret=%2Fagency%2Findex.php%3Fs%3D%252FHome%252FUser%252Findex%26phone%3D1%26wechat%3D%26nickname%3D%26email%3D
INFO: [ app_init ] --START--
INFO: Run Behavior\BuildLiteBehavior [ RunTime:0.000010s ]
INFO: [ app_init ] --END-- [ RunTime:0.000210s ]

[ 2016-08-19T09:53:42+08:00 ] ::1 /agency/index.php?s=%2FHome%2FUser%2Findex&phone=1&wechat=&nickname=&email=
INFO: [ app_init ] --START--
INFO: Run Behavior\BuildLiteBehavior [ RunTime:0.000009s ]
INFO: [ app_init ] --END-- [ RunTime:0.000189s ]

[ 2016-08-19T09:53:45+08:00 ] ::1 /agency/index.php?s=/Home/User/add&ret=%2Fagency%2Findex.php%3Fs%3D%252FHome%252FUser%252Findex%26phone%3D1%26wechat%3D%26nickname%3D%26email%3D
INFO: [ app_init ] --START--
INFO: Run Behavior\BuildLiteBehavior [ RunTime:0.000010s ]
INFO: [ app_init ] --END-- [ RunTime:0.000202s ]

[ 2016-08-19T09:53:47+08:00 ] ::1 /agency/index.php?s=%2FHome%2FUser%2Findex&phone=1&wechat=&nickname=&email=
INFO: [ app_init ] --START--
INFO: Run Behavior\BuildLiteBehavior [ RunTime:0.000010s ]
INFO: [ app_init ] --END-- [ RunTime:0.000198s ]

[ 2016-08-19T09:53:51+08:00 ] ::1 /agency/index.php?s=/Home/User/add&ret=%2Fagency%2Findex.php%3Fs%3D%252FHome%252FUser%252Findex%26phone%3D1%26wechat%3D%26nickname%3D%26email%3D
INFO: [ app_init ] --START--
INFO: Run Behavior\BuildLiteBehavior [ RunTime:0.000094s ]
INFO: [ app_init ] --END-- [ RunTime:0.000968s ]

[ 2016-08-19T09:53:54+08:00 ] ::1 /agency/index.php?s=%2FHome%2FUser%2Findex&phone=1&wechat=&nickname=&email=
INFO: [ app_init ] --START--
INFO: Run Behavior\BuildLiteBehavior [ RunTime:0.000010s ]
INFO: [ app_init ] --END-- [ RunTime:0.000204s ]

[ 2016-08-19T09:54:13+08:00 ] ::1 /agency/index.php?s=/Home/User/edit&uid=1&ret=%2Fagency%2Findex.php%3Fs%3D%252FHome%252FUser%252Findex%26phone%3D1%26wechat%3D%26nickname%3D%26email%3D
INFO: [ app_init ] --START--
INFO: Run Behavior\BuildLiteBehavior [ RunTime:0.000012s ]
INFO: [ app_init ] --END-- [ RunTime:0.000307s ]

[ 2016-08-19T09:54:23+08:00 ] ::1 /agency/index.php?s=/Home/User
INFO: [ app_init ] --START--
INFO: Run Behavior\BuildLiteBehavior [ RunTime:0.000009s ]
INFO: [ app_init ] --END-- [ RunTime:0.000187s ]

[ 2016-08-19T09:54:27+08:00 ] ::1 /agency/index.php?s=%2FHome%2FUser%2Findex&phone=1&wechat=&nickname=&email=
INFO: [ app_init ] --START--
INFO: Run Behavior\BuildLiteBehavior [ RunTime:0.000010s ]
INFO: [ app_init ] --END-- [ RunTime:0.000194s ]

[ 2016-08-19T10:46:18+08:00 ] ::1 /agency/index.php?s=%2FHome%2FUser%2Findex&phone=1&wechat=&nickname=&email=
INFO: [ app_init ] --START--
INFO: Run Behavior\BuildLiteBehavior [ RunTime:0.000010s ]
INFO: [ app_init ] --END-- [ RunTime:0.000367s ]

[ 2016-08-19T10:46:42+08:00 ] ::1 /agency/index.php?s=%2FHome%2FUser%2Findex&phone=1&wechat=&nickname=&email=
INFO: [ app_init ] --START--
INFO: Run Behavior\BuildLiteBehavior [ RunTime:0.000016s ]
INFO: [ app_init ] --END-- [ RunTime:0.000378s ]

[ 2016-08-19T10:48:03+08:00 ] ::1 /agency/index.php?s=/Home/User/order&uid=1
INFO: [ app_init ] --START--
INFO: Run Behavior\BuildLiteBehavior [ RunTime:0.000012s ]
INFO: [ app_init ] --END-- [ RunTime:0.000278s ]

[ 2016-08-19T10:48:31+08:00 ] ::1 /agency/index.php?s=/Home/User/order&uid=1
INFO: [ app_init ] --START--
INFO: Run Behavior\BuildLiteBehavior [ RunTime:0.000010s ]
INFO: [ app_init ] --END-- [ RunTime:0.000216s ]

[ 2016-08-19T10:48:37+08:00 ] ::1 /agency/index.php?s=/Home/User/order&uid=1
INFO: [ app_init ] --START--
INFO: Run Behavior\BuildLiteBehavior [ RunTime:0.000010s ]
INFO: [ app_init ] --END-- [ RunTime:0.000190s ]

[ 2016-08-19T10:48:56+08:00 ] ::1 /agency/index.php?s=/Home/User/order&uid=2
INFO: [ app_init ] --START--
INFO: Run Behavior\BuildLiteBehavior [ RunTime:0.000011s ]
INFO: [ app_init ] --END-- [ RunTime:0.000262s ]

[ 2016-08-19T10:48:58+08:00 ] ::1 /agency/index.php?s=/Home/User/order&uid=2
INFO: [ app_init ] --START--
INFO: Run Behavior\BuildLiteBehavior [ RunTime:0.000010s ]
INFO: [ app_init ] --END-- [ RunTime:0.000188s ]

[ 2016-08-19T10:49:00+08:00 ] ::1 /agency/index.php?s=/Home/User/order&uid=2
INFO: [ app_init ] --START--
INFO: Run Behavior\BuildLiteBehavior [ RunTime:0.000010s ]
INFO: [ app_init ] --END-- [ RunTime:0.000193s ]

[ 2016-08-19T10:49:11+08:00 ] ::1 /agency/index.php?s=%2FHome%2FUser%2Findex&phone=1&wechat=&nickname=&email=
INFO: [ app_init ] --START--
INFO: Run Behavior\BuildLiteBehavior [ RunTime:0.000010s ]
INFO: [ app_init ] --END-- [ RunTime:0.000204s ]

[ 2016-08-19T10:49:14+08:00 ] ::1 /agency/index.php?s=/Home/User/order&uid=2&ret=%2Fagency%2Findex.php%3Fs%3D%252FHome%252FUser%252Findex%26phone%3D1%26wechat%3D%26nickname%3D%26email%3D
INFO: [ app_init ] --START--
INFO: Run Behavior\BuildLiteBehavior [ RunTime:0.000008s ]
INFO: [ app_init ] --END-- [ RunTime:0.000175s ]

[ 2016-08-19T10:49:15+08:00 ] ::1 /agency/index.php?s=%2FHome%2FUser%2Findex&phone=1&wechat=&nickname=&email=
INFO: [ app_init ] --START--
INFO: Run Behavior\BuildLiteBehavior [ RunTime:0.000009s ]
INFO: [ app_init ] --END-- [ RunTime:0.000180s ]

[ 2016-08-19T10:49:18+08:00 ] ::1 /agency/index.php?s=/Home/User/order&uid=1&ret=%2Fagency%2Findex.php%3Fs%3D%252FHome%252FUser%252Findex%26phone%3D1%26wechat%3D%26nickname%3D%26email%3D
INFO: [ app_init ] --START--
INFO: Run Behavior\BuildLiteBehavior [ RunTime:0.000009s ]
INFO: [ app_init ] --END-- [ RunTime:0.000191s ]

[ 2016-08-19T11:19:19+08:00 ] ::1 /agency/index.php?s=/Home/User/order&uid=1&ret=%2Fagency%2Findex.php%3Fs%3D%252FHome%252FUser%252Findex%26phone%3D1%26wechat%3D%26nickname%3D%26email%3D
INFO: [ app_init ] --START--
INFO: Run Behavior\BuildLiteBehavior [ RunTime:0.000013s ]
INFO: [ app_init ] --END-- [ RunTime:0.000462s ]

[ 2016-08-19T11:19:19+08:00 ] ::1 /agency/index.php?s=Home/Home/logout
INFO: [ app_init ] --START--
INFO: Run Behavior\BuildLiteBehavior [ RunTime:0.000014s ]
INFO: [ app_init ] --END-- [ RunTime:0.000308s ]

[ 2016-08-19T11:19:19+08:00 ] ::1 /agency/index.php?s=Home/Home/login
INFO: [ app_init ] --START--
INFO: Run Behavior\BuildLiteBehavior [ RunTime:0.000008s ]
INFO: [ app_init ] --END-- [ RunTime:0.000179s ]

[ 2016-08-19T11:19:25+08:00 ] ::1 /agency/index.php?s=Home/Home/login
INFO: [ app_init ] --START--
INFO: Run Behavior\BuildLiteBehavior [ RunTime:0.000011s ]
INFO: [ app_init ] --END-- [ RunTime:0.000222s ]

[ 2016-08-19T11:19:25+08:00 ] ::1 /agency/index.php?s=Home/Index/index
INFO: [ app_init ] --START--
INFO: Run Behavior\BuildLiteBehavior [ RunTime:0.000010s ]
INFO: [ app_init ] --END-- [ RunTime:0.000188s ]

[ 2016-08-19T11:19:29+08:00 ] ::1 /agency/index.php?s=/Home/User
INFO: [ app_init ] --START--
INFO: Run Behavior\BuildLiteBehavior [ RunTime:0.000010s ]
INFO: [ app_init ] --END-- [ RunTime:0.000209s ]

[ 2016-08-19T11:19:32+08:00 ] ::1 /agency/index.php?s=%2FHome%2FUser%2Findex&phone=1&wechat=&nickname=&email=
INFO: [ app_init ] --START--
INFO: Run Behavior\BuildLiteBehavior [ RunTime:0.000013s ]
INFO: [ app_init ] --END-- [ RunTime:0.000210s ]

[ 2016-08-19T11:19:36+08:00 ] ::1 /agency/index.php?s=/Home/User/order&uid=1&ret=%2Fagency%2Findex.php%3Fs%3D%252FHome%252FUser%252Findex%26phone%3D1%26wechat%3D%26nickname%3D%26email%3D
INFO: [ app_init ] --START--
INFO: Run Behavior\BuildLiteBehavior [ RunTime:0.000042s ]
INFO: [ app_init ] --END-- [ RunTime:0.000810s ]

[ 2016-08-19T11:19:48+08:00 ] ::1 /agency/index.php?s=/Home/User/order&uid=1&ret=%2Fagency%2Findex.php%3Fs%3D%252FHome%252FUser%252Findex%26phone%3D1%26wechat%3D%26nickname%3D%26email%3D
INFO: [ app_init ] --START--
INFO: Run Behavior\BuildLiteBehavior [ RunTime:0.000010s ]
INFO: [ app_init ] --END-- [ RunTime:0.000234s ]

[ 2016-08-19T11:20:12+08:00 ] ::1 /agency/index.php?s=/Home/User/order&uid=1&ret=%2Fagency%2Findex.php%3Fs%3D%252FHome%252FUser%252Findex%26phone%3D1%26wechat%3D%26nickname%3D%26email%3D
INFO: [ app_init ] --START--
INFO: Run Behavior\BuildLiteBehavior [ RunTime:0.000012s ]
INFO: [ app_init ] --END-- [ RunTime:0.000241s ]

[ 2016-08-19T11:32:34+08:00 ] ::1 /agency/index.php?s=/Home/User/order&uid=1&ret=%2Fagency%2Findex.php%3Fs%3D%252FHome%252FUser%252Findex%26phone%3D1%26wechat%3D%26nickname%3D%26email%3D
INFO: [ app_init ] --START--
INFO: Run Behavior\BuildLiteBehavior [ RunTime:0.000011s ]
INFO: [ app_init ] --END-- [ RunTime:0.000405s ]

[ 2016-08-19T11:34:04+08:00 ] ::1 /agency/index.php?s=/Home/User/order&uid=1&ret=%2Fagency%2Findex.php%3Fs%3D%252FHome%252FUser%252Findex%26phone%3D1%26wechat%3D%26nickname%3D%26email%3D
INFO: [ app_init ] --START--
INFO: Run Behavior\BuildLiteBehavior [ RunTime:0.000010s ]
INFO: [ app_init ] --END-- [ RunTime:0.000255s ]

[ 2016-08-19T11:34:46+08:00 ] ::1 /agency/index.php?s=/Home/User/order&uid=1&ret=%2Fagency%2Findex.php%3Fs%3D%252FHome%252FUser%252Findex%26phone%3D1%26wechat%3D%26nickname%3D%26email%3D
INFO: [ app_init ] --START--
INFO: Run Behavior\BuildLiteBehavior [ RunTime:0.000016s ]
INFO: [ app_init ] --END-- [ RunTime:0.000319s ]

[ 2016-08-19T11:34:49+08:00 ] ::1 /agency/index.php?s=/Home/User/order&uid=1&ret=%2Fagency%2Findex.php%3Fs%3D%252FHome%252FUser%252Findex%26phone%3D1%26wechat%3D%26nickname%3D%26email%3D
INFO: [ app_init ] --START--
INFO: Run Behavior\BuildLiteBehavior [ RunTime:0.000035s ]
INFO: [ app_init ] --END-- [ RunTime:0.000305s ]

[ 2016-08-19T11:34:55+08:00 ] ::1 /agency/index.php?s=/Home/User/order&uid=1&ret=%2Fagency%2Findex.php%3Fs%3D%252FHome%252FUser%252Findex%26phone%3D1%26wechat%3D%26nickname%3D%26email%3D
INFO: [ app_init ] --START--
INFO: Run Behavior\BuildLiteBehavior [ RunTime:0.000011s ]
INFO: [ app_init ] --END-- [ RunTime:0.000244s ]

[ 2016-08-19T11:35:00+08:00 ] ::1 /agency/index.php?s=/Home/User/order&uid=1&ret=%2Fagency%2Findex.php%3Fs%3D%252FHome%252FUser%252Findex%26phone%3D1%26wechat%3D%26nickname%3D%26email%3D
INFO: [ app_init ] --START--
INFO: Run Behavior\BuildLiteBehavior [ RunTime:0.000013s ]
INFO: [ app_init ] --END-- [ RunTime:0.000230s ]

[ 2016-08-19T11:35:35+08:00 ] ::1 /agency/index.php?s=/Home/User/order&uid=1&ret=%2Fagency%2Findex.php%3Fs%3D%252FHome%252FUser%252Findex%26phone%3D1%26wechat%3D%26nickname%3D%26email%3D
INFO: [ app_init ] --START--
INFO: Run Behavior\BuildLiteBehavior [ RunTime:0.000018s ]
INFO: [ app_init ] --END-- [ RunTime:0.000770s ]

[ 2016-08-19T11:35:40+08:00 ] ::1 /agency/index.php?s=/Home/User/order&uid=1&ret=%2Fagency%2Findex.php%3Fs%3D%252FHome%252FUser%252Findex%26phone%3D1%26wechat%3D%26nickname%3D%26email%3D
INFO: [ app_init ] --START--
INFO: Run Behavior\BuildLiteBehavior [ RunTime:0.000009s ]
INFO: [ app_init ] --END-- [ RunTime:0.000179s ]

[ 2016-08-19T11:50:02+08:00 ] ::1 /agency/index.php?s=/Home/User/order&uid=1&ret=%2Fagency%2Findex.php%3Fs%3D%252FHome%252FUser%252Findex%26phone%3D1%26wechat%3D%26nickname%3D%26email%3D
INFO: [ app_init ] --START--
INFO: Run Behavior\BuildLiteBehavior [ RunTime:0.000014s ]
INFO: [ app_init ] --END-- [ RunTime:0.000562s ]

[ 2016-08-19T11:54:28+08:00 ] ::1 /agency/index.php?s=/Home/User/order&uid=1&ret=%2Fagency%2Findex.php%3Fs%3D%252FHome%252FUser%252Findex%26phone%3D1%26wechat%3D%26nickname%3D%26email%3D
INFO: [ app_init ] --START--
INFO: Run Behavior\BuildLiteBehavior [ RunTime:0.000009s ]
INFO: [ app_init ] --END-- [ RunTime:0.000187s ]

[ 2016-08-19T11:54:31+08:00 ] ::1 /agency/index.php?s=%2FHome%2FUser%2Findex&phone=1&wechat=&nickname=&email=
INFO: [ app_init ] --START--
INFO: Run Behavior\BuildLiteBehavior [ RunTime:0.000010s ]
INFO: [ app_init ] --END-- [ RunTime:0.000189s ]

[ 2016-08-19T11:55:33+08:00 ] ::1 /agency/index.php?s=%2FHome%2FUser%2Findex&phone=1&wechat=&nickname=&email=
INFO: [ app_init ] --START--
INFO: Run Behavior\BuildLiteBehavior [ RunTime:0.000011s ]
INFO: [ app_init ] --END-- [ RunTime:0.000389s ]

[ 2016-08-19T11:56:14+08:00 ] ::1 /agency/index.php?s=/Home/order&uid=1
INFO: [ app_init ] --START--
INFO: Run Behavior\BuildLiteBehavior [ RunTime:0.000009s ]
INFO: [ app_init ] --END-- [ RunTime:0.000192s ]
ERR: 无法加载控制器:Order

[ 2016-08-19T12:04:54+08:00 ] ::1 /agency/index.php?s=%2FHome%2FUser%2Findex&phone=1&wechat=&nickname=&email=
INFO: [ app_init ] --START--
INFO: Run Behavior\BuildLiteBehavior [ RunTime:0.000012s ]
INFO: [ app_init ] --END-- [ RunTime:0.000399s ]

[ 2016-08-19T12:09:38+08:00 ] ::1 /agency/index.php?s=/Home/User/order&uid=1&ret=%2Fagency%2Findex.php%3Fs%3D%252FHome%252FUser%252Findex%26phone%3D1%26wechat%3D%26nickname%3D%26email%3D
INFO: [ app_init ] --START--
INFO: Run Behavior\BuildLiteBehavior [ RunTime:0.000013s ]
INFO: [ app_init ] --END-- [ RunTime:0.000484s ]

[ 2016-08-19T12:10:01+08:00 ] ::1 /agency/index.php?s=/Home/User/order&uid=1&ret=%2Fagency%2Findex.php%3Fs%3D%252FHome%252FUser%252Findex%26phone%3D1%26wechat%3D%26nickname%3D%26email%3D
INFO: [ app_init ] --START--
INFO: Run Behavior\BuildLiteBehavior [ RunTime:0.000008s ]
INFO: [ app_init ] --END-- [ RunTime:0.000184s ]

[ 2016-08-19T12:10:35+08:00 ] ::1 /agency/index.php?s=%2FHome%2FUser%2Findex&phone=1&wechat=&nickname=&email=
INFO: [ app_init ] --START--
INFO: Run Behavior\BuildLiteBehavior [ RunTime:0.000009s ]
INFO: [ app_init ] --END-- [ RunTime:0.000196s ]

[ 2016-08-19T14:55:00+08:00 ] ::1 /agency/index.php?s=/Home/order&uid=1
INFO: [ app_init ] --START--
INFO: Run Behavior\BuildLiteBehavior [ RunTime:0.000014s ]
INFO: [ app_init ] --END-- [ RunTime:0.000515s ]
ERR: 1054:Unknown column 'o.uid' in 'where clause'
 [ SQL语句 ] : SELECT * FROM `orders` INNER JOIN `users` `u` ON `u`.`uid`=`o`.`uid`  WHERE o.uid = '1' ORDER BY o.ctime desc LIMIT 0,20  
ERR: 1054:Unknown column 'o.uid' in 'where clause'
 [ SQL语句 ] : SELECT * FROM `orders` INNER JOIN `users` `u` ON `u`.`uid`=`o`.`uid`  WHERE o.uid = '1' ORDER BY o.ctime desc LIMIT 0,20  

[ 2016-08-19T14:57:37+08:00 ] ::1 /agency/index.php?s=/Home/order&uid=1
INFO: [ app_init ] --START--
INFO: Run Behavior\BuildLiteBehavior [ RunTime:0.000014s ]
INFO: [ app_init ] --END-- [ RunTime:0.000564s ]
ERR: 1103:Incorrect table name ''
 [ SQL语句 ] : SHOW COLUMNS FROM ``orders``
ERR: 1103:Incorrect table name ''
 [ SQL语句 ] : SHOW COLUMNS FROM ``orders``

[ 2016-08-19T14:57:48+08:00 ] ::1 /agency/index.php?s=/Home/order&uid=1
INFO: [ app_init ] --START--
INFO: Run Behavior\BuildLiteBehavior [ RunTime:0.000009s ]
INFO: [ app_init ] --END-- [ RunTime:0.000295s ]

[ 2016-08-19T14:58:01+08:00 ] ::1 /agency/index.php?s=/Home/order&uid=1
INFO: [ app_init ] --START--
INFO: Run Behavior\BuildLiteBehavior [ RunTime:0.000016s ]
INFO: [ app_init ] --END-- [ RunTime:0.000564s ]

[ 2016-08-19T14:58:27+08:00 ] ::1 /agency/index.php?s=/Home/order&uid=1
INFO: [ app_init ] --START--
INFO: Run Behavior\BuildLiteBehavior [ RunTime:0.000010s ]
INFO: [ app_init ] --END-- [ RunTime:0.000284s ]

[ 2016-08-19T14:58:50+08:00 ] ::1 /agency/index.php?s=/Home/order&uid=1
INFO: [ app_init ] --START--
INFO: Run Behavior\BuildLiteBehavior [ RunTime:0.000017s ]
INFO: [ app_init ] --END-- [ RunTime:0.000586s ]

[ 2016-08-19T14:59:14+08:00 ] ::1 /agency/index.php?s=/Home/order&uid=1
INFO: [ app_init ] --START--
INFO: Run Behavior\BuildLiteBehavior [ RunTime:0.000013s ]
INFO: [ app_init ] --END-- [ RunTime:0.000413s ]

[ 2016-08-19T14:59:16+08:00 ] ::1 /agency/index.php?s=/Home/order&uid=1
INFO: [ app_init ] --START--
INFO: Run Behavior\BuildLiteBehavior [ RunTime:0.000008s ]
INFO: [ app_init ] --END-- [ RunTime:0.000178s ]

[ 2016-08-19T14:59:24+08:00 ] ::1 /agency/index.php?s=/Home/order&uid=1
INFO: [ app_init ] --START--
INFO: Run Behavior\BuildLiteBehavior [ RunTime:0.000010s ]
INFO: [ app_init ] --END-- [ RunTime:0.000280s ]

[ 2016-08-19T14:59:40+08:00 ] ::1 /agency/index.php?s=/Home/order&uid=1
INFO: [ app_init ] --START--
INFO: Run Behavior\BuildLiteBehavior [ RunTime:0.000011s ]
INFO: [ app_init ] --END-- [ RunTime:0.000302s ]

[ 2016-08-19T15:00:13+08:00 ] ::1 /agency/index.php?s=/Home/order&uid=1
INFO: [ app_init ] --START--
INFO: Run Behavior\BuildLiteBehavior [ RunTime:0.000031s ]
INFO: [ app_init ] --END-- [ RunTime:0.001264s ]

[ 2016-08-19T15:00:39+08:00 ] ::1 /agency/index.php?s=/Home/order&uid=1
INFO: [ app_init ] --START--
INFO: Run Behavior\BuildLiteBehavior [ RunTime:0.000009s ]
INFO: [ app_init ] --END-- [ RunTime:0.000271s ]

[ 2016-08-19T15:02:25+08:00 ] ::1 /agency/index.php?s=/Home/order&uid=1
INFO: [ app_init ] --START--
INFO: Run Behavior\BuildLiteBehavior [ RunTime:0.000014s ]
INFO: [ app_init ] --END-- [ RunTime:0.000484s ]

[ 2016-08-19T15:21:24+08:00 ] ::1 /agency/index.php?s=/Home/order&uid=1
INFO: [ app_init ] --START--
INFO: Run Behavior\BuildLiteBehavior [ RunTime:0.000014s ]
INFO: [ app_init ] --END-- [ RunTime:0.000627s ]

[ 2016-08-19T15:23:11+08:00 ] ::1 /agency/index.php?s=/Home/order&uid=1
INFO: [ app_init ] --START--
INFO: Run Behavior\BuildLiteBehavior [ RunTime:0.000066s ]
INFO: [ app_init ] --END-- [ RunTime:0.001690s ]

[ 2016-08-19T15:24:18+08:00 ] ::1 /agency/index.php?s=/Home/order&uid=1
INFO: [ app_init ] --START--
INFO: Run Behavior\BuildLiteBehavior [ RunTime:0.000012s ]
INFO: [ app_init ] --END-- [ RunTime:0.000494s ]

[ 2016-08-19T15:24:47+08:00 ] ::1 /agency/index.php?s=/Home/order&uid=1
INFO: [ app_init ] --START--
INFO: Run Behavior\BuildLiteBehavior [ RunTime:0.000010s ]
INFO: [ app_init ] --END-- [ RunTime:0.000318s ]

[ 2016-08-19T15:25:37+08:00 ] ::1 /agency/index.php?s=/Home/order&uid=1
INFO: [ app_init ] --START--
INFO: Run Behavior\BuildLiteBehavior [ RunTime:0.000014s ]
INFO: [ app_init ] --END-- [ RunTime:0.000537s ]

[ 2016-08-19T15:27:08+08:00 ] ::1 /agency/index.php?s=/Home/order&uid=1
INFO: [ app_init ] --START--
INFO: Run Behavior\BuildLiteBehavior [ RunTime:0.000011s ]
INFO: [ app_init ] --END-- [ RunTime:0.000309s ]
ERR: 1054:Unknown column 'e' in 'field list'
 [ SQL语句 ] : SELECT `u`.*,`o`.*,`e`,`track_id` FROM orders o INNER JOIN `users` `u` ON `u`.`uid`=`o`.`uid` left join `expresses` `e` ON `e`.`eid`=`o`.`eid`  WHERE o.uid = '1' ORDER BY o.ctime desc 
ERR: 1054:Unknown column 'e' in 'field list'
 [ SQL语句 ] : SELECT `u`.*,`o`.*,`e`,`track_id` FROM orders o INNER JOIN `users` `u` ON `u`.`uid`=`o`.`uid` left join `expresses` `e` ON `e`.`eid`=`o`.`eid`  WHERE o.uid = '1' ORDER BY o.ctime desc 

[ 2016-08-19T15:27:27+08:00 ] ::1 /agency/index.php?s=/Home/order&uid=1
INFO: [ app_init ] --START--
INFO: Run Behavior\BuildLiteBehavior [ RunTime:0.000050s ]
INFO: [ app_init ] --END-- [ RunTime:0.000724s ]

[ 2016-08-19T15:28:15+08:00 ] ::1 /agency/index.php?s=/Home/order&uid=1
INFO: [ app_init ] --START--
INFO: Run Behavior\BuildLiteBehavior [ RunTime:0.000012s ]
INFO: [ app_init ] --END-- [ RunTime:0.000423s ]

[ 2016-08-19T15:28:27+08:00 ] ::1 /agency/index.php?s=/Home/Order/edit&uid=1&ret=%2Fagency%2Findex.php%3Fs%3D%2FHome%2Forder%26uid%3D1
INFO: [ app_init ] --START--
INFO: Run Behavior\BuildLiteBehavior [ RunTime:0.000007s ]
INFO: [ app_init ] --END-- [ RunTime:0.000178s ]

[ 2016-08-19T15:28:29+08:00 ] ::1 /agency/index.php?s=/Home/order&uid=1
INFO: [ app_init ] --START--
INFO: Run Behavior\BuildLiteBehavior [ RunTime:0.000011s ]
INFO: [ app_init ] --END-- [ RunTime:0.000211s ]

[ 2016-08-19T15:34:07+08:00 ] ::1 /agency/index.php?s=/Home/order&uid=1
INFO: [ app_init ] --START--
INFO: Run Behavior\BuildLiteBehavior [ RunTime:0.000012s ]
INFO: [ app_init ] --END-- [ RunTime:0.000512s ]

[ 2016-08-19T15:35:31+08:00 ] ::1 /agency/index.php?s=/Home/order&uid=1
INFO: [ app_init ] --START--
INFO: Run Behavior\BuildLiteBehavior [ RunTime:0.000013s ]
INFO: [ app_init ] --END-- [ RunTime:0.000427s ]

[ 2016-08-19T15:39:30+08:00 ] ::1 /agency/index.php?s=/Home/order&uid=1
INFO: [ app_init ] --START--
INFO: Run Behavior\BuildLiteBehavior [ RunTime:0.000014s ]
INFO: [ app_init ] --END-- [ RunTime:0.000573s ]

[ 2016-08-19T15:42:38+08:00 ] ::1 /agency/index.php?s=/Home/order&uid=1
INFO: [ app_init ] --START--
INFO: Run Behavior\BuildLiteBehavior [ RunTime:0.000014s ]
INFO: [ app_init ] --END-- [ RunTime:0.000593s ]

[ 2016-08-19T15:42:50+08:00 ] ::1 /agency/index.php?s=/Home/order&uid=1
INFO: [ app_init ] --START--
INFO: Run Behavior\BuildLiteBehavior [ RunTime:0.000014s ]
INFO: [ app_init ] --END-- [ RunTime:0.001132s ]

[ 2016-08-19T15:44:11+08:00 ] ::1 /agency/index.php?s=/Home/order&uid=1
INFO: [ app_init ] --START--
INFO: Run Behavior\BuildLiteBehavior [ RunTime:0.000011s ]
INFO: [ app_init ] --END-- [ RunTime:0.000323s ]

[ 2016-08-19T15:45:39+08:00 ] ::1 /agency/index.php?s=/Home/order&uid=1
INFO: [ app_init ] --START--
INFO: Run Behavior\BuildLiteBehavior [ RunTime:0.000014s ]
INFO: [ app_init ] --END-- [ RunTime:0.000560s ]

[ 2016-08-19T15:46:02+08:00 ] ::1 /agency/index.php?s=%2FHome%2FOrder%2Findex&type=%E9%9E%8B&brand=&product=&status=
INFO: [ app_init ] --START--
INFO: Run Behavior\BuildLiteBehavior [ RunTime:0.000035s ]
INFO: [ app_init ] --END-- [ RunTime:0.001170s ]

[ 2016-08-19T15:46:04+08:00 ] ::1 /agency/index.php?s=%2FHome%2FOrder%2Findex&type=%E9%9E%8B&brand=&product=&status=
INFO: [ app_init ] --START--
INFO: Run Behavior\BuildLiteBehavior [ RunTime:0.000008s ]
INFO: [ app_init ] --END-- [ RunTime:0.000178s ]

[ 2016-08-19T15:46:07+08:00 ] ::1 /agency/index.php?s=%2FHome%2FOrder%2Findex&type=%E9%9E%8B&brand=&product=&status=0
INFO: [ app_init ] --START--
INFO: Run Behavior\BuildLiteBehavior [ RunTime:0.000010s ]
INFO: [ app_init ] --END-- [ RunTime:0.000267s ]

[ 2016-08-19T15:46:12+08:00 ] ::1 /agency/index.php?s=%2FHome%2FOrder%2Findex&type=%E9%9E%8B&brand=&product=&status=0
INFO: [ app_init ] --START--
INFO: Run Behavior\BuildLiteBehavior [ RunTime:0.000011s ]
INFO: [ app_init ] --END-- [ RunTime:0.000201s ]

[ 2016-08-19T15:46:42+08:00 ] ::1 /agency/index.php?s=%2FHome%2FOrder%2Findex&type=%E9%9E%8B&brand=&product=&status=1
INFO: [ app_init ] --START--
INFO: Run Behavior\BuildLiteBehavior [ RunTime:0.000012s ]
INFO: [ app_init ] --END-- [ RunTime:0.000538s ]

[ 2016-08-19T15:47:26+08:00 ] ::1 /agency/index.php?s=%2FHome%2FOrder%2Findex&type=%E9%9E%8B&brand=&product=&status=-1
INFO: [ app_init ] --START--
INFO: Run Behavior\BuildLiteBehavior [ RunTime:0.000039s ]
INFO: [ app_init ] --END-- [ RunTime:0.001480s ]

[ 2016-08-19T15:47:29+08:00 ] ::1 /agency/index.php?s=%2FHome%2FOrder%2Findex&type=%E9%9E%8B&brand=&product=&status=1
INFO: [ app_init ] --START--
INFO: Run Behavior\BuildLiteBehavior [ RunTime:0.000011s ]
INFO: [ app_init ] --END-- [ RunTime:0.000203s ]

[ 2016-08-19T15:48:02+08:00 ] ::1 /agency/index.php?s=%2FHome%2FOrder%2Findex&type=%E9%9E%8B&brand=&product=&status=0
INFO: [ app_init ] --START--
INFO: Run Behavior\BuildLiteBehavior [ RunTime:0.000013s ]
INFO: [ app_init ] --END-- [ RunTime:0.000443s ]

[ 2016-08-19T15:50:10+08:00 ] ::1 /agency/index.php?s=%2FHome%2FOrder%2Findex&type=%E9%9E%8B&brand=&product=&status=0
INFO: [ app_init ] --START--
INFO: Run Behavior\BuildLiteBehavior [ RunTime:0.000010s ]
INFO: [ app_init ] --END-- [ RunTime:0.000533s ]

[ 2016-08-19T15:51:56+08:00 ] ::1 /agency/index.php?s=%2FHome%2FOrder%2Findex&type=%E9%9E%8B&brand=&product=&status=0
INFO: [ app_init ] --START--
INFO: Run Behavior\BuildLiteBehavior [ RunTime:0.000013s ]
INFO: [ app_init ] --END-- [ RunTime:0.000518s ]

[ 2016-08-19T15:52:09+08:00 ] ::1 /agency/index.php?s=%2FHome%2FOrder%2Findex&type=%E9%9E%8B&brand=&product=&status=0
INFO: [ app_init ] --START--
INFO: Run Behavior\BuildLiteBehavior [ RunTime:0.000009s ]
INFO: [ app_init ] --END-- [ RunTime:0.000280s ]

[ 2016-08-19T15:53:05+08:00 ] ::1 /agency/index.php?s=%2FHome%2FOrder%2Findex&type=%E9%9E%8B&brand=&product=&status=0
INFO: [ app_init ] --START--
INFO: Run Behavior\BuildLiteBehavior [ RunTime:0.000042s ]
INFO: [ app_init ] --END-- [ RunTime:0.001439s ]

[ 2016-08-19T15:54:04+08:00 ] ::1 /agency/index.php?s=%2FHome%2FOrder%2Findex&type=%E9%9E%8B&brand=&product=&status=0
INFO: [ app_init ] --START--
INFO: Run Behavior\BuildLiteBehavior [ RunTime:0.000012s ]
INFO: [ app_init ] --END-- [ RunTime:0.000531s ]

[ 2016-08-19T15:54:18+08:00 ] ::1 /agency/index.php?s=%2FHome%2FOrder%2Findex&type=%E9%9E%8B&brand=&product=&status=0
INFO: [ app_init ] --START--
INFO: Run Behavior\BuildLiteBehavior [ RunTime:0.000009s ]
INFO: [ app_init ] --END-- [ RunTime:0.000310s ]

[ 2016-08-19T15:54:36+08:00 ] ::1 /agency/index.php?s=%2FHome%2FOrder%2Findex&type=%E9%9E%8B&brand=&product=&status=0
INFO: [ app_init ] --START--
INFO: Run Behavior\BuildLiteBehavior [ RunTime:0.000016s ]
INFO: [ app_init ] --END-- [ RunTime:0.000459s ]

[ 2016-08-19T15:54:44+08:00 ] ::1 /agency/index.php?s=%2FHome%2FOrder%2Findex&type=%E9%9E%8B&brand=&product=&status=0
INFO: [ app_init ] --START--
INFO: Run Behavior\BuildLiteBehavior [ RunTime:0.000009s ]
INFO: [ app_init ] --END-- [ RunTime:0.000294s ]

[ 2016-08-19T15:55:01+08:00 ] ::1 /agency/index.php?s=%2FHome%2FOrder%2Findex&type=%E9%9E%8B&brand=&product=&status=0
INFO: [ app_init ] --START--
INFO: Run Behavior\BuildLiteBehavior [ RunTime:0.000015s ]
INFO: [ app_init ] --END-- [ RunTime:0.001118s ]

[ 2016-08-19T15:55:41+08:00 ] ::1 /agency/index.php?s=%2FHome%2FOrder%2Findex&type=%E9%9E%8B&brand=&product=&status=0
INFO: [ app_init ] --START--
INFO: Run Behavior\BuildLiteBehavior [ RunTime:0.000013s ]
INFO: [ app_init ] --END-- [ RunTime:0.000484s ]

[ 2016-08-19T15:55:42+08:00 ] ::1 /agency/index.php?s=%2FHome%2FOrder%2Findex&type=%E9%9E%8B&brand=&product=&status=0
INFO: [ app_init ] --START--
INFO: Run Behavior\BuildLiteBehavior [ RunTime:0.000012s ]
INFO: [ app_init ] --END-- [ RunTime:0.000234s ]

[ 2016-08-19T15:55:52+08:00 ] ::1 /agency/index.php?s=%2FHome%2FOrder%2Findex&type=%E9%9E%8B&brand=&product=&status=0
INFO: [ app_init ] --START--
INFO: Run Behavior\BuildLiteBehavior [ RunTime:0.000015s ]
INFO: [ app_init ] --END-- [ RunTime:0.000490s ]

[ 2016-08-19T15:56:45+08:00 ] ::1 /agency/index.php?s=%2FHome%2FOrder%2Findex&type=%E9%9E%8B&brand=&product=&status=0
INFO: [ app_init ] --START--
INFO: Run Behavior\BuildLiteBehavior [ RunTime:0.000012s ]
INFO: [ app_init ] --END-- [ RunTime:0.000377s ]

[ 2016-08-19T15:56:50+08:00 ] ::1 /agency/index.php?s=%2FHome%2FOrder%2Findex&type=%E9%9E%8B&brand=&product=&status=0
INFO: [ app_init ] --START--
INFO: Run Behavior\BuildLiteBehavior [ RunTime:0.000013s ]
INFO: [ app_init ] --END-- [ RunTime:0.000308s ]

[ 2016-08-19T15:57:13+08:00 ] ::1 /agency/index.php?s=%2FHome%2FOrder%2Findex&type=%E9%9E%8B&brand=&product=&status=0
INFO: [ app_init ] --START--
INFO: Run Behavior\BuildLiteBehavior [ RunTime:0.000071s ]
INFO: [ app_init ] --END-- [ RunTime:0.001317s ]

[ 2016-08-19T15:58:05+08:00 ] ::1 /agency/index.php?s=%2FHome%2FOrder%2Findex&type=%E9%9E%8B&brand=&product=&status=0&starttime=2016-08-12&endtime=2016-08-19
INFO: [ app_init ] --START--
INFO: Run Behavior\BuildLiteBehavior [ RunTime:0.000013s ]
INFO: [ app_init ] --END-- [ RunTime:0.000456s ]

[ 2016-08-19T15:58:09+08:00 ] ::1 /agency/index.php?s=%2FHome%2FOrder%2Findex&type=%E9%9E%8B&brand=&product=&status=0&starttime=2016-08-12&endtime=2016-08-19
INFO: [ app_init ] --START--
INFO: Run Behavior\BuildLiteBehavior [ RunTime:0.000018s ]
INFO: [ app_init ] --END-- [ RunTime:0.000335s ]

[ 2016-08-19T15:58:11+08:00 ] ::1 /agency/index.php?s=%2FHome%2FOrder%2Findex&type=%E9%9E%8B&brand=&product=&status=0&starttime=2016-08-12&endtime=2016-08-19
INFO: [ app_init ] --START--
INFO: Run Behavior\BuildLiteBehavior [ RunTime:0.000012s ]
INFO: [ app_init ] --END-- [ RunTime:0.000303s ]

[ 2016-08-19T15:58:42+08:00 ] ::1 /agency/index.php?s=%2FHome%2FOrder%2Findex&type=%E9%9E%8B&brand=&product=&status=0&starttime=2016-08-12&endtime=2016-08-19
INFO: [ app_init ] --START--
INFO: Run Behavior\BuildLiteBehavior [ RunTime:0.000017s ]
INFO: [ app_init ] --END-- [ RunTime:0.000331s ]

[ 2016-08-19T15:59:13+08:00 ] ::1 /agency/index.php?s=/Home/Order/edit&uid=1&ret=%2Fagency%2Findex.php%3Fs%3D%252FHome%252FOrder%252Findex%26type%3D%25E9%259E%258B%26brand%3D%26product%3D%26status%3D0%26starttime%3D2016-08-12%26endtime%3D2016-08-19
INFO: [ app_init ] --START--
INFO: Run Behavior\BuildLiteBehavior [ RunTime:0.000010s ]
INFO: [ app_init ] --END-- [ RunTime:0.000511s ]

[ 2016-08-19T16:01:49+08:00 ] ::1 /agency/index.php?s=/Home/Order/edit&uid=1&ret=%2Fagency%2Findex.php%3Fs%3D%252FHome%252FOrder%252Findex%26type%3D%25E9%259E%258B%26brand%3D%26product%3D%26status%3D0%26starttime%3D2016-08-12%26endtime%3D2016-08-19
INFO: [ app_init ] --START--
INFO: Run Behavior\BuildLiteBehavior [ RunTime:0.000012s ]
INFO: [ app_init ] --END-- [ RunTime:0.000549s ]

[ 2016-08-19T16:01:51+08:00 ] ::1 /agency/index.php?s=/Home/Order/edit&uid=1&ret=%2Fagency%2Findex.php%3Fs%3D%252FHome%252FOrder%252Findex%26type%3D%25E9%259E%258B%26brand%3D%26product%3D%26status%3D0%26starttime%3D2016-08-12%26endtime%3D2016-08-19
INFO: [ app_init ] --START--
INFO: Run Behavior\BuildLiteBehavior [ RunTime:0.000010s ]
INFO: [ app_init ] --END-- [ RunTime:0.000192s ]

[ 2016-08-19T16:46:34+08:00 ] ::1 /agency/index.php?s=/Home/Order/edit&uid=1&ret=%2Fagency%2Findex.php%3Fs%3D%252FHome%252FOrder%252Findex%26type%3D%25E9%259E%258B%26brand%3D%26product%3D%26status%3D0%26starttime%3D2016-08-12%26endtime%3D2016-08-19
INFO: [ app_init ] --START--
INFO: Run Behavior\BuildLiteBehavior [ RunTime:0.000013s ]
INFO: [ app_init ] --END-- [ RunTime:0.000582s ]

[ 2016-08-19T16:47:00+08:00 ] ::1 /agency/index.php?s=/Home/Order/edit&uid=1&ret=%2Fagency%2Findex.php%3Fs%3D%252FHome%252FOrder%252Findex%26type%3D%25E9%259E%258B%26brand%3D%26product%3D%26status%3D0%26starttime%3D2016-08-12%26endtime%3D2016-08-19
INFO: [ app_init ] --START--
INFO: Run Behavior\BuildLiteBehavior [ RunTime:0.000014s ]
INFO: [ app_init ] --END-- [ RunTime:0.000604s ]

[ 2016-08-19T16:47:01+08:00 ] ::1 /agency/index.php?s=/Home/Order/edit&uid=1&ret=%2Fagency%2Findex.php%3Fs%3D%252FHome%252FOrder%252Findex%26type%3D%25E9%259E%258B%26brand%3D%26product%3D%26status%3D0%26starttime%3D2016-08-12%26endtime%3D2016-08-19
INFO: [ app_init ] --START--
INFO: Run Behavior\BuildLiteBehavior [ RunTime:0.000007s ]
INFO: [ app_init ] --END-- [ RunTime:0.000177s ]

[ 2016-08-19T16:47:41+08:00 ] ::1 /agency/index.php?s=/Home/Order/edit&uid=1&ret=%2Fagency%2Findex.php%3Fs%3D%252FHome%252FOrder%252Findex%26type%3D%25E9%259E%258B%26brand%3D%26product%3D%26status%3D0%26starttime%3D2016-08-12%26endtime%3D2016-08-19
INFO: [ app_init ] --START--
INFO: Run Behavior\BuildLiteBehavior [ RunTime:0.000013s ]
INFO: [ app_init ] --END-- [ RunTime:0.000547s ]

[ 2016-08-19T16:48:10+08:00 ] ::1 /agency/index.php?s=%2FHome%2FOrder%2Findex&type=%E9%9E%8B&brand=&product=&status=0&starttime=2016-08-12&endtime=2016-08-19
INFO: [ app_init ] --START--
INFO: Run Behavior\BuildLiteBehavior [ RunTime:0.000011s ]
INFO: [ app_init ] --END-- [ RunTime:0.000549s ]

[ 2016-08-19T16:48:31+08:00 ] ::1 /agency/index.php?s=%2FHome%2FOrder%2Findex&type=%E9%9E%8B&brand=&product=&status=0&starttime=2016-08-12&endtime=2016-08-19
INFO: [ app_init ] --START--
INFO: Run Behavior\BuildLiteBehavior [ RunTime:0.000014s ]
INFO: [ app_init ] --END-- [ RunTime:0.000583s ]

[ 2016-08-19T16:48:32+08:00 ] ::1 /agency/index.php?s=/Home/Order/edit&oid=1&ret=%2Fagency%2Findex.php%3Fs%3D%252FHome%252FOrder%252Findex%26type%3D%25E9%259E%258B%26brand%3D%26product%3D%26status%3D0%26starttime%3D2016-08-12%26endtime%3D2016-08-19
INFO: [ app_init ] --START--
INFO: Run Behavior\BuildLiteBehavior [ RunTime:0.000021s ]
INFO: [ app_init ] --END-- [ RunTime:0.000367s ]

[ 2016-08-19T16:49:29+08:00 ] ::1 /agency/index.php?s=/Home/Order/edit&oid=1&ret=%2Fagency%2Findex.php%3Fs%3D%252FHome%252FOrder%252Findex%26type%3D%25E9%259E%258B%26brand%3D%26product%3D%26status%3D0%26starttime%3D2016-08-12%26endtime%3D2016-08-19
INFO: [ app_init ] --START--
INFO: Run Behavior\BuildLiteBehavior [ RunTime:0.000014s ]
INFO: [ app_init ] --END-- [ RunTime:0.000528s ]

[ 2016-08-19T16:50:08+08:00 ] ::1 /agency/index.php?s=/Home/Order/edit&oid=1&ret=%2Fagency%2Findex.php%3Fs%3D%252FHome%252FOrder%252Findex%26type%3D%25E9%259E%258B%26brand%3D%26product%3D%26status%3D0%26starttime%3D2016-08-12%26endtime%3D2016-08-19
INFO: [ app_init ] --START--
INFO: Run Behavior\BuildLiteBehavior [ RunTime:0.000022s ]
INFO: [ app_init ] --END-- [ RunTime:0.000907s ]

[ 2016-08-19T16:51:02+08:00 ] ::1 /agency/index.php?s=/Home/Order/edit&oid=1&ret=%2Fagency%2Findex.php%3Fs%3D%252FHome%252FOrder%252Findex%26type%3D%25E9%259E%258B%26brand%3D%26product%3D%26status%3D0%26starttime%3D2016-08-12%26endtime%3D2016-08-19
INFO: [ app_init ] --START--
INFO: Run Behavior\BuildLiteBehavior [ RunTime:0.000014s ]
INFO: [ app_init ] --END-- [ RunTime:0.000497s ]

[ 2016-08-19T16:52:06+08:00 ] ::1 /agency/index.php?s=/Home/Order/edit&oid=1&ret=%2Fagency%2Findex.php%3Fs%3D%252FHome%252FOrder%252Findex%26type%3D%25E9%259E%258B%26brand%3D%26product%3D%26status%3D0%26starttime%3D2016-08-12%26endtime%3D2016-08-19
INFO: [ app_init ] --START--
INFO: Run Behavior\BuildLiteBehavior [ RunTime:0.000011s ]
INFO: [ app_init ] --END-- [ RunTime:0.000475s ]

[ 2016-08-19T16:52:07+08:00 ] ::1 /agency/index.php?s=/Home/Order/edit&oid=1&ret=%2Fagency%2Findex.php%3Fs%3D%252FHome%252FOrder%252Findex%26type%3D%25E9%259E%258B%26brand%3D%26product%3D%26status%3D0%26starttime%3D2016-08-12%26endtime%3D2016-08-19
INFO: [ app_init ] --START--
INFO: Run Behavior\BuildLiteBehavior [ RunTime:0.000008s ]
INFO: [ app_init ] --END-- [ RunTime:0.000180s ]

[ 2016-08-19T16:52:08+08:00 ] ::1 /agency/index.php?s=/Home/Order/edit&oid=1&ret=%2Fagency%2Findex.php%3Fs%3D%252FHome%252FOrder%252Findex%26type%3D%25E9%259E%258B%26brand%3D%26product%3D%26status%3D0%26starttime%3D2016-08-12%26endtime%3D2016-08-19
INFO: [ app_init ] --START--
INFO: Run Behavior\BuildLiteBehavior [ RunTime:0.000008s ]
INFO: [ app_init ] --END-- [ RunTime:0.000176s ]

[ 2016-08-19T16:52:27+08:00 ] ::1 /agency/index.php?s=/Home/Order/edit&oid=1&ret=%2Fagency%2Findex.php%3Fs%3D%252FHome%252FOrder%252Findex%26type%3D%25E9%259E%258B%26brand%3D%26product%3D%26status%3D0%26starttime%3D2016-08-12%26endtime%3D2016-08-19
INFO: [ app_init ] --START--
INFO: Run Behavior\BuildLiteBehavior [ RunTime:0.000030s ]
INFO: [ app_init ] --END-- [ RunTime:0.000993s ]

[ 2016-08-19T16:53:30+08:00 ] ::1 /agency/index.php?s=/Home/Order/edit&oid=1&ret=%2Fagency%2Findex.php%3Fs%3D%252FHome%252FOrder%252Findex%26type%3D%25E9%259E%258B%26brand%3D%26product%3D%26status%3D0%26starttime%3D2016-08-12%26endtime%3D2016-08-19
INFO: [ app_init ] --START--
INFO: Run Behavior\BuildLiteBehavior [ RunTime:0.000014s ]
INFO: [ app_init ] --END-- [ RunTime:0.000543s ]
ERR: 1146:Table 'agency.user' doesn't exist
 [ SQL语句 ] : SHOW COLUMNS FROM `user`
ERR: 1146:Table 'agency.user' doesn't exist
 [ SQL语句 ] : SHOW COLUMNS FROM `user`

[ 2016-08-19T16:53:37+08:00 ] ::1 /agency/index.php?s=/Home/Order/edit&oid=1&ret=%2Fagency%2Findex.php%3Fs%3D%252FHome%252FOrder%252Findex%26type%3D%25E9%259E%258B%26brand%3D%26product%3D%26status%3D0%26starttime%3D2016-08-12%26endtime%3D2016-08-19
INFO: [ app_init ] --START--
INFO: Run Behavior\BuildLiteBehavior [ RunTime:0.000009s ]
INFO: [ app_init ] --END-- [ RunTime:0.000280s ]

[ 2016-08-19T16:53:49+08:00 ] ::1 /agency/index.php?s=/Home/Order/edit&oid=1&ret=%2Fagency%2Findex.php%3Fs%3D%252FHome%252FOrder%252Findex%26type%3D%25E9%259E%258B%26brand%3D%26product%3D%26status%3D0%26starttime%3D2016-08-12%26endtime%3D2016-08-19
INFO: [ app_init ] --START--
INFO: Run Behavior\BuildLiteBehavior [ RunTime:0.000009s ]
INFO: [ app_init ] --END-- [ RunTime:0.000281s ]

[ 2016-08-19T16:54:56+08:00 ] ::1 /agency/index.php?s=/Home/Order/edit&oid=1&ret=%2Fagency%2Findex.php%3Fs%3D%252FHome%252FOrder%252Findex%26type%3D%25E9%259E%258B%26brand%3D%26product%3D%26status%3D0%26starttime%3D2016-08-12%26endtime%3D2016-08-19
INFO: [ app_init ] --START--
INFO: Run Behavior\BuildLiteBehavior [ RunTime:0.000013s ]
INFO: [ app_init ] --END-- [ RunTime:0.000570s ]

[ 2016-08-19T16:55:20+08:00 ] ::1 /agency/index.php?s=/Home/Order/edit&oid=1&ret=%2Fagency%2Findex.php%3Fs%3D%252FHome%252FOrder%252Findex%26type%3D%25E9%259E%258B%26brand%3D%26product%3D%26status%3D0%26starttime%3D2016-08-12%26endtime%3D2016-08-19
INFO: [ app_init ] --START--
INFO: Run Behavior\BuildLiteBehavior [ RunTime:0.000015s ]
INFO: [ app_init ] --END-- [ RunTime:0.001435s ]

[ 2016-08-19T16:55:31+08:00 ] ::1 /agency/index.php?s=/Home/Order/edit&oid=1&ret=%2Fagency%2Findex.php%3Fs%3D%252FHome%252FOrder%252Findex%26type%3D%25E9%259E%258B%26brand%3D%26product%3D%26status%3D0%26starttime%3D2016-08-12%26endtime%3D2016-08-19
INFO: [ app_init ] --START--
INFO: Run Behavior\BuildLiteBehavior [ RunTime:0.000047s ]
INFO: [ app_init ] --END-- [ RunTime:0.000628s ]

[ 2016-08-19T16:55:39+08:00 ] ::1 /agency/index.php?s=/Home/Order/edit&oid=1&ret=%2Fagency%2Findex.php%3Fs%3D%252FHome%252FOrder%252Findex%26type%3D%25E9%259E%258B%26brand%3D%26product%3D%26status%3D0%26starttime%3D2016-08-12%26endtime%3D2016-08-19
INFO: [ app_init ] --START--
INFO: Run Behavior\BuildLiteBehavior [ RunTime:0.000010s ]
INFO: [ app_init ] --END-- [ RunTime:0.000194s ]

[ 2016-08-19T17:01:05+08:00 ] ::1 /agency/index.php?s=/Home/Order/edit&oid=1&ret=%2Fagency%2Findex.php%3Fs%3D%252FHome%252FOrder%252Findex%26type%3D%25E9%259E%258B%26brand%3D%26product%3D%26status%3D0%26starttime%3D2016-08-12%26endtime%3D2016-08-19
INFO: [ app_init ] --START--
INFO: Run Behavior\BuildLiteBehavior [ RunTime:0.000011s ]
INFO: [ app_init ] --END-- [ RunTime:0.000486s ]

[ 2016-08-19T17:01:27+08:00 ] ::1 /agency/index.php?s=/Home/Order/edit&oid=1&ret=%2Fagency%2Findex.php%3Fs%3D%252FHome%252FOrder%252Findex%26type%3D%25E9%259E%258B%26brand%3D%26product%3D%26status%3D0%26starttime%3D2016-08-12%26endtime%3D2016-08-19
INFO: [ app_init ] --START--
INFO: Run Behavior\BuildLiteBehavior [ RunTime:0.000012s ]
INFO: [ app_init ] --END-- [ RunTime:0.000515s ]

[ 2016-08-19T17:01:58+08:00 ] ::1 /agency/index.php?s=/Home/Order/edit&oid=1&ret=%2Fagency%2Findex.php%3Fs%3D%252FHome%252FOrder%252Findex%26type%3D%25E9%259E%258B%26brand%3D%26product%3D%26status%3D0%26starttime%3D2016-08-12%26endtime%3D2016-08-19
INFO: [ app_init ] --START--
INFO: Run Behavior\BuildLiteBehavior [ RunTime:0.000013s ]
INFO: [ app_init ] --END-- [ RunTime:0.000556s ]

[ 2016-08-19T17:02:51+08:00 ] ::1 /agency/index.php?s=/Home/Order/edit&oid=1&ret=%2Fagency%2Findex.php%3Fs%3D%252FHome%252FOrder%252Findex%26type%3D%25E9%259E%258B%26brand%3D%26product%3D%26status%3D0%26starttime%3D2016-08-12%26endtime%3D2016-08-19
INFO: [ app_init ] --START--
INFO: Run Behavior\BuildLiteBehavior [ RunTime:0.000013s ]
INFO: [ app_init ] --END-- [ RunTime:0.000589s ]

[ 2016-08-19T17:16:17+08:00 ] ::1 /agency/index.php?s=/Home/Order/edit&oid=1&ret=%2Fagency%2Findex.php%3Fs%3D%252FHome%252FOrder%252Findex%26type%3D%25E9%259E%258B%26brand%3D%26product%3D%26status%3D0%26starttime%3D2016-08-12%26endtime%3D2016-08-19
INFO: [ app_init ] --START--
INFO: Run Behavior\BuildLiteBehavior [ RunTime:0.000012s ]
INFO: [ app_init ] --END-- [ RunTime:0.000596s ]

[ 2016-08-19T17:16:21+08:00 ] ::1 /agency/index.php?s=/Home/Order/edit&oid=1&ret=%2Fagency%2Findex.php%3Fs%3D%252FHome%252FOrder%252Findex%26type%3D%25E9%259E%258B%26brand%3D%26product%3D%26status%3D0%26starttime%3D2016-08-12%26endtime%3D2016-08-19
INFO: [ app_init ] --START--
INFO: Run Behavior\BuildLiteBehavior [ RunTime:0.000009s ]
INFO: [ app_init ] --END-- [ RunTime:0.000182s ]

[ 2016-08-19T17:17:21+08:00 ] ::1 /agency/index.php?s=/Home/Order/edit&oid=1&ret=%2Fagency%2Findex.php%3Fs%3D%252FHome%252FOrder%252Findex%26type%3D%25E9%259E%258B%26brand%3D%26product%3D%26status%3D0%26starttime%3D2016-08-12%26endtime%3D2016-08-19
INFO: [ app_init ] --START--
INFO: Run Behavior\BuildLiteBehavior [ RunTime:0.000012s ]
INFO: [ app_init ] --END-- [ RunTime:0.000564s ]

[ 2016-08-19T17:18:11+08:00 ] ::1 /agency/index.php?s=/Home/Order/edit&oid=1&ret=%2Fagency%2Findex.php%3Fs%3D%252FHome%252FOrder%252Findex%26type%3D%25E9%259E%258B%26brand%3D%26product%3D%26status%3D0%26starttime%3D2016-08-12%26endtime%3D2016-08-19
INFO: [ app_init ] --START--
INFO: Run Behavior\BuildLiteBehavior [ RunTime:0.000011s ]
INFO: [ app_init ] --END-- [ RunTime:0.000308s ]

[ 2016-08-19T17:19:09+08:00 ] ::1 /agency/index.php?s=/Home/Order/edit&oid=1&ret=%2Fagency%2Findex.php%3Fs%3D%252FHome%252FOrder%252Findex%26type%3D%25E9%259E%258B%26brand%3D%26product%3D%26status%3D0%26starttime%3D2016-08-12%26endtime%3D2016-08-19
INFO: [ app_init ] --START--
INFO: Run Behavior\BuildLiteBehavior [ RunTime:0.000014s ]
INFO: [ app_init ] --END-- [ RunTime:0.000563s ]
ERR: 1146:Table 'agency.express' doesn't exist
 [ SQL语句 ] : SHOW COLUMNS FROM `express`
ERR: 1146:Table 'agency.express' doesn't exist
 [ SQL语句 ] : SHOW COLUMNS FROM `express`

[ 2016-08-19T17:19:17+08:00 ] ::1 /agency/index.php?s=/Home/Order/edit&oid=1&ret=%2Fagency%2Findex.php%3Fs%3D%252FHome%252FOrder%252Findex%26type%3D%25E9%259E%258B%26brand%3D%26product%3D%26status%3D0%26starttime%3D2016-08-12%26endtime%3D2016-08-19
INFO: [ app_init ] --START--
INFO: Run Behavior\BuildLiteBehavior [ RunTime:0.000010s ]
INFO: [ app_init ] --END-- [ RunTime:0.000298s ]

[ 2016-08-19T17:19:36+08:00 ] ::1 /agency/index.php?s=/Home/Order/edit&oid=1&ret=%2Fagency%2Findex.php%3Fs%3D%252FHome%252FOrder%252Findex%26type%3D%25E9%259E%258B%26brand%3D%26product%3D%26status%3D0%26starttime%3D2016-08-12%26endtime%3D2016-08-19
INFO: [ app_init ] --START--
INFO: Run Behavior\BuildLiteBehavior [ RunTime:0.000012s ]
INFO: [ app_init ] --END-- [ RunTime:0.000579s ]

[ 2016-08-19T17:19:44+08:00 ] ::1 /agency/index.php?s=/Home/Order/edit&oid=1&ret=%2Fagency%2Findex.php%3Fs%3D%252FHome%252FOrder%252Findex%26type%3D%25E9%259E%258B%26brand%3D%26product%3D%26status%3D0%26starttime%3D2016-08-12%26endtime%3D2016-08-19
INFO: [ app_init ] --START--
INFO: Run Behavior\BuildLiteBehavior [ RunTime:0.000009s ]
INFO: [ app_init ] --END-- [ RunTime:0.000271s ]

[ 2016-08-19T17:20:09+08:00 ] ::1 /agency/index.php?s=/Home/Order/edit&oid=1&ret=%2Fagency%2Findex.php%3Fs%3D%252FHome%252FOrder%252Findex%26type%3D%25E9%259E%258B%26brand%3D%26product%3D%26status%3D0%26starttime%3D2016-08-12%26endtime%3D2016-08-19
INFO: [ app_init ] --START--
INFO: Run Behavior\BuildLiteBehavior [ RunTime:0.000031s ]
INFO: [ app_init ] --END-- [ RunTime:0.001426s ]

[ 2016-08-19T17:21:05+08:00 ] ::1 /agency/index.php?s=/Home/Order/edit&oid=1&ret=%2Fagency%2Findex.php%3Fs%3D%252FHome%252FOrder%252Findex%26type%3D%25E9%259E%258B%26brand%3D%26product%3D%26status%3D0%26starttime%3D2016-08-12%26endtime%3D2016-08-19
INFO: [ app_init ] --START--
INFO: Run Behavior\BuildLiteBehavior [ RunTime:0.000013s ]
INFO: [ app_init ] --END-- [ RunTime:0.000524s ]

[ 2016-08-19T17:23:53+08:00 ] ::1 /agency/index.php?s=/Home/Order/edit&oid=1&ret=%2Fagency%2Findex.php%3Fs%3D%252FHome%252FOrder%252Findex%26type%3D%25E9%259E%258B%26brand%3D%26product%3D%26status%3D0%26starttime%3D2016-08-12%26endtime%3D2016-08-19
INFO: [ app_init ] --START--
INFO: Run Behavior\BuildLiteBehavior [ RunTime:0.000012s ]
INFO: [ app_init ] --END-- [ RunTime:0.000493s ]

[ 2016-08-19T17:24:15+08:00 ] ::1 /agency/index.php?s=/Home/Order/edit&oid=1&ret=%2Fagency%2Findex.php%3Fs%3D%252FHome%252FOrder%252Findex%26type%3D%25E9%259E%258B%26brand%3D%26product%3D%26status%3D0%26starttime%3D2016-08-12%26endtime%3D2016-08-19
INFO: [ app_init ] --START--
INFO: Run Behavior\BuildLiteBehavior [ RunTime:0.000010s ]
INFO: [ app_init ] --END-- [ RunTime:0.000366s ]

[ 2016-08-19T17:25:27+08:00 ] ::1 /agency/index.php?s=/Home/Order/edit&oid=1&ret=%2Fagency%2Findex.php%3Fs%3D%252FHome%252FOrder%252Findex%26type%3D%25E9%259E%258B%26brand%3D%26product%3D%26status%3D0%26starttime%3D2016-08-12%26endtime%3D2016-08-19
INFO: [ app_init ] --START--
INFO: Run Behavior\BuildLiteBehavior [ RunTime:0.000013s ]
INFO: [ app_init ] --END-- [ RunTime:0.000482s ]

[ 2016-08-19T17:25:32+08:00 ] ::1 /agency/index.php?s=/Home/Order/edit&oid=1&ret=%2Fagency%2Findex.php%3Fs%3D%252FHome%252FOrder%252Findex%26type%3D%25E9%259E%258B%26brand%3D%26product%3D%26status%3D0%26starttime%3D2016-08-12%26endtime%3D2016-08-19
INFO: [ app_init ] --START--
INFO: Run Behavior\BuildLiteBehavior [ RunTime:0.000010s ]
INFO: [ app_init ] --END-- [ RunTime:0.000206s ]
ERR: 1146:Table 'agency.order' doesn't exist
 [ SQL语句 ] : SHOW COLUMNS FROM `order`
ERR: 1146:Table 'agency.order' doesn't exist
 [ SQL语句 ] : SHOW COLUMNS FROM `order`

[ 2016-08-19T17:25:44+08:00 ] ::1 /agency/index.php?s=/Home/Order/edit&oid=1&ret=%2Fagency%2Findex.php%3Fs%3D%252FHome%252FOrder%252Findex%26type%3D%25E9%259E%258B%26brand%3D%26product%3D%26status%3D0%26starttime%3D2016-08-12%26endtime%3D2016-08-19
INFO: [ app_init ] --START--
INFO: Run Behavior\BuildLiteBehavior [ RunTime:0.000009s ]
INFO: [ app_init ] --END-- [ RunTime:0.000192s ]

[ 2016-08-19T17:26:08+08:00 ] ::1 /agency/index.php?s=/Home/Order/edit&oid=1&ret=%2Fagency%2Findex.php%3Fs%3D%252FHome%252FOrder%252Findex%26type%3D%25E9%259E%258B%26brand%3D%26product%3D%26status%3D0%26starttime%3D2016-08-12%26endtime%3D2016-08-19
INFO: [ app_init ] --START--
INFO: Run Behavior\BuildLiteBehavior [ RunTime:0.000010s ]
INFO: [ app_init ] --END-- [ RunTime:0.000206s ]

[ 2016-08-19T17:26:36+08:00 ] ::1 /agency/index.php?s=/Home/Order/edit&oid=1&ret=%2Fagency%2Findex.php%3Fs%3D%252FHome%252FOrder%252Findex%26type%3D%25E9%259E%258B%26brand%3D%26product%3D%26status%3D0%26starttime%3D2016-08-12%26endtime%3D2016-08-19
INFO: [ app_init ] --START--
INFO: Run Behavior\BuildLiteBehavior [ RunTime:0.000009s ]
INFO: [ app_init ] --END-- [ RunTime:0.000234s ]

[ 2016-08-19T17:27:14+08:00 ] ::1 /agency/index.php?s=/Home/Order/edit&oid=1&ret=%2Fagency%2Findex.php%3Fs%3D%252FHome%252FOrder%252Findex%26type%3D%25E9%259E%258B%26brand%3D%26product%3D%26status%3D0%26starttime%3D2016-08-12%26endtime%3D2016-08-19
INFO: [ app_init ] --START--
INFO: Run Behavior\BuildLiteBehavior [ RunTime:0.000011s ]
INFO: [ app_init ] --END-- [ RunTime:0.000391s ]

[ 2016-08-19T17:27:40+08:00 ] ::1 /agency/index.php?s=/Home/Order/edit&oid=1&ret=%2Fagency%2Findex.php%3Fs%3D%252FHome%252FOrder%252Findex%26type%3D%25E9%259E%258B%26brand%3D%26product%3D%26status%3D0%26starttime%3D2016-08-12%26endtime%3D2016-08-19
INFO: [ app_init ] --START--
INFO: Run Behavior\BuildLiteBehavior [ RunTime:0.000011s ]
INFO: [ app_init ] --END-- [ RunTime:0.000422s ]

[ 2016-08-19T17:27:49+08:00 ] ::1 /agency/index.php?s=%2FHome%2FOrder%2Findex&type=%E9%9E%8B&brand=&product=&status=0&starttime=2016-08-12&endtime=2016-08-19
INFO: [ app_init ] --START--
INFO: Run Behavior\BuildLiteBehavior [ RunTime:0.000010s ]
INFO: [ app_init ] --END-- [ RunTime:0.000298s ]

[ 2016-08-19T17:27:52+08:00 ] ::1 /agency/index.php?s=/Home/Order/edit&oid=1&ret=%2Fagency%2Findex.php%3Fs%3D%252FHome%252FOrder%252Findex%26type%3D%25E9%259E%258B%26brand%3D%26product%3D%26status%3D0%26starttime%3D2016-08-12%26endtime%3D2016-08-19
INFO: [ app_init ] --START--
INFO: Run Behavior\BuildLiteBehavior [ RunTime:0.000011s ]
INFO: [ app_init ] --END-- [ RunTime:0.000235s ]

[ 2016-08-19T17:27:55+08:00 ] ::1 /agency/index.php?s=/Home/Order/edit&oid=1&ret=%2Fagency%2Findex.php%3Fs%3D%252FHome%252FOrder%252Findex%26type%3D%25E9%259E%258B%26brand%3D%26product%3D%26status%3D0%26starttime%3D2016-08-12%26endtime%3D2016-08-19
INFO: [ app_init ] --START--
INFO: Run Behavior\BuildLiteBehavior [ RunTime:0.000014s ]
INFO: [ app_init ] --END-- [ RunTime:0.000459s ]

[ 2016-08-19T17:28:04+08:00 ] ::1 /agency/index.php?s=/Home/Order/edit&oid=1&ret=%2Fagency%2Findex.php%3Fs%3D%252FHome%252FOrder%252Findex%26type%3D%25E9%259E%258B%26brand%3D%26product%3D%26status%3D0%26starttime%3D2016-08-12%26endtime%3D2016-08-19
INFO: [ app_init ] --START--
INFO: Run Behavior\BuildLiteBehavior [ RunTime:0.000009s ]
INFO: [ app_init ] --END-- [ RunTime:0.000197s ]

[ 2016-08-19T17:28:27+08:00 ] ::1 /agency/index.php?s=/Home/Order/edit&oid=1&ret=%2Fagency%2Findex.php%3Fs%3D%252FHome%252FOrder%252Findex%26type%3D%25E9%259E%258B%26brand%3D%26product%3D%26status%3D0%26starttime%3D2016-08-12%26endtime%3D2016-08-19
INFO: [ app_init ] --START--
INFO: Run Behavior\BuildLiteBehavior [ RunTime:0.000030s ]
INFO: [ app_init ] --END-- [ RunTime:0.001691s ]

[ 2016-08-19T17:28:32+08:00 ] ::1 /agency/index.php?s=/Home/Order/edit&oid=1&ret=%2Fagency%2Findex.php%3Fs%3D%252FHome%252FOrder%252Findex%26type%3D%25E9%259E%258B%26brand%3D%26product%3D%26status%3D0%26starttime%3D2016-08-12%26endtime%3D2016-08-19
INFO: [ app_init ] --START--
INFO: Run Behavior\BuildLiteBehavior [ RunTime:0.000010s ]
INFO: [ app_init ] --END-- [ RunTime:0.000199s ]

[ 2016-08-19T17:29:08+08:00 ] ::1 /agency/index.php?s=/Home/Order/edit&oid=1&ret=%2Fagency%2Findex.php%3Fs%3D%252FHome%252FOrder%252Findex%26type%3D%25E9%259E%258B%26brand%3D%26product%3D%26status%3D0%26starttime%3D2016-08-12%26endtime%3D2016-08-19
INFO: [ app_init ] --START--
INFO: Run Behavior\BuildLiteBehavior [ RunTime:0.000010s ]
INFO: [ app_init ] --END-- [ RunTime:0.000212s ]

[ 2016-08-19T17:30:41+08:00 ] ::1 /agency/index.php?s=/Home/Order/edit&oid=1&ret=%2Fagency%2Findex.php%3Fs%3D%252FHome%252FOrder%252Findex%26type%3D%25E9%259E%258B%26brand%3D%26product%3D%26status%3D0%26starttime%3D2016-08-12%26endtime%3D2016-08-19
INFO: [ app_init ] --START--
INFO: Run Behavior\BuildLiteBehavior [ RunTime:0.000011s ]
INFO: [ app_init ] --END-- [ RunTime:0.000408s ]

[ 2016-08-19T17:30:44+08:00 ] ::1 /agency/index.php?s=/Home/Order/edit&oid=1&ret=%2Fagency%2Findex.php%3Fs%3D%252FHome%252FOrder%252Findex%26type%3D%25E9%259E%258B%26brand%3D%26product%3D%26status%3D0%26starttime%3D2016-08-12%26endtime%3D2016-08-19
INFO: [ app_init ] --START--
INFO: Run Behavior\BuildLiteBehavior [ RunTime:0.000011s ]
INFO: [ app_init ] --END-- [ RunTime:0.000215s ]

[ 2016-08-19T17:30:52+08:00 ] ::1 /agency/index.php?s=/Home/Order/edit&oid=1&ret=%2Fagency%2Findex.php%3Fs%3D%252FHome%252FOrder%252Findex%26type%3D%25E9%259E%258B%26brand%3D%26product%3D%26status%3D0%26starttime%3D2016-08-12%26endtime%3D2016-08-19
INFO: [ app_init ] --START--
INFO: Run Behavior\BuildLiteBehavior [ RunTime:0.000017s ]
INFO: [ app_init ] --END-- [ RunTime:0.000448s ]

[ 2016-08-19T17:33:04+08:00 ] ::1 /agency/index.php?s=/Home/Order/edit&oid=1&ret=%2Fagency%2Findex.php%3Fs%3D%252FHome%252FOrder%252Findex%26type%3D%25E9%259E%258B%26brand%3D%26product%3D%26status%3D0%26starttime%3D2016-08-12%26endtime%3D2016-08-19
INFO: [ app_init ] --START--
INFO: Run Behavior\BuildLiteBehavior [ RunTime:0.000011s ]
INFO: [ app_init ] --END-- [ RunTime:0.000372s ]

[ 2016-08-19T17:34:47+08:00 ] ::1 /agency/index.php?s=/Home/Order/edit&oid=1&ret=%2Fagency%2Findex.php%3Fs%3D%252FHome%252FOrder%252Findex%26type%3D%25E9%259E%258B%26brand%3D%26product%3D%26status%3D0%26starttime%3D2016-08-12%26endtime%3D2016-08-19
INFO: [ app_init ] --START--
INFO: Run Behavior\BuildLiteBehavior [ RunTime:0.000012s ]
INFO: [ app_init ] --END-- [ RunTime:0.000391s ]

[ 2016-08-19T17:35:30+08:00 ] ::1 /agency/index.php?s=/Home/Order/edit&oid=1&ret=%2Fagency%2Findex.php%3Fs%3D%252FHome%252FOrder%252Findex%26type%3D%25E9%259E%258B%26brand%3D%26product%3D%26status%3D0%26starttime%3D2016-08-12%26endtime%3D2016-08-19
INFO: [ app_init ] --START--
INFO: Run Behavior\BuildLiteBehavior [ RunTime:0.000025s ]
INFO: [ app_init ] --END-- [ RunTime:0.000937s ]

[ 2016-08-19T17:35:41+08:00 ] ::1 /agency/index.php?s=/Home/User
INFO: [ app_init ] --START--
INFO: Run Behavior\BuildLiteBehavior [ RunTime:0.000016s ]
INFO: [ app_init ] --END-- [ RunTime:0.000249s ]

[ 2016-08-19T17:35:49+08:00 ] ::1 /agency/index.php?s=%2FHome%2FUser%2Findex&phone=13764426340&wechat=&nickname=&email=
INFO: [ app_init ] --START--
INFO: Run Behavior\BuildLiteBehavior [ RunTime:0.000010s ]
INFO: [ app_init ] --END-- [ RunTime:0.000199s ]

[ 2016-08-19T17:35:52+08:00 ] ::1 /agency/index.php?s=/Home/Order&uid=1
INFO: [ app_init ] --START--
INFO: Run Behavior\BuildLiteBehavior [ RunTime:0.000008s ]
INFO: [ app_init ] --END-- [ RunTime:0.000179s ]

[ 2016-08-19T17:36:22+08:00 ] ::1 /agency/index.php?s=/Home/Order/edit&oid=1&ret=%2Fagency%2Findex.php%3Fs%3D%2FHome%2FOrder%26uid%3D1
INFO: [ app_init ] --START--
INFO: Run Behavior\BuildLiteBehavior [ RunTime:0.000010s ]
INFO: [ app_init ] --END-- [ RunTime:0.000196s ]

[ 2016-08-19T17:37:11+08:00 ] ::1 /agency/index.php?s=/Home/Order&uid=1
INFO: [ app_init ] --START--
INFO: Run Behavior\BuildLiteBehavior [ RunTime:0.000015s ]
INFO: [ app_init ] --END-- [ RunTime:0.000480s ]

[ 2016-08-19T17:38:29+08:00 ] ::1 /agency/index.php?s=/Home/Order&uid=1
INFO: [ app_init ] --START--
INFO: Run Behavior\BuildLiteBehavior [ RunTime:0.000039s ]
INFO: [ app_init ] --END-- [ RunTime:0.001308s ]

[ 2016-08-19T17:39:58+08:00 ] ::1 /agency/index.php?s=/Home/Order&uid=1
INFO: [ app_init ] --START--
INFO: Run Behavior\BuildLiteBehavior [ RunTime:0.000013s ]
INFO: [ app_init ] --END-- [ RunTime:0.000521s ]

[ 2016-08-19T17:47:01+08:00 ] ::1 /agency/index.php?s=/Home/Order&uid=1
INFO: [ app_init ] --START--
INFO: Run Behavior\BuildLiteBehavior [ RunTime:0.000071s ]
INFO: [ app_init ] --END-- [ RunTime:0.000715s ]
ERR: 1054:Unknown column 'e.vender' in 'field list'
 [ SQL语句 ] : SELECT `u`.*,`o`.*,`e`.`vender`,`e`.`track_id` FROM orders o INNER JOIN `users` `u` ON `u`.`uid`=`o`.`uid` LEFT JOIN `expresses` `e` ON `e`.`eid`=`o`.`eid`  WHERE o.uid = '1' ORDER BY o.ctime desc 
ERR: 1054:Unknown column 'e.vender' in 'field list'
 [ SQL语句 ] : SELECT `u`.*,`o`.*,`e`.`vender`,`e`.`track_id` FROM orders o INNER JOIN `users` `u` ON `u`.`uid`=`o`.`uid` LEFT JOIN `expresses` `e` ON `e`.`eid`=`o`.`eid`  WHERE o.uid = '1' ORDER BY o.ctime desc 

[ 2016-08-19T17:47:19+08:00 ] ::1 /agency/index.php?s=/Home/Order&uid=1
INFO: [ app_init ] --START--
INFO: Run Behavior\BuildLiteBehavior [ RunTime:0.000014s ]
INFO: [ app_init ] --END-- [ RunTime:0.000798s ]

[ 2016-08-19T17:48:17+08:00 ] ::1 /agency/index.php?s=/Home/Order&uid=1
INFO: [ app_init ] --START--
INFO: Run Behavior\BuildLiteBehavior [ RunTime:0.000012s ]
INFO: [ app_init ] --END-- [ RunTime:0.000388s ]

[ 2016-08-19T17:52:10+08:00 ] ::1 /agency/index.php?s=/Home/Order&uid=1
INFO: [ app_init ] --START--
INFO: Run Behavior\BuildLiteBehavior [ RunTime:0.000023s ]
INFO: [ app_init ] --END-- [ RunTime:0.000934s ]

[ 2016-08-19T17:52:50+08:00 ] ::1 /agency/index.php?s=/Home/Order&uid=1
INFO: [ app_init ] --START--
INFO: Run Behavior\BuildLiteBehavior [ RunTime:0.000011s ]
INFO: [ app_init ] --END-- [ RunTime:0.000477s ]

[ 2016-08-19T17:53:49+08:00 ] ::1 /agency/index.php?s=/Home/Order&uid=1
INFO: [ app_init ] --START--
INFO: Run Behavior\BuildLiteBehavior [ RunTime:0.000062s ]
INFO: [ app_init ] --END-- [ RunTime:0.001121s ]

[ 2016-08-19T17:54:05+08:00 ] ::1 /agency/index.php?s=/Home/Order&uid=1
INFO: [ app_init ] --START--
INFO: Run Behavior\BuildLiteBehavior [ RunTime:0.000011s ]
INFO: [ app_init ] --END-- [ RunTime:0.000530s ]

[ 2016-08-19T17:54:30+08:00 ] ::1 /agency/index.php?s=/Home/Order&uid=1
INFO: [ app_init ] --START--
INFO: Run Behavior\BuildLiteBehavior [ RunTime:0.000012s ]
INFO: [ app_init ] --END-- [ RunTime:0.000551s ]

[ 2016-08-19T17:55:17+08:00 ] ::1 /agency/index.php?s=/Home/Order&uid=1
INFO: [ app_init ] --START--
INFO: Run Behavior\BuildLiteBehavior [ RunTime:0.000013s ]
INFO: [ app_init ] --END-- [ RunTime:0.000539s ]

[ 2016-08-19T17:56:27+08:00 ] ::1 /agency/index.php?s=/Home/Order&uid=1
INFO: [ app_init ] --START--
INFO: Run Behavior\BuildLiteBehavior [ RunTime:0.000013s ]
INFO: [ app_init ] --END-- [ RunTime:0.000533s ]

[ 2016-08-19T17:57:11+08:00 ] ::1 /agency/index.php?s=/Home/Order&uid=1
INFO: [ app_init ] --START--
INFO: Run Behavior\BuildLiteBehavior [ RunTime:0.000013s ]
INFO: [ app_init ] --END-- [ RunTime:0.000440s ]

[ 2016-08-19T17:57:44+08:00 ] ::1 /agency/index.php?s=/Home/Order&uid=1
INFO: [ app_init ] --START--
INFO: Run Behavior\BuildLiteBehavior [ RunTime:0.000009s ]
INFO: [ app_init ] --END-- [ RunTime:0.000283s ]

[ 2016-08-19T17:58:55+08:00 ] ::1 /agency/index.php?s=/Home/Order&uid=1
INFO: [ app_init ] --START--
INFO: Run Behavior\BuildLiteBehavior [ RunTime:0.000016s ]
INFO: [ app_init ] --END-- [ RunTime:0.000490s ]

[ 2016-08-19T17:59:13+08:00 ] ::1 /agency/index.php?s=/Home/Order&uid=1
INFO: [ app_init ] --START--
INFO: Run Behavior\BuildLiteBehavior [ RunTime:0.000015s ]
INFO: [ app_init ] --END-- [ RunTime:0.000449s ]

[ 2016-08-19T17:59:27+08:00 ] ::1 /agency/index.php?s=/Home/Order&uid=1
INFO: [ app_init ] --START--
INFO: Run Behavior\BuildLiteBehavior [ RunTime:0.000010s ]
INFO: [ app_init ] --END-- [ RunTime:0.000293s ]

[ 2016-08-19T18:00:28+08:00 ] ::1 /agency/index.php?s=/Home/Order&uid=1
INFO: [ app_init ] --START--
INFO: Run Behavior\BuildLiteBehavior [ RunTime:0.000013s ]
INFO: [ app_init ] --END-- [ RunTime:0.000447s ]

[ 2016-08-19T18:00:31+08:00 ] ::1 /agency/index.php?s=/Home/Order/express&oid=1&ret=%2Fagency%2Findex.php%3Fs%3D%2FHome%2FOrder%26uid%3D1
INFO: [ app_init ] --START--
INFO: Run Behavior\BuildLiteBehavior [ RunTime:0.000008s ]
INFO: [ app_init ] --END-- [ RunTime:0.000173s ]
ERR: 非法操作:express

[ 2016-08-19T18:01:49+08:00 ] ::1 /agency/index.php?s=/Home/Order&uid=1
INFO: [ app_init ] --START--
INFO: Run Behavior\BuildLiteBehavior [ RunTime:0.000013s ]
INFO: [ app_init ] --END-- [ RunTime:0.000473s ]

[ 2016-08-19T18:02:05+08:00 ] ::1 /agency/index.php?s=/Home/Order/express&oid=1&ret=%2Fagency%2Findex.php%3Fs%3D%2FHome%2FOrder%26uid%3D1
INFO: [ app_init ] --START--
INFO: Run Behavior\BuildLiteBehavior [ RunTime:0.000010s ]
INFO: [ app_init ] --END-- [ RunTime:0.000287s ]
ERR: 非法操作:express

[ 2016-08-19T18:02:54+08:00 ] ::1 /agency/index.php?s=/Home/Order/express&oid=1&ret=%2Fagency%2Findex.php%3Fs%3D%2FHome%2FOrder%26uid%3D1
INFO: [ app_init ] --START--
INFO: Run Behavior\BuildLiteBehavior [ RunTime:0.000012s ]
INFO: [ app_init ] --END-- [ RunTime:0.000518s ]
ERR: 非法操作:express

[ 2016-08-19T18:20:30+08:00 ] ::1 /agency/index.php?s=/Home/Order/express&oid=1&ret=%2Fagency%2Findex.php%3Fs%3D%2FHome%2FOrder%26uid%3D1
INFO: [ app_init ] --START--
INFO: Run Behavior\BuildLiteBehavior [ RunTime:0.000014s ]
INFO: [ app_init ] --END-- [ RunTime:0.000590s ]

[ 2016-08-19T18:20:33+08:00 ] ::1 /agency/index.php?s=/Home/Order&uid=1
INFO: [ app_init ] --START--
INFO: Run Behavior\BuildLiteBehavior [ RunTime:0.000009s ]
INFO: [ app_init ] --END-- [ RunTime:0.000187s ]

[ 2016-08-19T18:20:35+08:00 ] ::1 /agency/index.php?s=/Home/Order/express&oid=1&ret=%2Fagency%2Findex.php%3Fs%3D%2FHome%2FOrder%26uid%3D1
INFO: [ app_init ] --START--
INFO: Run Behavior\BuildLiteBehavior [ RunTime:0.000009s ]
INFO: [ app_init ] --END-- [ RunTime:0.000184s ]

[ 2016-08-19T18:20:48+08:00 ] ::1 /agency/index.php?s=/Home/Order/express&oid=1&ret=%2Fagency%2Findex.php%3Fs%3D%2FHome%2FOrder%26uid%3D1
INFO: [ app_init ] --START--
INFO: Run Behavior\BuildLiteBehavior [ RunTime:0.000009s ]
INFO: [ app_init ] --END-- [ RunTime:0.000293s ]

[ 2016-08-19T18:21:55+08:00 ] ::1 /agency/index.php?s=/Home/Order/express&oid=1&ret=%2Fagency%2Findex.php%3Fs%3D%2FHome%2FOrder%26uid%3D1
INFO: [ app_init ] --START--
INFO: Run Behavior\BuildLiteBehavior [ RunTime:0.000043s ]
INFO: [ app_init ] --END-- [ RunTime:0.001198s ]

[ 2016-08-19T18:23:10+08:00 ] ::1 /agency/index.php?s=/Home/Order/express&oid=1&ret=%2Fagency%2Findex.php%3Fs%3D%2FHome%2FOrder%26uid%3D1
INFO: [ app_init ] --START--
INFO: Run Behavior\BuildLiteBehavior [ RunTime:0.000012s ]
INFO: [ app_init ] --END-- [ RunTime:0.000562s ]

[ 2016-08-19T18:25:51+08:00 ] ::1 /agency/index.php?s=/Home/Order/express&oid=1&ret=%2Fagency%2Findex.php%3Fs%3D%2FHome%2FOrder%26uid%3D1
INFO: [ app_init ] --START--
INFO: Run Behavior\BuildLiteBehavior [ RunTime:0.000013s ]
INFO: [ app_init ] --END-- [ RunTime:0.000578s ]

[ 2016-08-19T18:26:06+08:00 ] ::1 /agency/index.php?s=/Home/Order/express&oid=1&ret=%2Fagency%2Findex.php%3Fs%3D%2FHome%2FOrder%26uid%3D1
INFO: [ app_init ] --START--
INFO: Run Behavior\BuildLiteBehavior [ RunTime:0.000011s ]
INFO: [ app_init ] --END-- [ RunTime:0.000513s ]

[ 2016-08-19T18:28:51+08:00 ] ::1 /agency/index.php?s=/Home/Order/express&oid=1&ret=%2Fagency%2Findex.php%3Fs%3D%2FHome%2FOrder%26uid%3D1
INFO: [ app_init ] --START--
INFO: Run Behavior\BuildLiteBehavior [ RunTime:0.000026s ]
INFO: [ app_init ] --END-- [ RunTime:0.000893s ]

[ 2016-08-19T18:29:13+08:00 ] ::1 /agency/index.php?s=/Home/Order/express&oid=1&ret=%2Fagency%2Findex.php%3Fs%3D%2FHome%2FOrder%26uid%3D1
INFO: [ app_init ] --START--
INFO: Run Behavior\BuildLiteBehavior [ RunTime:0.000011s ]
INFO: [ app_init ] --END-- [ RunTime:0.000414s ]

[ 2016-08-19T18:31:05+08:00 ] ::1 /agency/index.php?s=/Home/Order/express&oid=1&ret=%2Fagency%2Findex.php%3Fs%3D%2FHome%2FOrder%26uid%3D1
INFO: [ app_init ] --START--
INFO: Run Behavior\BuildLiteBehavior [ RunTime:0.000012s ]
INFO: [ app_init ] --END-- [ RunTime:0.000589s ]

[ 2016-08-19T18:31:27+08:00 ] ::1 /agency/index.php?s=/Home/Order/express&oid=1&ret=%2Fagency%2Findex.php%3Fs%3D%2FHome%2FOrder%26uid%3D1
INFO: [ app_init ] --START--
INFO: Run Behavior\BuildLiteBehavior [ RunTime:0.000014s ]
INFO: [ app_init ] --END-- [ RunTime:0.000562s ]

[ 2016-08-19T18:31:45+08:00 ] ::1 /agency/index.php?s=/Home/Order/express&oid=1&ret=%2Fagency%2Findex.php%3Fs%3D%2FHome%2FOrder%26uid%3D1
INFO: [ app_init ] --START--
INFO: Run Behavior\BuildLiteBehavior [ RunTime:0.000026s ]
INFO: [ app_init ] --END-- [ RunTime:0.000939s ]

[ 2016-08-19T18:32:15+08:00 ] ::1 /agency/index.php?s=/Home/Order/express&oid=1&ret=%2Fagency%2Findex.php%3Fs%3D%2FHome%2FOrder%26uid%3D1
INFO: [ app_init ] --START--
INFO: Run Behavior\BuildLiteBehavior [ RunTime:0.000039s ]
INFO: [ app_init ] --END-- [ RunTime:0.001564s ]

[ 2016-08-19T18:32:37+08:00 ] ::1 /agency/index.php?s=/Home/Order/express&oid=1&ret=%2Fagency%2Findex.php%3Fs%3D%2FHome%2FOrder%26uid%3D1
INFO: [ app_init ] --START--
INFO: Run Behavior\BuildLiteBehavior [ RunTime:0.000011s ]
INFO: [ app_init ] --END-- [ RunTime:0.000367s ]

[ 2016-08-19T18:33:08+08:00 ] ::1 /agency/index.php?s=/Home/Order/express&oid=1&ret=%2Fagency%2Findex.php%3Fs%3D%2FHome%2FOrder%26uid%3D1
INFO: [ app_init ] --START--
INFO: Run Behavior\BuildLiteBehavior [ RunTime:0.000012s ]
INFO: [ app_init ] --END-- [ RunTime:0.000481s ]

[ 2016-08-19T18:33:21+08:00 ] ::1 /agency/index.php?s=/Home/Order/express&oid=1&ret=%2Fagency%2Findex.php%3Fs%3D%2FHome%2FOrder%26uid%3D1
INFO: [ app_init ] --START--
INFO: Run Behavior\BuildLiteBehavior [ RunTime:0.000010s ]
INFO: [ app_init ] --END-- [ RunTime:0.000210s ]

[ 2016-08-19T18:33:47+08:00 ] ::1 /agency/index.php?s=/Home/Order&uid=1
INFO: [ app_init ] --START--
INFO: Run Behavior\BuildLiteBehavior [ RunTime:0.000013s ]
INFO: [ app_init ] --END-- [ RunTime:0.000413s ]

[ 2016-08-19T18:33:52+08:00 ] ::1 /agency/index.php?s=/Home/Order/express&oid=1&ret=%2Fagency%2Findex.php%3Fs%3D%2FHome%2FOrder%26uid%3D1
INFO: [ app_init ] --START--
INFO: Run Behavior\BuildLiteBehavior [ RunTime:0.000010s ]
INFO: [ app_init ] --END-- [ RunTime:0.000192s ]

[ 2016-08-19T18:33:54+08:00 ] ::1 /agency/index.php?s=/Home/Order&uid=1
INFO: [ app_init ] --START--
INFO: Run Behavior\BuildLiteBehavior [ RunTime:0.000010s ]
INFO: [ app_init ] --END-- [ RunTime:0.000197s ]

[ 2016-08-19T18:34:23+08:00 ] ::1 /agency/index.php?s=/Home/Order&uid=1
INFO: [ app_init ] --START--
INFO: Run Behavior\BuildLiteBehavior [ RunTime:0.000015s ]
INFO: [ app_init ] --END-- [ RunTime:0.006082s ]

[ 2016-08-19T18:34:34+08:00 ] ::1 /agency/index.php?s=/Home/Order&uid=1
INFO: [ app_init ] --START--
INFO: Run Behavior\BuildLiteBehavior [ RunTime:0.000011s ]
INFO: [ app_init ] --END-- [ RunTime:0.000293s ]

[ 2016-08-19T18:34:36+08:00 ] ::1 /agency/index.php?s=/Home/order&eid=1
INFO: [ app_init ] --START--
INFO: Run Behavior\BuildLiteBehavior [ RunTime:0.000031s ]
INFO: [ app_init ] --END-- [ RunTime:0.000677s ]

[ 2016-08-19T18:35:03+08:00 ] ::1 /agency/index.php?s=/Home/Order&uid=1
INFO: [ app_init ] --START--
INFO: Run Behavior\BuildLiteBehavior [ RunTime:0.000014s ]
INFO: [ app_init ] --END-- [ RunTime:0.000594s ]

[ 2016-08-19T18:35:05+08:00 ] ::1 /agency/index.php?s=/Home/Express&eid=1
INFO: [ app_init ] --START--
INFO: Run Behavior\BuildLiteBehavior [ RunTime:0.000012s ]
INFO: [ app_init ] --END-- [ RunTime:0.000202s ]
ERR: 无法加载控制器:Express

[ 2016-08-19T18:35:15+08:00 ] ::1 /agency/index.php?s=/Home/Order/edit&oid=1&ret=%2Fagency%2Findex.php%3Fs%3D%2FHome%2FOrder%26uid%3D1
INFO: [ app_init ] --START--
INFO: Run Behavior\BuildLiteBehavior [ RunTime:0.000009s ]
INFO: [ app_init ] --END-- [ RunTime:0.000188s ]

[ 2016-08-19T18:35:17+08:00 ] ::1 /agency/index.php?s=/Home/Order&uid=1
INFO: [ app_init ] --START--
INFO: Run Behavior\BuildLiteBehavior [ RunTime:0.000009s ]
INFO: [ app_init ] --END-- [ RunTime:0.000193s ]

[ 2016-08-19T18:35:25+08:00 ] ::1 /agency/index.php?s=/Home/Express&eid=1
INFO: [ app_init ] --START--
INFO: Run Behavior\BuildLiteBehavior [ RunTime:0.000009s ]
INFO: [ app_init ] --END-- [ RunTime:0.000183s ]
ERR: 无法加载控制器:Express

