[ 2016-08-18T10:19:54+08:00 ] ::1 /agency/index.php?s=Home/Home/login
INFO: [ app_init ] --START--
INFO: Run Behavior\BuildLiteBehavior [ RunTime:0.000024s ]
INFO: [ app_init ] --END-- [ RunTime:0.000728s ]
ERR: SQLSTATE[HY000] [2002] No such file or directory

[ 2016-08-18T10:22:31+08:00 ] ::1 /agency/index.php?s=Home/Home/login
INFO: [ app_init ] --START--
INFO: Run Behavior\BuildLiteBehavior [ RunTime:0.000039s ]
INFO: [ app_init ] --END-- [ RunTime:0.000880s ]
ERR: SQLSTATE[HY000] [2002] No such file or directory

[ 2016-08-18T10:22:54+08:00 ] ::1 /agency/index.php?s=Home/Home/login
INFO: [ app_init ] --START--
INFO: Run Behavior\BuildLiteBehavior [ RunTime:0.000038s ]
INFO: [ app_init ] --END-- [ RunTime:0.000366s ]
ERR: SQLSTATE[HY000] [2002] No such file or directory

[ 2016-08-18T10:23:22+08:00 ] ::1 /agency/index.php?s=Home/Home/login
INFO: [ app_init ] --START--
INFO: Run Behavior\BuildLiteBehavior [ RunTime:0.000036s ]
INFO: [ app_init ] --END-- [ RunTime:0.000401s ]
ERR: SQLSTATE[HY000] [2002] No such file or directory

[ 2016-08-18T10:23:40+08:00 ] ::1 /agency/index.php?s=Home/Home/login
INFO: [ app_init ] --START--
INFO: Run Behavior\BuildLiteBehavior [ RunTime:0.000054s ]
INFO: [ app_init ] --END-- [ RunTime:0.001055s ]
ERR: SQLSTATE[HY000] [2002] No such file or directory

[ 2016-08-18T10:24:33+08:00 ] ::1 /agency/index.php?s=Home/Home/login
INFO: [ app_init ] --START--
INFO: Run Behavior\BuildLiteBehavior [ RunTime:0.000039s ]
INFO: [ app_init ] --END-- [ RunTime:0.000708s ]
ERR: SQLSTATE[HY000] [2002] No such file or directory

[ 2016-08-18T10:24:45+08:00 ] ::1 /agency/index.php?s=Home/Home/login
INFO: [ app_init ] --START--
INFO: Run Behavior\BuildLiteBehavior [ RunTime:0.000013s ]
INFO: [ app_init ] --END-- [ RunTime:0.000365s ]
ERR: SQLSTATE[HY000] [2002] No such file or directory

[ 2016-08-18T10:24:56+08:00 ] ::1 /agency/index.php?s=Home/Home/login
INFO: [ app_init ] --START--
INFO: Run Behavior\BuildLiteBehavior [ RunTime:0.000013s ]
INFO: [ app_init ] --END-- [ RunTime:0.000354s ]
ERR: SQLSTATE[HY000] [2002] No such file or directory

[ 2016-08-18T10:25:14+08:00 ] ::1 /agency/index.php?s=Home/Home/login
INFO: [ app_init ] --START--
INFO: Run Behavior\BuildLiteBehavior [ RunTime:0.000014s ]
INFO: [ app_init ] --END-- [ RunTime:0.000273s ]
ERR: SQLSTATE[HY000] [2002] No such file or directory

[ 2016-08-18T10:25:23+08:00 ] ::1 /agency/index.php?s=Home/Home/login
INFO: [ app_init ] --START--
INFO: Run Behavior\BuildLiteBehavior [ RunTime:0.000013s ]
INFO: [ app_init ] --END-- [ RunTime:0.000426s ]
ERR: SQLSTATE[HY000] [2002] No such file or directory

[ 2016-08-18T10:28:52+08:00 ] ::1 /agency/index.php?s=Home/Home/login
INFO: [ app_init ] --START--
INFO: Run Behavior\BuildLiteBehavior [ RunTime:0.000009s ]
INFO: [ app_init ] --END-- [ RunTime:0.000191s ]

[ 2016-08-18T10:28:52+08:00 ] ::1 /agency/index.php?s=Home/Index/index
INFO: [ app_init ] --START--
INFO: Run Behavior\BuildLiteBehavior [ RunTime:0.000008s ]
INFO: [ app_init ] --END-- [ RunTime:0.000184s ]

[ 2016-08-18T10:28:53+08:00 ] ::1 /agency/index.php?s=Home/Home/logout
INFO: [ app_init ] --START--
INFO: Run Behavior\BuildLiteBehavior [ RunTime:0.000009s ]
INFO: [ app_init ] --END-- [ RunTime:0.000182s ]

[ 2016-08-18T10:28:53+08:00 ] ::1 /agency/index.php?s=Home/Home/login
INFO: [ app_init ] --START--
INFO: Run Behavior\BuildLiteBehavior [ RunTime:0.000014s ]
INFO: [ app_init ] --END-- [ RunTime:0.000308s ]

[ 2016-08-18T10:28:59+08:00 ] ::1 /agency/index.php?s=Home/Home/login
INFO: [ app_init ] --START--
INFO: Run Behavior\BuildLiteBehavior [ RunTime:0.000010s ]
INFO: [ app_init ] --END-- [ RunTime:0.000209s ]

[ 2016-08-18T10:28:59+08:00 ] ::1 /agency/index.php?s=Home/Index/index
INFO: [ app_init ] --START--
INFO: Run Behavior\BuildLiteBehavior [ RunTime:0.000031s ]
INFO: [ app_init ] --END-- [ RunTime:0.000425s ]

[ 2016-08-18T10:28:59+08:00 ] ::1 /agency/index.php?s=Home/Home/logout
INFO: [ app_init ] --START--
INFO: Run Behavior\BuildLiteBehavior [ RunTime:0.000009s ]
INFO: [ app_init ] --END-- [ RunTime:0.000180s ]

[ 2016-08-18T10:28:59+08:00 ] ::1 /agency/index.php?s=Home/Home/login
INFO: [ app_init ] --START--
INFO: Run Behavior\BuildLiteBehavior [ RunTime:0.000008s ]
INFO: [ app_init ] --END-- [ RunTime:0.000177s ]

[ 2016-08-18T10:38:02+08:00 ] ::1 /agency/index.php?s=Home/Home/login
INFO: [ app_init ] --START--
INFO: Run Behavior\BuildLiteBehavior [ RunTime:0.000019s ]
INFO: [ app_init ] --END-- [ RunTime:0.000418s ]

[ 2016-08-18T10:38:02+08:00 ] ::1 /agency/index.php?s=Home/Index/index
INFO: [ app_init ] --START--
INFO: Run Behavior\BuildLiteBehavior [ RunTime:0.000008s ]
INFO: [ app_init ] --END-- [ RunTime:0.000176s ]

[ 2016-08-18T10:38:02+08:00 ] ::1 /agency/index.php?s=Home/Home/logout
INFO: [ app_init ] --START--
INFO: Run Behavior\BuildLiteBehavior [ RunTime:0.000008s ]
INFO: [ app_init ] --END-- [ RunTime:0.000179s ]

[ 2016-08-18T10:38:02+08:00 ] ::1 /agency/index.php?s=Home/Home/login
INFO: [ app_init ] --START--
INFO: Run Behavior\BuildLiteBehavior [ RunTime:0.000007s ]
INFO: [ app_init ] --END-- [ RunTime:0.000171s ]

[ 2016-08-18T10:44:05+08:00 ] ::1 /agency/index.php?s=Home/Home/login
INFO: [ app_init ] --START--
INFO: Run Behavior\BuildLiteBehavior [ RunTime:0.000011s ]
INFO: [ app_init ] --END-- [ RunTime:0.000238s ]

[ 2016-08-18T10:44:05+08:00 ] ::1 /agency/index.php?s=Home/Index/index
INFO: [ app_init ] --START--
INFO: Run Behavior\BuildLiteBehavior [ RunTime:0.000008s ]
INFO: [ app_init ] --END-- [ RunTime:0.000179s ]

[ 2016-08-18T10:44:05+08:00 ] ::1 /agency/index.php?s=Home/Home/logout
INFO: [ app_init ] --START--
INFO: Run Behavior\BuildLiteBehavior [ RunTime:0.000034s ]
INFO: [ app_init ] --END-- [ RunTime:0.000332s ]

[ 2016-08-18T10:44:05+08:00 ] ::1 /agency/index.php?s=Home/Home/login
INFO: [ app_init ] --START--
INFO: Run Behavior\BuildLiteBehavior [ RunTime:0.000007s ]
INFO: [ app_init ] --END-- [ RunTime:0.000173s ]

[ 2016-08-18T10:45:51+08:00 ] ::1 /agency/index.php?s=Home/Home/login
INFO: [ app_init ] --START--
INFO: Run Behavior\BuildLiteBehavior [ RunTime:0.000012s ]
INFO: [ app_init ] --END-- [ RunTime:0.000318s ]

[ 2016-08-18T10:45:51+08:00 ] ::1 /agency/index.php?s=Home/Index/index
INFO: [ app_init ] --START--
INFO: Run Behavior\BuildLiteBehavior [ RunTime:0.000097s ]
INFO: [ app_init ] --END-- [ RunTime:0.000550s ]

[ 2016-08-18T10:45:51+08:00 ] ::1 /agency/index.php?s=Home/Home/logout
INFO: [ app_init ] --START--
INFO: Run Behavior\BuildLiteBehavior [ RunTime:0.000010s ]
INFO: [ app_init ] --END-- [ RunTime:0.000211s ]

[ 2016-08-18T10:45:51+08:00 ] ::1 /agency/index.php?s=Home/Home/login
INFO: [ app_init ] --START--
INFO: Run Behavior\BuildLiteBehavior [ RunTime:0.000008s ]
INFO: [ app_init ] --END-- [ RunTime:0.000176s ]

[ 2016-08-18T10:49:26+08:00 ] ::1 /agency/index.php?s=Home/Home/login
INFO: [ app_init ] --START--
INFO: Run Behavior\BuildLiteBehavior [ RunTime:0.000012s ]
INFO: [ app_init ] --END-- [ RunTime:0.000382s ]

[ 2016-08-18T10:49:26+08:00 ] ::1 /agency/index.php?s=Home/Index/index
INFO: [ app_init ] --START--
INFO: Run Behavior\BuildLiteBehavior [ RunTime:0.000010s ]
INFO: [ app_init ] --END-- [ RunTime:0.000206s ]

[ 2016-08-18T10:49:26+08:00 ] ::1 /agency/index.php?s=Home/Home/logout
INFO: [ app_init ] --START--
INFO: Run Behavior\BuildLiteBehavior [ RunTime:0.000009s ]
INFO: [ app_init ] --END-- [ RunTime:0.000178s ]

[ 2016-08-18T10:49:26+08:00 ] ::1 /agency/index.php?s=Home/Home/login
INFO: [ app_init ] --START--
INFO: Run Behavior\BuildLiteBehavior [ RunTime:0.000008s ]
INFO: [ app_init ] --END-- [ RunTime:0.000176s ]

[ 2016-08-18T10:50:40+08:00 ] ::1 /agency/index.php?s=Home/Home/login
INFO: [ app_init ] --START--
INFO: Run Behavior\BuildLiteBehavior [ RunTime:0.000010s ]
INFO: [ app_init ] --END-- [ RunTime:0.000250s ]

[ 2016-08-18T10:50:40+08:00 ] ::1 /agency/index.php?s=Home/Index/index
INFO: [ app_init ] --START--
INFO: Run Behavior\BuildLiteBehavior [ RunTime:0.000008s ]
INFO: [ app_init ] --END-- [ RunTime:0.000177s ]

[ 2016-08-18T10:50:40+08:00 ] ::1 /agency/index.php?s=Home/Home/logout
INFO: [ app_init ] --START--
INFO: Run Behavior\BuildLiteBehavior [ RunTime:0.000007s ]
INFO: [ app_init ] --END-- [ RunTime:0.000176s ]

[ 2016-08-18T10:50:40+08:00 ] ::1 /agency/index.php?s=Home/Home/login
INFO: [ app_init ] --START--
INFO: Run Behavior\BuildLiteBehavior [ RunTime:0.000008s ]
INFO: [ app_init ] --END-- [ RunTime:0.000176s ]

[ 2016-08-18T10:52:35+08:00 ] ::1 /agency/index.php?s=Home/Home/login
INFO: [ app_init ] --START--
INFO: Run Behavior\BuildLiteBehavior [ RunTime:0.000011s ]
INFO: [ app_init ] --END-- [ RunTime:0.000265s ]

[ 2016-08-18T10:52:35+08:00 ] ::1 /agency/index.php?s=Home/Index/index
INFO: [ app_init ] --START--
INFO: Run Behavior\BuildLiteBehavior [ RunTime:0.000008s ]
INFO: [ app_init ] --END-- [ RunTime:0.000175s ]

[ 2016-08-18T10:52:36+08:00 ] ::1 /agency/index.php?s=Home/Home/logout
INFO: [ app_init ] --START--
INFO: Run Behavior\BuildLiteBehavior [ RunTime:0.000008s ]
INFO: [ app_init ] --END-- [ RunTime:0.000193s ]

[ 2016-08-18T10:52:36+08:00 ] ::1 /agency/index.php?s=Home/Home/login
INFO: [ app_init ] --START--
INFO: Run Behavior\BuildLiteBehavior [ RunTime:0.000010s ]
INFO: [ app_init ] --END-- [ RunTime:0.000186s ]

[ 2016-08-18T10:53:25+08:00 ] ::1 /agency/index.php?s=Home/Home/login
INFO: [ app_init ] --START--
INFO: Run Behavior\BuildLiteBehavior [ RunTime:0.000013s ]
INFO: [ app_init ] --END-- [ RunTime:0.000299s ]

[ 2016-08-18T10:53:25+08:00 ] ::1 /agency/index.php?s=Home/Index/index
INFO: [ app_init ] --START--
INFO: Run Behavior\BuildLiteBehavior [ RunTime:0.000009s ]
INFO: [ app_init ] --END-- [ RunTime:0.000201s ]
ERR: 1146:Table 'agency.admin_log' doesn't exist
 [ SQL语句 ] : SHOW COLUMNS FROM `admin_log`
ERR: 1146:Table 'agency.admin_log' doesn't exist
 [ SQL语句 ] : SHOW COLUMNS FROM `admin_log`

[ 2016-08-18T10:54:33+08:00 ] ::1 /agency/index.php?s=Home/Index/index
INFO: [ app_init ] --START--
INFO: Run Behavior\BuildLiteBehavior [ RunTime:0.000012s ]
INFO: [ app_init ] --END-- [ RunTime:0.000371s ]

[ 2016-08-18T10:54:42+08:00 ] ::1 /agency/index.php?s=Home/Index/index
INFO: [ app_init ] --START--
INFO: Run Behavior\BuildLiteBehavior [ RunTime:0.000009s ]
INFO: [ app_init ] --END-- [ RunTime:0.000195s ]

[ 2016-08-18T10:54:43+08:00 ] ::1 /agency/index.php?s=Home/Index/index
INFO: [ app_init ] --START--
INFO: Run Behavior\BuildLiteBehavior [ RunTime:0.000012s ]
INFO: [ app_init ] --END-- [ RunTime:0.000370s ]

[ 2016-08-18T10:54:47+08:00 ] ::1 /agency/index.php?s=Home/Index/index
INFO: [ app_init ] --START--
INFO: Run Behavior\BuildLiteBehavior [ RunTime:0.000009s ]
INFO: [ app_init ] --END-- [ RunTime:0.000187s ]

[ 2016-08-18T10:54:47+08:00 ] ::1 /agency/index.php?s=Home/Home/logout
INFO: [ app_init ] --START--
INFO: Run Behavior\BuildLiteBehavior [ RunTime:0.000009s ]
INFO: [ app_init ] --END-- [ RunTime:0.000182s ]

[ 2016-08-18T10:54:47+08:00 ] ::1 /agency/index.php?s=Home/Home/login
INFO: [ app_init ] --START--
INFO: Run Behavior\BuildLiteBehavior [ RunTime:0.000015s ]
INFO: [ app_init ] --END-- [ RunTime:0.000422s ]

[ 2016-08-18T10:55:05+08:00 ] ::1 /agency/index.php?s=Home/Home/login
INFO: [ app_init ] --START--
INFO: Run Behavior\BuildLiteBehavior [ RunTime:0.000011s ]
INFO: [ app_init ] --END-- [ RunTime:0.000247s ]

[ 2016-08-18T10:55:10+08:00 ] ::1 /agency/index.php?s=Home/Home/login
INFO: [ app_init ] --START--
INFO: Run Behavior\BuildLiteBehavior [ RunTime:0.000009s ]
INFO: [ app_init ] --END-- [ RunTime:0.000190s ]

[ 2016-08-18T10:55:10+08:00 ] ::1 /agency/index.php?s=Home/Index/index
INFO: [ app_init ] --START--
INFO: Run Behavior\BuildLiteBehavior [ RunTime:0.000008s ]
INFO: [ app_init ] --END-- [ RunTime:0.000179s ]

[ 2016-08-18T11:00:38+08:00 ] ::1 /agency/index.php?s=Home/Index/index
INFO: [ app_init ] --START--
INFO: Run Behavior\BuildLiteBehavior [ RunTime:0.000025s ]
INFO: [ app_init ] --END-- [ RunTime:0.000871s ]

[ 2016-08-18T11:00:40+08:00 ] ::1 /agency/index.php?s=Home/Index/index
INFO: [ app_init ] --START--
INFO: Run Behavior\BuildLiteBehavior [ RunTime:0.000008s ]
INFO: [ app_init ] --END-- [ RunTime:0.000185s ]

[ 2016-08-18T11:00:59+08:00 ] ::1 /agency/index.php?s=Home/Index/index
INFO: [ app_init ] --START--
INFO: Run Behavior\BuildLiteBehavior [ RunTime:0.000010s ]
INFO: [ app_init ] --END-- [ RunTime:0.000412s ]

[ 2016-08-18T11:00:59+08:00 ] ::1 /agency/index.php?s=Home/Home/logout
INFO: [ app_init ] --START--
INFO: Run Behavior\BuildLiteBehavior [ RunTime:0.000016s ]
INFO: [ app_init ] --END-- [ RunTime:0.000378s ]

[ 2016-08-18T11:00:59+08:00 ] ::1 /agency/index.php?s=Home/Home/login
INFO: [ app_init ] --START--
INFO: Run Behavior\BuildLiteBehavior [ RunTime:0.000008s ]
INFO: [ app_init ] --END-- [ RunTime:0.000178s ]

[ 2016-08-18T11:01:00+08:00 ] ::1 /agency/index.php?s=Home/Home/login
INFO: [ app_init ] --START--
INFO: Run Behavior\BuildLiteBehavior [ RunTime:0.000014s ]
INFO: [ app_init ] --END-- [ RunTime:0.000216s ]

[ 2016-08-18T11:01:03+08:00 ] ::1 /agency/index.php?s=Home/Home/login
INFO: [ app_init ] --START--
INFO: Run Behavior\BuildLiteBehavior [ RunTime:0.000008s ]
INFO: [ app_init ] --END-- [ RunTime:0.000194s ]
ERR: 1064:You have an error in your SQL syntax; check the manual that corresponds to your MySQL server version for the right syntax to use near 'WHERE `id` = 1' at line 1
 [ SQL语句 ] : UPDATE `admin` SET  WHERE `id` = 1
ERR: 1064:You have an error in your SQL syntax; check the manual that corresponds to your MySQL server version for the right syntax to use near 'WHERE `id` = 1' at line 1
 [ SQL语句 ] : UPDATE `admin` SET  WHERE `id` = 1

[ 2016-08-18T11:03:47+08:00 ] ::1 /agency/index.php?s=Home/Home/login
INFO: [ app_init ] --START--
INFO: Run Behavior\BuildLiteBehavior [ RunTime:0.000009s ]
INFO: [ app_init ] --END-- [ RunTime:0.000184s ]

[ 2016-08-18T11:03:47+08:00 ] ::1 /agency/index.php?s=Home/Index/index
INFO: [ app_init ] --START--
INFO: Run Behavior\BuildLiteBehavior [ RunTime:0.000009s ]
INFO: [ app_init ] --END-- [ RunTime:0.000193s ]

[ 2016-08-18T11:04:15+08:00 ] ::1 /agency/index.php?s=Home/Index/index
INFO: [ app_init ] --START--
INFO: Run Behavior\BuildLiteBehavior [ RunTime:0.000011s ]
INFO: [ app_init ] --END-- [ RunTime:0.000288s ]

[ 2016-08-18T11:06:25+08:00 ] ::1 /agency/index.php?s=Home/Index/index
INFO: [ app_init ] --START--
INFO: Run Behavior\BuildLiteBehavior [ RunTime:0.000014s ]
INFO: [ app_init ] --END-- [ RunTime:0.000214s ]

[ 2016-08-18T11:08:38+08:00 ] ::1 /agency/index.php?s=Home/Index/index
INFO: [ app_init ] --START--
INFO: Run Behavior\BuildLiteBehavior [ RunTime:0.000022s ]
INFO: [ app_init ] --END-- [ RunTime:0.000601s ]

[ 2016-08-18T11:08:39+08:00 ] ::1 /agency/index.php?s=Home/Index/index
INFO: [ app_init ] --START--
INFO: Run Behavior\BuildLiteBehavior [ RunTime:0.000008s ]
INFO: [ app_init ] --END-- [ RunTime:0.000174s ]

[ 2016-08-18T11:08:40+08:00 ] ::1 /agency/index.php?s=Home/Index/index
INFO: [ app_init ] --START--
INFO: Run Behavior\BuildLiteBehavior [ RunTime:0.000009s ]
INFO: [ app_init ] --END-- [ RunTime:0.000205s ]

[ 2016-08-18T11:08:44+08:00 ] ::1 /agency/index.php?s=/Home/Home/logout
INFO: [ app_init ] --START--
INFO: Run Behavior\BuildLiteBehavior [ RunTime:0.000009s ]
INFO: [ app_init ] --END-- [ RunTime:0.000239s ]

[ 2016-08-18T11:08:44+08:00 ] ::1 /agency/index.php?s=Home/Home/login
INFO: [ app_init ] --START--
INFO: Run Behavior\BuildLiteBehavior [ RunTime:0.000007s ]
INFO: [ app_init ] --END-- [ RunTime:0.000176s ]

[ 2016-08-18T11:08:45+08:00 ] ::1 /agency/index.php?s=Home/Home/login
INFO: [ app_init ] --START--
INFO: Run Behavior\BuildLiteBehavior [ RunTime:0.000008s ]
INFO: [ app_init ] --END-- [ RunTime:0.000187s ]

[ 2016-08-18T11:09:05+08:00 ] ::1 /agency/index.php?s=Home/Home/login
INFO: [ app_init ] --START--
INFO: Run Behavior\BuildLiteBehavior [ RunTime:0.000009s ]
INFO: [ app_init ] --END-- [ RunTime:0.000182s ]

[ 2016-08-18T11:09:54+08:00 ] ::1 /agency/index.php?s=Home/Home/login
INFO: [ app_init ] --START--
INFO: Run Behavior\BuildLiteBehavior [ RunTime:0.000010s ]
INFO: [ app_init ] --END-- [ RunTime:0.000185s ]

[ 2016-08-18T11:14:43+08:00 ] ::1 /agency/index.php?s=Home/Home/login
INFO: [ app_init ] --START--
INFO: Run Behavior\BuildLiteBehavior [ RunTime:0.000013s ]
INFO: [ app_init ] --END-- [ RunTime:0.000410s ]

[ 2016-08-18T11:14:43+08:00 ] ::1 /agency/index.php?s=Home/Index/index
INFO: [ app_init ] --START--
INFO: Run Behavior\BuildLiteBehavior [ RunTime:0.000008s ]
INFO: [ app_init ] --END-- [ RunTime:0.000173s ]

[ 2016-08-18T11:15:06+08:00 ] ::1 /agency/index.php?s=Home/Index/index
INFO: [ app_init ] --START--
INFO: Run Behavior\BuildLiteBehavior [ RunTime:0.000012s ]
INFO: [ app_init ] --END-- [ RunTime:0.000313s ]

[ 2016-08-18T11:18:10+08:00 ] ::1 /agency/index.php?s=Home/Index/index
INFO: [ app_init ] --START--
INFO: Run Behavior\BuildLiteBehavior [ RunTime:0.000012s ]
INFO: [ app_init ] --END-- [ RunTime:0.000372s ]

[ 2016-08-18T11:23:35+08:00 ] ::1 /agency/index.php?s=Home/Index/index
INFO: [ app_init ] --START--
INFO: Run Behavior\BuildLiteBehavior [ RunTime:0.000011s ]
INFO: [ app_init ] --END-- [ RunTime:0.000407s ]

[ 2016-08-18T11:23:58+08:00 ] ::1 /agency/index.php?s=Home/Index/index
INFO: [ app_init ] --START--
INFO: Run Behavior\BuildLiteBehavior [ RunTime:0.000014s ]
INFO: [ app_init ] --END-- [ RunTime:0.000330s ]

[ 2016-08-18T11:24:35+08:00 ] ::1 /agency/index.php?s=Home/Index/index
INFO: [ app_init ] --START--
INFO: Run Behavior\BuildLiteBehavior [ RunTime:0.000013s ]
INFO: [ app_init ] --END-- [ RunTime:0.000487s ]

[ 2016-08-18T11:24:37+08:00 ] ::1 /agency/index.php?s=
INFO: [ app_init ] --START--
INFO: Run Behavior\BuildLiteBehavior [ RunTime:0.000009s ]
INFO: [ app_init ] --END-- [ RunTime:0.000191s ]

[ 2016-08-18T11:25:15+08:00 ] ::1 /agency/index.php?s=/Home
INFO: [ app_init ] --START--
INFO: Run Behavior\BuildLiteBehavior [ RunTime:0.000016s ]
INFO: [ app_init ] --END-- [ RunTime:0.000571s ]

[ 2016-08-18T11:25:16+08:00 ] ::1 /agency/index.php?s=
INFO: [ app_init ] --START--
INFO: Run Behavior\BuildLiteBehavior [ RunTime:0.000008s ]
INFO: [ app_init ] --END-- [ RunTime:0.000175s ]

[ 2016-08-18T11:25:17+08:00 ] ::1 /agency/index.php?s=/Home
INFO: [ app_init ] --START--
INFO: Run Behavior\BuildLiteBehavior [ RunTime:0.000010s ]
INFO: [ app_init ] --END-- [ RunTime:0.000192s ]

[ 2016-08-18T11:58:49+08:00 ] ::1 /agency/index.php?s=/Home/Admin
INFO: [ app_init ] --START--
INFO: Run Behavior\BuildLiteBehavior [ RunTime:0.000012s ]
INFO: [ app_init ] --END-- [ RunTime:0.000420s ]

[ 2016-08-18T11:58:56+08:00 ] ::1 /agency/index.php?s=/Home/Admin/status&id=&p=1
INFO: [ app_init ] --START--
INFO: Run Behavior\BuildLiteBehavior [ RunTime:0.000016s ]
INFO: [ app_init ] --END-- [ RunTime:0.000331s ]
ERR: 1146:Table 'agency.admin_account' doesn't exist
 [ SQL语句 ] : update `admin_account` set `status`=1-`status` where `uid`=''
ERR: 1146:Table 'agency.admin_account' doesn't exist
 [ SQL语句 ] : update `admin_account` set `status`=1-`status` where `uid`=''

[ 2016-08-18T12:00:05+08:00 ] ::1 /agency/index.php?s=/Home/Admin
INFO: [ app_init ] --START--
INFO: Run Behavior\BuildLiteBehavior [ RunTime:0.000013s ]
INFO: [ app_init ] --END-- [ RunTime:0.000410s ]

[ 2016-08-18T12:01:09+08:00 ] ::1 /agency/index.php?s=/Home/Admin/status&id=&p=1
INFO: [ app_init ] --START--
INFO: Run Behavior\BuildLiteBehavior [ RunTime:0.000011s ]
INFO: [ app_init ] --END-- [ RunTime:0.000795s ]
ERR: 1146:Table 'agency.admin_account' doesn't exist
 [ SQL语句 ] : update `admin_account` set `status`=1-`status` where `id`=''
ERR: 1146:Table 'agency.admin_account' doesn't exist
 [ SQL语句 ] : update `admin_account` set `status`=1-`status` where `id`=''

[ 2016-08-18T12:01:17+08:00 ] ::1 /agency/index.php?s=/Home/Admin
INFO: [ app_init ] --START--
INFO: Run Behavior\BuildLiteBehavior [ RunTime:0.000008s ]
INFO: [ app_init ] --END-- [ RunTime:0.000189s ]

[ 2016-08-18T12:01:33+08:00 ] ::1 /agency/index.php?s=/Home/Admin
INFO: [ app_init ] --START--
INFO: Run Behavior\BuildLiteBehavior [ RunTime:0.000010s ]
INFO: [ app_init ] --END-- [ RunTime:0.000193s ]

[ 2016-08-18T12:01:36+08:00 ] ::1 /agency/index.php?s=/Home/Admin/status&id=1&p=1
INFO: [ app_init ] --START--
INFO: Run Behavior\BuildLiteBehavior [ RunTime:0.000009s ]
INFO: [ app_init ] --END-- [ RunTime:0.000193s ]

[ 2016-08-18T12:01:37+08:00 ] ::1 /agency/index.php?s=/Home/Admin/index&p=1
INFO: [ app_init ] --START--
INFO: Run Behavior\BuildLiteBehavior [ RunTime:0.000009s ]
INFO: [ app_init ] --END-- [ RunTime:0.000188s ]

[ 2016-08-18T12:02:36+08:00 ] ::1 /agency/index.php?s=/Home/Admin/status&id=1&p=1
INFO: [ app_init ] --START--
INFO: Run Behavior\BuildLiteBehavior [ RunTime:0.000011s ]
INFO: [ app_init ] --END-- [ RunTime:0.000273s ]

[ 2016-08-18T12:02:37+08:00 ] ::1 /agency/index.php?s=/Home/Admin/index&p=1
INFO: [ app_init ] --START--
INFO: Run Behavior\BuildLiteBehavior [ RunTime:0.000010s ]
INFO: [ app_init ] --END-- [ RunTime:0.000189s ]

[ 2016-08-18T12:03:30+08:00 ] ::1 /agency/index.php?s=/Home/Admin/index&p=1
INFO: [ app_init ] --START--
INFO: Run Behavior\BuildLiteBehavior [ RunTime:0.000012s ]
INFO: [ app_init ] --END-- [ RunTime:0.000316s ]

[ 2016-08-18T12:03:38+08:00 ] ::1 /agency/index.php?s=/Home/Admin/edit&id=1&p=1
INFO: [ app_init ] --START--
INFO: Run Behavior\BuildLiteBehavior [ RunTime:0.000011s ]
INFO: [ app_init ] --END-- [ RunTime:0.000213s ]

[ 2016-08-18T12:04:25+08:00 ] ::1 /agency/index.php?s=/Home/Admin/edit&id=1&p=1
INFO: [ app_init ] --START--
INFO: Run Behavior\BuildLiteBehavior [ RunTime:0.000011s ]
INFO: [ app_init ] --END-- [ RunTime:0.000222s ]

[ 2016-08-18T12:04:29+08:00 ] ::1 /agency/index.php?s=/Home/Admin/edit&id=1&p=1
INFO: [ app_init ] --START--
INFO: Run Behavior\BuildLiteBehavior [ RunTime:0.000454s ]
INFO: [ app_init ] --END-- [ RunTime:0.001127s ]

[ 2016-08-18T12:04:32+08:00 ] ::1 /agency/index.php?s=/Home/Admin/edit&id=1&p=1
INFO: [ app_init ] --START--
INFO: Run Behavior\BuildLiteBehavior [ RunTime:0.000011s ]
INFO: [ app_init ] --END-- [ RunTime:0.000248s ]

[ 2016-08-18T12:05:09+08:00 ] ::1 /agency/index.php?s=/Home/Admin/edit&id=1&p=1
INFO: [ app_init ] --START--
INFO: Run Behavior\BuildLiteBehavior [ RunTime:0.000011s ]
INFO: [ app_init ] --END-- [ RunTime:0.000390s ]

[ 2016-08-18T12:05:12+08:00 ] ::1 /agency/index.php?s=/Home/Admin/edit&id=1&p=1
INFO: [ app_init ] --START--
INFO: Run Behavior\BuildLiteBehavior [ RunTime:0.000009s ]
INFO: [ app_init ] --END-- [ RunTime:0.000246s ]

[ 2016-08-18T12:05:17+08:00 ] ::1 /agency/index.php?s=/Home/Admin/edit&id=1&p=1
INFO: [ app_init ] --START--
INFO: Run Behavior\BuildLiteBehavior [ RunTime:0.000011s ]
INFO: [ app_init ] --END-- [ RunTime:0.000200s ]

[ 2016-08-18T12:05:24+08:00 ] ::1 /agency/index.php?s=/Home/Admin
INFO: [ app_init ] --START--
INFO: Run Behavior\BuildLiteBehavior [ RunTime:0.000008s ]
INFO: [ app_init ] --END-- [ RunTime:0.000226s ]

[ 2016-08-18T12:05:26+08:00 ] ::1 /agency/index.php?s=/Home/Admin/add&p=1
INFO: [ app_init ] --START--
INFO: Run Behavior\BuildLiteBehavior [ RunTime:0.000010s ]
INFO: [ app_init ] --END-- [ RunTime:0.000190s ]

[ 2016-08-18T12:05:29+08:00 ] ::1 /agency/index.php?s=/Home/Admin&p=1
INFO: [ app_init ] --START--
INFO: Run Behavior\BuildLiteBehavior [ RunTime:0.000010s ]
INFO: [ app_init ] --END-- [ RunTime:0.000194s ]

[ 2016-08-18T12:08:46+08:00 ] ::1 /agency/index.php?s=/Home/Admin&p=1
INFO: [ app_init ] --START--
INFO: Run Behavior\BuildLiteBehavior [ RunTime:0.000010s ]
INFO: [ app_init ] --END-- [ RunTime:0.000211s ]

[ 2016-08-18T12:10:20+08:00 ] ::1 /agency/index.php?s=/Home/Admin&p=1
INFO: [ app_init ] --START--
INFO: Run Behavior\BuildLiteBehavior [ RunTime:0.000009s ]
INFO: [ app_init ] --END-- [ RunTime:0.000184s ]

[ 2016-08-18T12:10:23+08:00 ] ::1 /agency/index.php?s=/Home/UserInfo
INFO: [ app_init ] --START--
INFO: Run Behavior\BuildLiteBehavior [ RunTime:0.000008s ]
INFO: [ app_init ] --END-- [ RunTime:0.000174s ]

[ 2016-08-18T14:48:38+08:00 ] ::1 /agency/index.php?s=/Home/UserInfo
INFO: [ app_init ] --START--
INFO: Run Behavior\BuildLiteBehavior [ RunTime:0.000014s ]
INFO: [ app_init ] --END-- [ RunTime:0.000586s ]
ERR: 无法加载控制器:UserInfo

[ 2016-08-18T14:48:46+08:00 ] ::1 /agency/index.php?s=/Home/User
INFO: [ app_init ] --START--
INFO: Run Behavior\BuildLiteBehavior [ RunTime:0.000010s ]
INFO: [ app_init ] --END-- [ RunTime:0.000319s ]
ERR: 模板不存在:./Agency/Home/View/User/index.html

[ 2016-08-18T14:48:57+08:00 ] ::1 /agency/index.php?s=/Home/User
INFO: [ app_init ] --START--
INFO: Run Behavior\BuildLiteBehavior [ RunTime:0.000010s ]
INFO: [ app_init ] --END-- [ RunTime:0.000271s ]
ERR: 模板不存在:./Agency/Home/View/User/index.html

[ 2016-08-18T14:48:58+08:00 ] ::1 /agency/index.php?s=/Home/User
INFO: [ app_init ] --START--
INFO: Run Behavior\BuildLiteBehavior [ RunTime:0.000059s ]
INFO: [ app_init ] --END-- [ RunTime:0.000433s ]
ERR: 模板不存在:./Agency/Home/View/User/index.html

[ 2016-08-18T14:48:59+08:00 ] ::1 /agency/index.php?s=/Home/User
INFO: [ app_init ] --START--
INFO: Run Behavior\BuildLiteBehavior [ RunTime:0.000009s ]
INFO: [ app_init ] --END-- [ RunTime:0.000189s ]
ERR: 模板不存在:./Agency/Home/View/User/index.html

[ 2016-08-18T14:49:16+08:00 ] ::1 /agency/index.php?s=/Home/User
INFO: [ app_init ] --START--
INFO: Run Behavior\BuildLiteBehavior [ RunTime:0.000010s ]
INFO: [ app_init ] --END-- [ RunTime:0.000319s ]
ERR: 模板不存在:./Agency/Home/View/User/index.html

[ 2016-08-18T14:49:17+08:00 ] ::1 /agency/index.php?s=/Home/User
INFO: [ app_init ] --START--
INFO: Run Behavior\BuildLiteBehavior [ RunTime:0.000009s ]
INFO: [ app_init ] --END-- [ RunTime:0.000177s ]
ERR: 模板不存在:./Agency/Home/View/User/index.html

[ 2016-08-18T14:49:19+08:00 ] ::1 /agency/index.php?s=/Home/User
INFO: [ app_init ] --START--
INFO: Run Behavior\BuildLiteBehavior [ RunTime:0.000009s ]
INFO: [ app_init ] --END-- [ RunTime:0.000186s ]
ERR: 模板不存在:./Agency/Home/View/User/index.html

[ 2016-08-18T14:49:35+08:00 ] ::1 /agency/index.php?s=/Home/User
INFO: [ app_init ] --START--
INFO: Run Behavior\BuildLiteBehavior [ RunTime:0.000015s ]
INFO: [ app_init ] --END-- [ RunTime:0.000449s ]

[ 2016-08-18T14:49:47+08:00 ] ::1 /agency/index.php?s=/Home/User
INFO: [ app_init ] --START--
INFO: Run Behavior\BuildLiteBehavior [ RunTime:0.000016s ]
INFO: [ app_init ] --END-- [ RunTime:0.007595s ]

[ 2016-08-18T14:49:49+08:00 ] ::1 /agency/index.php?s=/Home/User
INFO: [ app_init ] --START--
INFO: Run Behavior\BuildLiteBehavior [ RunTime:0.000009s ]
INFO: [ app_init ] --END-- [ RunTime:0.000184s ]

[ 2016-08-18T14:49:52+08:00 ] ::1 /agency/index.php?s=/Home/User
INFO: [ app_init ] --START--
INFO: Run Behavior\BuildLiteBehavior [ RunTime:0.000010s ]
INFO: [ app_init ] --END-- [ RunTime:0.000192s ]

[ 2016-08-18T14:50:10+08:00 ] ::1 /agency/index.php?s=/Home/User
INFO: [ app_init ] --START--
INFO: Run Behavior\BuildLiteBehavior [ RunTime:0.000009s ]
INFO: [ app_init ] --END-- [ RunTime:0.000191s ]

[ 2016-08-18T14:51:45+08:00 ] ::1 /agency/index.php?s=/Home/User
INFO: [ app_init ] --START--
INFO: Run Behavior\BuildLiteBehavior [ RunTime:0.000013s ]
INFO: [ app_init ] --END-- [ RunTime:0.000402s ]

[ 2016-08-18T14:52:32+08:00 ] ::1 /agency/index.php?s=/Home/User
INFO: [ app_init ] --START--
INFO: Run Behavior\BuildLiteBehavior [ RunTime:0.000009s ]
INFO: [ app_init ] --END-- [ RunTime:0.000181s ]

[ 2016-08-18T14:53:07+08:00 ] ::1 /agency/index.php?s=/Home/User
INFO: [ app_init ] --START--
INFO: Run Behavior\BuildLiteBehavior [ RunTime:0.000010s ]
INFO: [ app_init ] --END-- [ RunTime:0.000197s ]

[ 2016-08-18T14:53:11+08:00 ] ::1 /agency/index.php?s=%2FHome%2FUser%2Findex&channel_uid=&user_id=&nickname=
INFO: [ app_init ] --START--
INFO: Run Behavior\BuildLiteBehavior [ RunTime:0.000009s ]
INFO: [ app_init ] --END-- [ RunTime:0.000184s ]

[ 2016-08-18T14:55:00+08:00 ] ::1 /agency/index.php?s=%2FHome%2FUser%2Findex&channel_uid=&user_id=&nickname=
INFO: [ app_init ] --START--
INFO: Run Behavior\BuildLiteBehavior [ RunTime:0.000009s ]
INFO: [ app_init ] --END-- [ RunTime:0.000279s ]

[ 2016-08-18T15:03:32+08:00 ] ::1 /agency/index.php?s=%2FHome%2FUser%2Findex&channel_uid=&user_id=&nickname=
INFO: [ app_init ] --START--
INFO: Run Behavior\BuildLiteBehavior [ RunTime:0.000009s ]
INFO: [ app_init ] --END-- [ RunTime:0.000274s ]

[ 2016-08-18T15:03:36+08:00 ] ::1 /agency/index.php?s=%2FHome%2FUser%2Findex&phone=&wechat=&nickname=&email=
INFO: [ app_init ] --START--
INFO: Run Behavior\BuildLiteBehavior [ RunTime:0.000010s ]
INFO: [ app_init ] --END-- [ RunTime:0.000189s ]

[ 2016-08-18T15:07:07+08:00 ] ::1 /agency/index.php?s=%2FHome%2FUser%2Findex&phone=&wechat=&nickname=&email=
INFO: [ app_init ] --START--
INFO: Run Behavior\BuildLiteBehavior [ RunTime:0.000010s ]
INFO: [ app_init ] --END-- [ RunTime:0.000201s ]

[ 2016-08-18T15:12:19+08:00 ] ::1 /agency/index.php?s=%2FHome%2FUser%2Findex&phone=1376&wechat=&nickname=&email=
INFO: [ app_init ] --START--
INFO: Run Behavior\BuildLiteBehavior [ RunTime:0.000044s ]
INFO: [ app_init ] --END-- [ RunTime:0.001484s ]

[ 2016-08-18T15:12:21+08:00 ] ::1 /agency/index.php?s=%2FHome%2FUser%2Findex&phone=&wechat=&nickname=&email=
INFO: [ app_init ] --START--
INFO: Run Behavior\BuildLiteBehavior [ RunTime:0.000010s ]
INFO: [ app_init ] --END-- [ RunTime:0.000191s ]

[ 2016-08-18T15:12:35+08:00 ] ::1 /agency/index.php?s=%2FHome%2FUser%2Findex&phone=&wechat=&nickname=&email=
INFO: [ app_init ] --START--
INFO: Run Behavior\BuildLiteBehavior [ RunTime:0.000029s ]
INFO: [ app_init ] --END-- [ RunTime:0.001048s ]

[ 2016-08-18T15:12:42+08:00 ] ::1 /agency/index.php?s=%2FHome%2FUser%2Findex&phone=&wechat=&nickname=&email=
INFO: [ app_init ] --START--
INFO: Run Behavior\BuildLiteBehavior [ RunTime:0.000017s ]
INFO: [ app_init ] --END-- [ RunTime:0.000368s ]

[ 2016-08-18T15:12:57+08:00 ] ::1 /agency/index.php?s=%2FHome%2FUser%2Findex&phone=&wechat=&nickname=&email=
INFO: [ app_init ] --START--
INFO: Run Behavior\BuildLiteBehavior [ RunTime:0.000031s ]
INFO: [ app_init ] --END-- [ RunTime:0.000613s ]

[ 2016-08-18T15:17:00+08:00 ] ::1 /agency/index.php?s=%2FHome%2FUser%2Findex&phone=1376&wechat=&nickname=&email=
INFO: [ app_init ] --START--
INFO: Run Behavior\BuildLiteBehavior [ RunTime:0.000012s ]
INFO: [ app_init ] --END-- [ RunTime:0.000422s ]

[ 2016-08-18T15:17:11+08:00 ] ::1 /agency/index.php?s=%2FHome%2FUser%2Findex&phone=1376&wechat=&nickname=&email=
INFO: [ app_init ] --START--
INFO: Run Behavior\BuildLiteBehavior [ RunTime:0.000009s ]
INFO: [ app_init ] --END-- [ RunTime:0.000192s ]

[ 2016-08-18T15:17:49+08:00 ] ::1 /agency/index.php?s=%2FHome%2FUser%2Findex&phone=1376&wechat=&nickname=&email=
INFO: [ app_init ] --START--
INFO: Run Behavior\BuildLiteBehavior [ RunTime:0.000011s ]
INFO: [ app_init ] --END-- [ RunTime:0.000382s ]

[ 2016-08-18T15:17:54+08:00 ] ::1 /agency/index.php?s=%2FHome%2FUser%2Findex&phone=&wechat=&nickname=&email=
INFO: [ app_init ] --START--
INFO: Run Behavior\BuildLiteBehavior [ RunTime:0.000012s ]
INFO: [ app_init ] --END-- [ RunTime:0.000283s ]

[ 2016-08-18T15:19:07+08:00 ] ::1 /agency/index.php?s=%2FHome%2FUser%2Findex&phone=1376&wechat=&nickname=&email=
INFO: [ app_init ] --START--
INFO: Run Behavior\BuildLiteBehavior [ RunTime:0.000010s ]
INFO: [ app_init ] --END-- [ RunTime:0.000204s ]

[ 2016-08-18T15:19:48+08:00 ] ::1 /agency/index.php?s=%2FHome%2FUser%2Findex&phone=1376&wechat=&nickname=&email=
INFO: [ app_init ] --START--
INFO: Run Behavior\BuildLiteBehavior [ RunTime:0.000011s ]
INFO: [ app_init ] --END-- [ RunTime:0.000292s ]

[ 2016-08-18T15:20:25+08:00 ] ::1 /agency/index.php?s=%2FHome%2FUser%2Findex&phone=1376&wechat=&nickname=&email=
INFO: [ app_init ] --START--
INFO: Run Behavior\BuildLiteBehavior [ RunTime:0.000010s ]
INFO: [ app_init ] --END-- [ RunTime:0.000204s ]

[ 2016-08-18T15:20:38+08:00 ] ::1 /agency/index.php?s=%2FHome%2FUser%2Findex&phone=1376&wechat=&nickname=&email=
INFO: [ app_init ] --START--
INFO: Run Behavior\BuildLiteBehavior [ RunTime:0.000014s ]
INFO: [ app_init ] --END-- [ RunTime:0.000242s ]

[ 2016-08-18T15:22:03+08:00 ] ::1 /agency/index.php?s=%2FHome%2FUser%2Findex&phone=1376&wechat=&nickname=&email=
INFO: [ app_init ] --START--
INFO: Run Behavior\BuildLiteBehavior [ RunTime:0.000042s ]
INFO: [ app_init ] --END-- [ RunTime:0.000636s ]

[ 2016-08-18T15:26:33+08:00 ] ::1 /agency/index.php?s=%2FHome%2FUser%2Findex&phone=1376&wechat=&nickname=&email=
INFO: [ app_init ] --START--
INFO: Run Behavior\BuildLiteBehavior [ RunTime:0.000013s ]
INFO: [ app_init ] --END-- [ RunTime:0.000431s ]

[ 2016-08-18T15:35:04+08:00 ] ::1 /agency/index.php?s=%2FHome%2FUser%2Findex&phone=1376&wechat=&nickname=&email=
INFO: [ app_init ] --START--
INFO: Run Behavior\BuildLiteBehavior [ RunTime:0.000014s ]
INFO: [ app_init ] --END-- [ RunTime:0.000479s ]

[ 2016-08-18T15:41:35+08:00 ] ::1 /agency/index.php?s=%2FHome%2FUser%2Findex&phone=1376&wechat=&nickname=&email=
INFO: [ app_init ] --START--
INFO: Run Behavior\BuildLiteBehavior [ RunTime:0.000012s ]
INFO: [ app_init ] --END-- [ RunTime:0.000461s ]

[ 2016-08-18T15:42:36+08:00 ] ::1 /agency/index.php?s=%2FHome%2FUser%2Findex&phone=1376&wechat=&nickname=&email=
INFO: [ app_init ] --START--
INFO: Run Behavior\BuildLiteBehavior [ RunTime:0.000011s ]
INFO: [ app_init ] --END-- [ RunTime:0.000301s ]

[ 2016-08-18T15:43:07+08:00 ] ::1 /agency/index.php?s=%2FHome%2FUser%2Findex&phone=1376&wechat=&nickname=&email=
INFO: [ app_init ] --START--
INFO: Run Behavior\BuildLiteBehavior [ RunTime:0.000009s ]
INFO: [ app_init ] --END-- [ RunTime:0.000194s ]

[ 2016-08-18T15:45:13+08:00 ] ::1 /agency/index.php?s=%2FHome%2FUser%2Findex&phone=1376&wechat=&nickname=&email=
INFO: [ app_init ] --START--
INFO: Run Behavior\BuildLiteBehavior [ RunTime:0.000011s ]
INFO: [ app_init ] --END-- [ RunTime:0.000208s ]

[ 2016-08-18T15:45:20+08:00 ] ::1 /agency/index.php?s=/Home/User/edit?uid=1
INFO: [ app_init ] --START--
INFO: Run Behavior\BuildLiteBehavior [ RunTime:0.000007s ]
INFO: [ app_init ] --END-- [ RunTime:0.000175s ]
ERR: 非法操作:edit?uid=1

[ 2016-08-18T15:45:32+08:00 ] ::1 /agency/index.php?s=%2FHome%2FUser%2Findex&phone=1376&wechat=&nickname=&email=
INFO: [ app_init ] --START--
INFO: Run Behavior\BuildLiteBehavior [ RunTime:0.000010s ]
INFO: [ app_init ] --END-- [ RunTime:0.000221s ]

[ 2016-08-18T15:45:34+08:00 ] ::1 /agency/index.php?s=/Home/User/edit&uid=1
INFO: [ app_init ] --START--
INFO: Run Behavior\BuildLiteBehavior [ RunTime:0.000012s ]
INFO: [ app_init ] --END-- [ RunTime:0.000256s ]
ERR: 非法操作:edit

[ 2016-08-18T16:52:15+08:00 ] ::1 /agency/index.php?s=%2FHome%2FUser%2Findex&phone=1376&wechat=&nickname=&email=
INFO: [ app_init ] --START--
INFO: Run Behavior\BuildLiteBehavior [ RunTime:0.000012s ]
INFO: [ app_init ] --END-- [ RunTime:0.000585s ]

[ 2016-08-18T16:53:14+08:00 ] ::1 /agency/index.php?s=/Home/User/edit&uid=1
INFO: [ app_init ] --START--
INFO: Run Behavior\BuildLiteBehavior [ RunTime:0.000012s ]
INFO: [ app_init ] --END-- [ RunTime:0.000497s ]
ERR: 非法操作:edit

[ 2016-08-18T16:55:13+08:00 ] ::1 /agency/index.php?s=%2FHome%2FUser%2Findex&phone=1376&wechat=&nickname=&email=
INFO: [ app_init ] --START--
INFO: Run Behavior\BuildLiteBehavior [ RunTime:0.000039s ]
INFO: [ app_init ] --END-- [ RunTime:0.001451s ]

[ 2016-08-18T16:55:40+08:00 ] ::1 /agency/index.php?s=%2FHome%2FUser%2Findex&phone=1376&wechat=&nickname=&email=
INFO: [ app_init ] --START--
INFO: Run Behavior\BuildLiteBehavior [ RunTime:0.000010s ]
INFO: [ app_init ] --END-- [ RunTime:0.000278s ]

[ 2016-08-18T16:56:05+08:00 ] ::1 /agency/index.php?s=%2FHome%2FUser%2Findex&phone=1376&wechat=&nickname=&email=
INFO: [ app_init ] --START--
INFO: Run Behavior\BuildLiteBehavior [ RunTime:0.000013s ]
INFO: [ app_init ] --END-- [ RunTime:0.000275s ]

[ 2016-08-18T16:56:36+08:00 ] ::1 /agency/index.php?s=%2FHome%2FUser%2Findex&phone=1376&wechat=&nickname=&email=
INFO: [ app_init ] --START--
INFO: Run Behavior\BuildLiteBehavior [ RunTime:0.000009s ]
INFO: [ app_init ] --END-- [ RunTime:0.000197s ]

[ 2016-08-18T16:57:44+08:00 ] ::1 /agency/index.php?s=%2FHome%2FUser%2Findex&phone=1376&wechat=&nickname=&email=
INFO: [ app_init ] --START--
INFO: Run Behavior\BuildLiteBehavior [ RunTime:0.000013s ]
INFO: [ app_init ] --END-- [ RunTime:0.000525s ]

[ 2016-08-18T17:01:30+08:00 ] ::1 /agency/index.php?s=%2FHome%2FUser%2Findex&phone=1376&wechat=&nickname=&email=
INFO: [ app_init ] --START--
INFO: Run Behavior\BuildLiteBehavior [ RunTime:0.000016s ]
INFO: [ app_init ] --END-- [ RunTime:0.000481s ]

[ 2016-08-18T17:02:24+08:00 ] ::1 /agency/index.php?s=%2FHome%2FUser%2Findex&phone=1376&wechat=&nickname=&email=
INFO: [ app_init ] --START--
INFO: Run Behavior\BuildLiteBehavior [ RunTime:0.000008s ]
INFO: [ app_init ] --END-- [ RunTime:0.000198s ]

[ 2016-08-18T17:02:42+08:00 ] ::1 /agency/index.php?s=%2FHome%2FUser%2Findex&phone=222&wechat=&nickname=&email=
INFO: [ app_init ] --START--
INFO: Run Behavior\BuildLiteBehavior [ RunTime:0.000011s ]
INFO: [ app_init ] --END-- [ RunTime:0.000344s ]

[ 2016-08-18T17:02:45+08:00 ] ::1 /agency/index.php?s=%2FHome%2FUser%2Findex&phone=222&wechat=&nickname=&email=
INFO: [ app_init ] --START--
INFO: Run Behavior\BuildLiteBehavior [ RunTime:0.000009s ]
INFO: [ app_init ] --END-- [ RunTime:0.000182s ]

[ 2016-08-18T17:05:43+08:00 ] ::1 /agency/index.php?s=%2FHome%2FUser%2Findex&phone=222&wechat=&nickname=&email=
INFO: [ app_init ] --START--
INFO: Run Behavior\BuildLiteBehavior [ RunTime:0.000010s ]
INFO: [ app_init ] --END-- [ RunTime:0.000189s ]

[ 2016-08-18T17:05:45+08:00 ] ::1 /agency/index.php?s=%2FHome%2FUser%2Findex&phone=222&wechat=&nickname=&email=
INFO: [ app_init ] --START--
INFO: Run Behavior\BuildLiteBehavior [ RunTime:0.000011s ]
INFO: [ app_init ] --END-- [ RunTime:0.000231s ]

[ 2016-08-18T17:05:56+08:00 ] ::1 /agency/index.php?s=%2FHome%2FUser%2Findex&phone=222&wechat=&nickname=&email=
INFO: [ app_init ] --START--
INFO: Run Behavior\BuildLiteBehavior [ RunTime:0.000011s ]
INFO: [ app_init ] --END-- [ RunTime:0.000211s ]

[ 2016-08-18T17:06:10+08:00 ] ::1 /agency/index.php?s=%2FHome%2FUser%2Findex&phone=222&wechat=&nickname=&email=
INFO: [ app_init ] --START--
INFO: Run Behavior\BuildLiteBehavior [ RunTime:0.000010s ]
INFO: [ app_init ] --END-- [ RunTime:0.000301s ]

[ 2016-08-18T17:06:12+08:00 ] ::1 /agency/index.php?s=%2FHome%2FUser%2Findex&phone=222&wechat=&nickname=&email=
INFO: [ app_init ] --START--
INFO: Run Behavior\BuildLiteBehavior [ RunTime:0.000010s ]
INFO: [ app_init ] --END-- [ RunTime:0.000206s ]

[ 2016-08-18T17:06:13+08:00 ] ::1 /agency/index.php?s=%2FHome%2FUser%2Findex&phone=222&wechat=&nickname=&email=
INFO: [ app_init ] --START--
INFO: Run Behavior\BuildLiteBehavior [ RunTime:0.000014s ]
INFO: [ app_init ] --END-- [ RunTime:0.000284s ]

[ 2016-08-18T17:06:35+08:00 ] ::1 /agency/index.php?s=%2FHome%2FUser%2Findex&phone=222&wechat=&nickname=&email=
INFO: [ app_init ] --START--
INFO: Run Behavior\BuildLiteBehavior [ RunTime:0.000014s ]
INFO: [ app_init ] --END-- [ RunTime:0.000534s ]

[ 2016-08-18T17:06:54+08:00 ] ::1 /agency/index.php?s=%2FHome%2FUser%2Findex&phone=222&wechat=&nickname=&email=
INFO: [ app_init ] --START--
INFO: Run Behavior\BuildLiteBehavior [ RunTime:0.000010s ]
INFO: [ app_init ] --END-- [ RunTime:0.000297s ]

[ 2016-08-18T17:06:56+08:00 ] ::1 /agency/index.php?s=%2FHome%2FUser%2Findex&phone=222&wechat=&nickname=&email=
INFO: [ app_init ] --START--
INFO: Run Behavior\BuildLiteBehavior [ RunTime:0.000009s ]
INFO: [ app_init ] --END-- [ RunTime:0.000178s ]

[ 2016-08-18T17:07:05+08:00 ] ::1 /agency/index.php?s=%2FHome%2FUser%2Findex&phone=1&wechat=&nickname=&email=
INFO: [ app_init ] --START--
INFO: Run Behavior\BuildLiteBehavior [ RunTime:0.000009s ]
INFO: [ app_init ] --END-- [ RunTime:0.000188s ]

[ 2016-08-18T17:07:24+08:00 ] ::1 /agency/index.php?s=%2FHome%2FUser%2Findex&phone=&wechat=&nickname=&email=
INFO: [ app_init ] --START--
INFO: Run Behavior\BuildLiteBehavior [ RunTime:0.000010s ]
INFO: [ app_init ] --END-- [ RunTime:0.000208s ]

[ 2016-08-18T17:07:35+08:00 ] ::1 /agency/index.php?s=/Home/User/add&p=1
INFO: [ app_init ] --START--
INFO: Run Behavior\BuildLiteBehavior [ RunTime:0.000010s ]
INFO: [ app_init ] --END-- [ RunTime:0.000211s ]
ERR: 非法操作:add

[ 2016-08-18T17:10:16+08:00 ] ::1 /agency/index.php?s=/Home/User/add&p=1
INFO: [ app_init ] --START--
INFO: Run Behavior\BuildLiteBehavior [ RunTime:0.000024s ]
INFO: [ app_init ] --END-- [ RunTime:0.000383s ]

[ 2016-08-18T17:32:01+08:00 ] ::1 /agency/index.php?s=/Home/User/add&p=1
INFO: [ app_init ] --START--
INFO: Run Behavior\BuildLiteBehavior [ RunTime:0.000012s ]
INFO: [ app_init ] --END-- [ RunTime:0.000392s ]

[ 2016-08-18T17:33:18+08:00 ] ::1 /agency/index.php?s=/Home/User/add&p=1
INFO: [ app_init ] --START--
INFO: Run Behavior\BuildLiteBehavior [ RunTime:0.000013s ]
INFO: [ app_init ] --END-- [ RunTime:0.000469s ]

[ 2016-08-18T17:38:33+08:00 ] ::1 /agency/index.php?s=/Home/User/add&p=1
INFO: [ app_init ] --START--
INFO: Run Behavior\BuildLiteBehavior [ RunTime:0.000020s ]
INFO: [ app_init ] --END-- [ RunTime:0.000890s ]

[ 2016-08-18T17:41:50+08:00 ] ::1 /agency/index.php?s=/Home/User/add&p=1
INFO: [ app_init ] --START--
INFO: Run Behavior\BuildLiteBehavior [ RunTime:0.000011s ]
INFO: [ app_init ] --END-- [ RunTime:0.000370s ]

[ 2016-08-18T17:43:22+08:00 ] ::1 /agency/index.php?s=/Home/User/add&p=1
INFO: [ app_init ] --START--
INFO: Run Behavior\BuildLiteBehavior [ RunTime:0.000013s ]
INFO: [ app_init ] --END-- [ RunTime:0.000469s ]

[ 2016-08-18T17:43:55+08:00 ] ::1 /agency/index.php?s=/Home/User/add&p=1
INFO: [ app_init ] --START--
INFO: Run Behavior\BuildLiteBehavior [ RunTime:0.000010s ]
INFO: [ app_init ] --END-- [ RunTime:0.000201s ]

[ 2016-08-18T17:46:16+08:00 ] ::1 /agency/index.php?s=/Home/User&p=1
INFO: [ app_init ] --START--
INFO: Run Behavior\BuildLiteBehavior [ RunTime:0.000009s ]
INFO: [ app_init ] --END-- [ RunTime:0.000190s ]

[ 2016-08-18T17:46:20+08:00 ] ::1 /agency/index.php?s=/Home/User
INFO: [ app_init ] --START--
INFO: Run Behavior\BuildLiteBehavior [ RunTime:0.000008s ]
INFO: [ app_init ] --END-- [ RunTime:0.000178s ]

[ 2016-08-18T17:46:24+08:00 ] ::1 /agency/index.php?s=/Home/User
INFO: [ app_init ] --START--
INFO: Run Behavior\BuildLiteBehavior [ RunTime:0.000009s ]
INFO: [ app_init ] --END-- [ RunTime:0.000190s ]

[ 2016-08-18T17:46:27+08:00 ] ::1 /agency/index.php?s=%2FHome%2FUser%2Findex&phone=1&wechat=&nickname=&email=
INFO: [ app_init ] --START--
INFO: Run Behavior\BuildLiteBehavior [ RunTime:0.000011s ]
INFO: [ app_init ] --END-- [ RunTime:0.000278s ]

[ 2016-08-18T17:46:29+08:00 ] ::1 /agency/index.php?s=/Home/User/edit&uid=2
INFO: [ app_init ] --START--
INFO: Run Behavior\BuildLiteBehavior [ RunTime:0.000009s ]
INFO: [ app_init ] --END-- [ RunTime:0.000209s ]
ERR: 模板不存在:./Agency/Home/View/User/edit.html

[ 2016-08-18T17:52:07+08:00 ] ::1 /agency/index.php?s=/Home/User/edit&uid=2
INFO: [ app_init ] --START--
INFO: Run Behavior\BuildLiteBehavior [ RunTime:0.000013s ]
INFO: [ app_init ] --END-- [ RunTime:0.000430s ]

[ 2016-08-18T17:52:31+08:00 ] ::1 /agency/index.php?s=/Home/User/edit&uid=2
INFO: [ app_init ] --START--
INFO: Run Behavior\BuildLiteBehavior [ RunTime:0.000011s ]
INFO: [ app_init ] --END-- [ RunTime:0.000368s ]

[ 2016-08-18T17:52:49+08:00 ] ::1 /agency/index.php?s=/Home/User/edit&uid=2
INFO: [ app_init ] --START--
INFO: Run Behavior\BuildLiteBehavior [ RunTime:0.000021s ]
INFO: [ app_init ] --END-- [ RunTime:0.000294s ]

[ 2016-08-18T17:53:00+08:00 ] ::1 /agency/index.php?s=/Home/User/edit&uid=2
INFO: [ app_init ] --START--
INFO: Run Behavior\BuildLiteBehavior [ RunTime:0.000008s ]
INFO: [ app_init ] --END-- [ RunTime:0.000184s ]

[ 2016-08-18T17:53:01+08:00 ] ::1 /agency/index.php?s=/Home/User/edit&uid=2
INFO: [ app_init ] --START--
INFO: Run Behavior\BuildLiteBehavior [ RunTime:0.000015s ]
INFO: [ app_init ] --END-- [ RunTime:0.000333s ]

[ 2016-08-18T17:57:06+08:00 ] ::1 /agency/index.php?s=/Home/User/edit&uid=2
INFO: [ app_init ] --START--
INFO: Run Behavior\BuildLiteBehavior [ RunTime:0.000013s ]
INFO: [ app_init ] --END-- [ RunTime:0.000449s ]

[ 2016-08-18T17:57:07+08:00 ] ::1 /agency/index.php?s=/Home/User/edit&uid=2
INFO: [ app_init ] --START--
INFO: Run Behavior\BuildLiteBehavior [ RunTime:0.000007s ]
INFO: [ app_init ] --END-- [ RunTime:0.000176s ]

[ 2016-08-18T17:57:37+08:00 ] ::1 /agency/index.php?s=/Home/User/edit&uid=2
INFO: [ app_init ] --START--
INFO: Run Behavior\BuildLiteBehavior [ RunTime:0.000025s ]
INFO: [ app_init ] --END-- [ RunTime:0.000612s ]

[ 2016-08-18T17:57:39+08:00 ] ::1 /agency/index.php?s=/Home/User/edit&uid=2
INFO: [ app_init ] --START--
INFO: Run Behavior\BuildLiteBehavior [ RunTime:0.000008s ]
INFO: [ app_init ] --END-- [ RunTime:0.000177s ]

[ 2016-08-18T17:57:50+08:00 ] ::1 /agency/index.php?s=/Home/User/edit&uid=2
INFO: [ app_init ] --START--
INFO: Run Behavior\BuildLiteBehavior [ RunTime:0.000009s ]
INFO: [ app_init ] --END-- [ RunTime:0.000185s ]

[ 2016-08-18T17:57:52+08:00 ] ::1 /agency/index.php?s=/Home/User/edit&uid=2
INFO: [ app_init ] --START--
INFO: Run Behavior\BuildLiteBehavior [ RunTime:0.000013s ]
INFO: [ app_init ] --END-- [ RunTime:0.000291s ]

[ 2016-08-18T17:59:57+08:00 ] ::1 /agency/index.php?s=/Home/User/edit&uid=2
INFO: [ app_init ] --START--
INFO: Run Behavior\BuildLiteBehavior [ RunTime:0.000011s ]
INFO: [ app_init ] --END-- [ RunTime:0.000407s ]

[ 2016-08-18T18:00:28+08:00 ] ::1 /agency/index.php?s=/Home/User/edit&uid=2
INFO: [ app_init ] --START--
INFO: Run Behavior\BuildLiteBehavior [ RunTime:0.000008s ]
INFO: [ app_init ] --END-- [ RunTime:0.000182s ]

[ 2016-08-18T18:01:16+08:00 ] ::1 /agency/index.php?s=/Home/User/edit&uid=2
INFO: [ app_init ] --START--
INFO: Run Behavior\BuildLiteBehavior [ RunTime:0.000014s ]
INFO: [ app_init ] --END-- [ RunTime:0.000457s ]

[ 2016-08-18T18:01:18+08:00 ] ::1 /agency/index.php?s=/Home/User/edit&uid=2
INFO: [ app_init ] --START--
INFO: Run Behavior\BuildLiteBehavior [ RunTime:0.000008s ]
INFO: [ app_init ] --END-- [ RunTime:0.000176s ]

[ 2016-08-18T18:03:17+08:00 ] ::1 /agency/index.php?s=/Home/User/edit&uid=2
INFO: [ app_init ] --START--
INFO: Run Behavior\BuildLiteBehavior [ RunTime:0.000011s ]
INFO: [ app_init ] --END-- [ RunTime:0.000408s ]

[ 2016-08-18T18:04:02+08:00 ] ::1 /agency/index.php?s=/Home/User/edit&uid=2
INFO: [ app_init ] --START--
INFO: Run Behavior\BuildLiteBehavior [ RunTime:0.000011s ]
INFO: [ app_init ] --END-- [ RunTime:0.000262s ]

[ 2016-08-18T18:04:09+08:00 ] ::1 /agency/index.php?s=/Home/User/edit&uid=2
INFO: [ app_init ] --START--
INFO: Run Behavior\BuildLiteBehavior [ RunTime:0.000010s ]
INFO: [ app_init ] --END-- [ RunTime:0.000203s ]

[ 2016-08-18T18:04:54+08:00 ] ::1 /agency/index.php?s=/Home/User/edit&uid=2
INFO: [ app_init ] --START--
INFO: Run Behavior\BuildLiteBehavior [ RunTime:0.000009s ]
INFO: [ app_init ] --END-- [ RunTime:0.000182s ]

[ 2016-08-18T18:05:19+08:00 ] ::1 /agency/index.php?s=/Home/User
INFO: [ app_init ] --START--
INFO: Run Behavior\BuildLiteBehavior [ RunTime:0.000009s ]
INFO: [ app_init ] --END-- [ RunTime:0.000185s ]

[ 2016-08-18T18:05:23+08:00 ] ::1 /agency/index.php?s=%2FHome%2FUser%2Findex&phone=&wechat=&nickname=&email=
INFO: [ app_init ] --START--
INFO: Run Behavior\BuildLiteBehavior [ RunTime:0.000010s ]
INFO: [ app_init ] --END-- [ RunTime:0.000194s ]

[ 2016-08-18T18:05:27+08:00 ] ::1 /agency/index.php?s=/Home/User/add&p=1
INFO: [ app_init ] --START--
INFO: Run Behavior\BuildLiteBehavior [ RunTime:0.000009s ]
INFO: [ app_init ] --END-- [ RunTime:0.000179s ]

[ 2016-08-18T18:05:55+08:00 ] ::1 /agency/index.php?s=/Home/User/add&p=1
INFO: [ app_init ] --START--
INFO: Run Behavior\BuildLiteBehavior [ RunTime:0.000010s ]
INFO: [ app_init ] --END-- [ RunTime:0.000191s ]

[ 2016-08-18T18:07:51+08:00 ] ::1 /agency/index.php?s=/Home/User&p=1
INFO: [ app_init ] --START--
INFO: Run Behavior\BuildLiteBehavior [ RunTime:0.000013s ]
INFO: [ app_init ] --END-- [ RunTime:0.000424s ]

[ 2016-08-18T18:07:55+08:00 ] ::1 /agency/index.php?s=%2FHome%2FUser%2Findex&phone=1&wechat=&nickname=&email=
INFO: [ app_init ] --START--
INFO: Run Behavior\BuildLiteBehavior [ RunTime:0.000010s ]
INFO: [ app_init ] --END-- [ RunTime:0.000199s ]

[ 2016-08-18T18:07:58+08:00 ] ::1 /agency/index.php?s=/Home/User/edit&uid=2
INFO: [ app_init ] --START--
INFO: Run Behavior\BuildLiteBehavior [ RunTime:0.000014s ]
INFO: [ app_init ] --END-- [ RunTime:0.000268s ]

[ 2016-08-18T18:08:28+08:00 ] ::1 /agency/index.php?s=/Home/User/edit&uid=2
INFO: [ app_init ] --START--
INFO: Run Behavior\BuildLiteBehavior [ RunTime:0.000011s ]
INFO: [ app_init ] --END-- [ RunTime:0.000404s ]

[ 2016-08-18T18:09:39+08:00 ] ::1 /agency/index.php?s=/Home/User/edit&uid=2
INFO: [ app_init ] --START--
INFO: Run Behavior\BuildLiteBehavior [ RunTime:0.000038s ]
INFO: [ app_init ] --END-- [ RunTime:0.000545s ]

[ 2016-08-18T18:10:05+08:00 ] ::1 /agency/index.php?s=/Home/User/edit&uid=2
INFO: [ app_init ] --START--
INFO: Run Behavior\BuildLiteBehavior [ RunTime:0.000012s ]
INFO: [ app_init ] --END-- [ RunTime:0.000472s ]

[ 2016-08-18T18:10:19+08:00 ] ::1 /agency/index.php?s=/Home/User/edit&uid=2
INFO: [ app_init ] --START--
INFO: Run Behavior\BuildLiteBehavior [ RunTime:0.000010s ]
INFO: [ app_init ] --END-- [ RunTime:0.000200s ]

[ 2016-08-18T18:10:23+08:00 ] ::1 /agency/index.php?s=/Home/User&p=1
INFO: [ app_init ] --START--
INFO: Run Behavior\BuildLiteBehavior [ RunTime:0.000010s ]
INFO: [ app_init ] --END-- [ RunTime:0.000196s ]

[ 2016-08-18T18:10:28+08:00 ] ::1 /agency/index.php?s=%2FHome%2FUser%2Findex&phone=1376&wechat=&nickname=&email=
INFO: [ app_init ] --START--
INFO: Run Behavior\BuildLiteBehavior [ RunTime:0.000010s ]
INFO: [ app_init ] --END-- [ RunTime:0.000187s ]

[ 2016-08-18T18:10:39+08:00 ] ::1 /agency/index.php?s=%2FHome%2FUser%2Findex&phone=1&wechat=&nickname=&email=
INFO: [ app_init ] --START--
INFO: Run Behavior\BuildLiteBehavior [ RunTime:0.000009s ]
INFO: [ app_init ] --END-- [ RunTime:0.000193s ]

[ 2016-08-18T18:10:49+08:00 ] ::1 /agency/index.php?s=/Home/User/edit&uid=2
INFO: [ app_init ] --START--
INFO: Run Behavior\BuildLiteBehavior [ RunTime:0.000011s ]
INFO: [ app_init ] --END-- [ RunTime:0.000202s ]

[ 2016-08-18T18:11:32+08:00 ] ::1 /agency/index.php?s=/Home/User/edit&uid=2
INFO: [ app_init ] --START--
INFO: Run Behavior\BuildLiteBehavior [ RunTime:0.000012s ]
INFO: [ app_init ] --END-- [ RunTime:0.000531s ]

[ 2016-08-18T18:11:56+08:00 ] ::1 /agency/index.php?s=/Home/User/edit&uid=2
INFO: [ app_init ] --START--
INFO: Run Behavior\BuildLiteBehavior [ RunTime:0.000010s ]
INFO: [ app_init ] --END-- [ RunTime:0.000200s ]

[ 2016-08-18T18:12:37+08:00 ] ::1 /agency/index.php?s=/Home/User/edit&uid=2
INFO: [ app_init ] --START--
INFO: Run Behavior\BuildLiteBehavior [ RunTime:0.000009s ]
INFO: [ app_init ] --END-- [ RunTime:0.000191s ]

[ 2016-08-18T18:12:47+08:00 ] ::1 /agency/index.php?s=/Home/User/edit&uid=2
INFO: [ app_init ] --START--
INFO: Run Behavior\BuildLiteBehavior [ RunTime:0.000009s ]
INFO: [ app_init ] --END-- [ RunTime:0.000194s ]

[ 2016-08-18T18:13:05+08:00 ] ::1 /agency/index.php?s=/Home/User/edit&uid=2
INFO: [ app_init ] --START--
INFO: Run Behavior\BuildLiteBehavior [ RunTime:0.000008s ]
INFO: [ app_init ] --END-- [ RunTime:0.000188s ]

[ 2016-08-18T18:13:39+08:00 ] ::1 /agency/index.php?s=/Home/User/edit&uid=2
INFO: [ app_init ] --START--
INFO: Run Behavior\BuildLiteBehavior [ RunTime:0.000010s ]
INFO: [ app_init ] --END-- [ RunTime:0.000216s ]

[ 2016-08-18T18:14:04+08:00 ] ::1 /agency/index.php?s=/Home/User/edit&uid=2
INFO: [ app_init ] --START--
INFO: Run Behavior\BuildLiteBehavior [ RunTime:0.000009s ]
INFO: [ app_init ] --END-- [ RunTime:0.000186s ]

[ 2016-08-18T18:14:15+08:00 ] ::1 /agency/index.php?s=/Home/User/edit&uid=2
INFO: [ app_init ] --START--
INFO: Run Behavior\BuildLiteBehavior [ RunTime:0.000009s ]
INFO: [ app_init ] --END-- [ RunTime:0.000190s ]

[ 2016-08-18T18:14:49+08:00 ] ::1 /agency/index.php?s=/Home/User/edit&uid=2
INFO: [ app_init ] --START--
INFO: Run Behavior\BuildLiteBehavior [ RunTime:0.000025s ]
INFO: [ app_init ] --END-- [ RunTime:0.000226s ]

[ 2016-08-18T18:15:26+08:00 ] ::1 /agency/index.php?s=/Home/User/edit&uid=2
INFO: [ app_init ] --START--
INFO: Run Behavior\BuildLiteBehavior [ RunTime:0.000010s ]
INFO: [ app_init ] --END-- [ RunTime:0.000210s ]

[ 2016-08-18T18:15:37+08:00 ] ::1 /agency/index.php?s=/Home/User&p=1
INFO: [ app_init ] --START--
INFO: Run Behavior\BuildLiteBehavior [ RunTime:0.000009s ]
INFO: [ app_init ] --END-- [ RunTime:0.000191s ]

[ 2016-08-18T18:15:42+08:00 ] ::1 /agency/index.php?s=/Home/User
INFO: [ app_init ] --START--
INFO: Run Behavior\BuildLiteBehavior [ RunTime:0.000015s ]
INFO: [ app_init ] --END-- [ RunTime:0.000280s ]

[ 2016-08-18T18:15:45+08:00 ] ::1 /agency/index.php?s=%2FHome%2FUser%2Findex&phone=&wechat=&nickname=&email=
INFO: [ app_init ] --START--
INFO: Run Behavior\BuildLiteBehavior [ RunTime:0.000011s ]
INFO: [ app_init ] --END-- [ RunTime:0.000257s ]

[ 2016-08-18T18:16:21+08:00 ] ::1 /agency/index.php?s=/Home/User
INFO: [ app_init ] --START--
INFO: Run Behavior\BuildLiteBehavior [ RunTime:0.000013s ]
INFO: [ app_init ] --END-- [ RunTime:0.000465s ]

[ 2016-08-18T18:16:23+08:00 ] ::1 /agency/index.php?s=/Home/User
INFO: [ app_init ] --START--
INFO: Run Behavior\BuildLiteBehavior [ RunTime:0.000009s ]
INFO: [ app_init ] --END-- [ RunTime:0.000207s ]

[ 2016-08-18T18:16:24+08:00 ] ::1 /agency/index.php?s=/Home/User
INFO: [ app_init ] --START--
INFO: Run Behavior\BuildLiteBehavior [ RunTime:0.000008s ]
INFO: [ app_init ] --END-- [ RunTime:0.000180s ]

[ 2016-08-18T18:16:45+08:00 ] ::1 /agency/index.php?s=/Home/User
INFO: [ app_init ] --START--
INFO: Run Behavior\BuildLiteBehavior [ RunTime:0.000012s ]
INFO: [ app_init ] --END-- [ RunTime:0.000206s ]

[ 2016-08-18T18:19:03+08:00 ] ::1 /agency/index.php?s=%2FHome%2FUser%2Findex&phone=1&wechat=&nickname=&email=
INFO: [ app_init ] --START--
INFO: Run Behavior\BuildLiteBehavior [ RunTime:0.000014s ]
INFO: [ app_init ] --END-- [ RunTime:0.000502s ]
ERR: 1054:Unknown column 'id' in 'order clause'
 [ SQL语句 ] : SELECT * FROM `users` WHERE `phone` LIKE '%1%' ORDER BY `id` asc LIMIT 0,15  
ERR: 1054:Unknown column 'id' in 'order clause'
 [ SQL语句 ] : SELECT * FROM `users` WHERE `phone` LIKE '%1%' ORDER BY `id` asc LIMIT 0,15  

[ 2016-08-18T18:19:22+08:00 ] ::1 /agency/index.php?s=%2FHome%2FUser%2Findex&phone=1&wechat=&nickname=&email=
INFO: [ app_init ] --START--
INFO: Run Behavior\BuildLiteBehavior [ RunTime:0.000010s ]
INFO: [ app_init ] --END-- [ RunTime:0.000187s ]

[ 2016-08-18T18:20:31+08:00 ] ::1 /agency/index.php?s=%2FHome%2FUser%2Findex&phone=1&wechat=&nickname=&email=
INFO: [ app_init ] --START--
INFO: Run Behavior\BuildLiteBehavior [ RunTime:0.000016s ]
INFO: [ app_init ] --END-- [ RunTime:0.000461s ]

[ 2016-08-18T18:23:27+08:00 ] ::1 /agency/index.php?s=%2FHome%2FUser%2Findex&phone=1&wechat=&nickname=&email=
INFO: [ app_init ] --START--
INFO: Run Behavior\BuildLiteBehavior [ RunTime:0.000008s ]
INFO: [ app_init ] --END-- [ RunTime:0.000216s ]

[ 2016-08-18T18:23:51+08:00 ] ::1 /agency/index.php?s=%2FHome%2FUser%2Findex&phone=1&wechat=&nickname=&email=
INFO: [ app_init ] --START--
INFO: Run Behavior\BuildLiteBehavior [ RunTime:0.000012s ]
INFO: [ app_init ] --END-- [ RunTime:0.000385s ]

[ 2016-08-18T18:23:59+08:00 ] ::1 /agency/index.php?s=/Home/User/edit&uid=2
INFO: [ app_init ] --START--
INFO: Run Behavior\BuildLiteBehavior [ RunTime:0.000008s ]
INFO: [ app_init ] --END-- [ RunTime:0.000190s ]

[ 2016-08-18T18:24:03+08:00 ] ::1 /agency/index.php?s=/Home/User/edit&uid=2
INFO: [ app_init ] --START--
INFO: Run Behavior\BuildLiteBehavior [ RunTime:0.000009s ]
INFO: [ app_init ] --END-- [ RunTime:0.000188s ]

[ 2016-08-18T18:24:08+08:00 ] ::1 /agency/index.php?s=/Home/User/edit&uid=2
INFO: [ app_init ] --START--
INFO: Run Behavior\BuildLiteBehavior [ RunTime:0.000011s ]
INFO: [ app_init ] --END-- [ RunTime:0.000199s ]

[ 2016-08-18T18:24:26+08:00 ] ::1 /agency/index.php?s=/Home/User&p=1
INFO: [ app_init ] --START--
INFO: Run Behavior\BuildLiteBehavior [ RunTime:0.000010s ]
INFO: [ app_init ] --END-- [ RunTime:0.000208s ]

[ 2016-08-18T18:24:30+08:00 ] ::1 /agency/index.php?s=%2FHome%2FUser%2Findex&phone=1&wechat=&nickname=&email=
INFO: [ app_init ] --START--
INFO: Run Behavior\BuildLiteBehavior [ RunTime:0.000010s ]
INFO: [ app_init ] --END-- [ RunTime:0.000190s ]

[ 2016-08-18T18:26:04+08:00 ] ::1 /agency/index.php?s=%2FHome%2FUser%2Findex&phone=1&wechat=&nickname=&email=
INFO: [ app_init ] --START--
INFO: Run Behavior\BuildLiteBehavior [ RunTime:0.000008s ]
INFO: [ app_init ] --END-- [ RunTime:0.000180s ]

[ 2016-08-18T18:26:07+08:00 ] ::1 /agency/index.php?s=/Home/User/add&ret=/agency/index.php?s=%2FHome%2FUser%2Findex&phone=1&wechat=&nickname=&email=
INFO: [ app_init ] --START--
INFO: Run Behavior\BuildLiteBehavior [ RunTime:0.000008s ]
INFO: [ app_init ] --END-- [ RunTime:0.000173s ]

[ 2016-08-18T18:26:44+08:00 ] ::1 /agency/index.php?s=/Home/User/add&ret=/agency/index.php?s=%2FHome%2FUser%2Findex&phone=1&wechat=&nickname=&email=
INFO: [ app_init ] --START--
INFO: Run Behavior\BuildLiteBehavior [ RunTime:0.000013s ]
INFO: [ app_init ] --END-- [ RunTime:0.000422s ]

[ 2016-08-18T18:26:47+08:00 ] ::1 /agency/index.php?s=/Home/User/index
INFO: [ app_init ] --START--
INFO: Run Behavior\BuildLiteBehavior [ RunTime:0.000011s ]
INFO: [ app_init ] --END-- [ RunTime:0.000199s ]

[ 2016-08-18T18:27:11+08:00 ] ::1 /agency/index.php?s=/Home/User/index
INFO: [ app_init ] --START--
INFO: Run Behavior\BuildLiteBehavior [ RunTime:0.000043s ]
INFO: [ app_init ] --END-- [ RunTime:0.001308s ]

[ 2016-08-18T18:27:48+08:00 ] ::1 /agency/index.php?s=/Home/User/add&ret=/agency/index.php?s=%2FHome%2FUser%2Findex&phone=1&wechat=&nickname=&email=
INFO: [ app_init ] --START--
INFO: Run Behavior\BuildLiteBehavior [ RunTime:0.000011s ]
INFO: [ app_init ] --END-- [ RunTime:0.000374s ]

[ 2016-08-18T18:28:34+08:00 ] ::1 /agency/index.php?s=/Home/User/add&ret=/agency/index.php?s=%2FHome%2FUser%2Findex&phone=1&wechat=&nickname=&email=
INFO: [ app_init ] --START--
INFO: Run Behavior\BuildLiteBehavior [ RunTime:0.000010s ]
INFO: [ app_init ] --END-- [ RunTime:0.000209s ]

[ 2016-08-18T18:28:37+08:00 ] ::1 /agency/index.php?s=/Home/User/index
INFO: [ app_init ] --START--
INFO: Run Behavior\BuildLiteBehavior [ RunTime:0.000009s ]
INFO: [ app_init ] --END-- [ RunTime:0.000194s ]

[ 2016-08-18T18:28:54+08:00 ] ::1 /agency/index.php?s=%2FHome%2FUser%2Findex&phone=1&wechat=&nickname=&email=
INFO: [ app_init ] --START--
INFO: Run Behavior\BuildLiteBehavior [ RunTime:0.000010s ]
INFO: [ app_init ] --END-- [ RunTime:0.000290s ]

[ 2016-08-18T18:31:26+08:00 ] ::1 /agency/index.php?s=/Home/User/add&ret=/agency/index.php?s=%2FHome%2FUser%2Findex&phone=1&wechat=&nickname=&email=
INFO: [ app_init ] --START--
INFO: Run Behavior\BuildLiteBehavior [ RunTime:0.000014s ]
INFO: [ app_init ] --END-- [ RunTime:0.000493s ]

[ 2016-08-18T18:32:04+08:00 ] ::1 /agency/index.php?s=/Home/User/add&ret=/agency/index.php?s=%2FHome%2FUser%2Findex&phone=1&wechat=&nickname=&email=
INFO: [ app_init ] --START--
INFO: Run Behavior\BuildLiteBehavior [ RunTime:0.000012s ]
INFO: [ app_init ] --END-- [ RunTime:0.000429s ]

[ 2016-08-18T18:32:06+08:00 ] ::1 /agency/index.php?s=%2FHome%2FUser%2Findex&phone=1&wechat=&nickname=&email=/agency/index.php?s=/Home/User/index
INFO: [ app_init ] --START--
INFO: Run Behavior\BuildLiteBehavior [ RunTime:0.000010s ]
INFO: [ app_init ] --END-- [ RunTime:0.000198s ]

[ 2016-08-18T18:33:22+08:00 ] ::1 /agency/index.php?s=/Home/User/edit&uid=1
INFO: [ app_init ] --START--
INFO: Run Behavior\BuildLiteBehavior [ RunTime:0.000013s ]
INFO: [ app_init ] --END-- [ RunTime:0.000466s ]

[ 2016-08-18T18:33:24+08:00 ] ::1 /agency/index.php?s=/Home/User&p=1
INFO: [ app_init ] --START--
INFO: Run Behavior\BuildLiteBehavior [ RunTime:0.000009s ]
INFO: [ app_init ] --END-- [ RunTime:0.000187s ]

[ 2016-08-18T18:33:28+08:00 ] ::1 /agency/index.php?s=%2FHome%2FUser%2Findex&phone=1&wechat=&nickname=&email=
INFO: [ app_init ] --START--
INFO: Run Behavior\BuildLiteBehavior [ RunTime:0.000009s ]
INFO: [ app_init ] --END-- [ RunTime:0.000218s ]

[ 2016-08-18T18:33:31+08:00 ] ::1 /agency/index.php?s=/Home/User/edit&uid=2&ret=/agency/index.php?s=%2FHome%2FUser%2Findex&phone=1&wechat=&nickname=&email=
INFO: [ app_init ] --START--
INFO: Run Behavior\BuildLiteBehavior [ RunTime:0.000010s ]
INFO: [ app_init ] --END-- [ RunTime:0.000204s ]

[ 2016-08-18T18:33:34+08:00 ] ::1 /agency/index.php?s=/Home/User&p=1
INFO: [ app_init ] --START--
INFO: Run Behavior\BuildLiteBehavior [ RunTime:0.000010s ]
INFO: [ app_init ] --END-- [ RunTime:0.000196s ]

[ 2016-08-18T18:34:09+08:00 ] ::1 /agency/index.php?s=/Home/User&p=1
INFO: [ app_init ] --START--
INFO: Run Behavior\BuildLiteBehavior [ RunTime:0.000014s ]
INFO: [ app_init ] --END-- [ RunTime:0.000576s ]

[ 2016-08-18T18:34:12+08:00 ] ::1 /agency/index.php?s=%2FHome%2FUser%2Findex&phone=1&wechat=&nickname=&email=
INFO: [ app_init ] --START--
INFO: Run Behavior\BuildLiteBehavior [ RunTime:0.000009s ]
INFO: [ app_init ] --END-- [ RunTime:0.000187s ]

[ 2016-08-18T18:34:16+08:00 ] ::1 /agency/index.php?s=/Home/User/edit&uid=2&ret=/agency/index.php?s=%2FHome%2FUser%2Findex&phone=1&wechat=&nickname=&email=
INFO: [ app_init ] --START--
INFO: Run Behavior\BuildLiteBehavior [ RunTime:0.000010s ]
INFO: [ app_init ] --END-- [ RunTime:0.000200s ]

[ 2016-08-18T18:34:19+08:00 ] ::1 /agency/index.php?s=%2FHome%2FUser%2Findex&phone=1&wechat=&nickname=&email=/agency/index.php?s=/Home/User/index
INFO: [ app_init ] --START--
INFO: Run Behavior\BuildLiteBehavior [ RunTime:0.000010s ]
INFO: [ app_init ] --END-- [ RunTime:0.000191s ]

[ 2016-08-18T18:34:26+08:00 ] ::1 /agency/index.php?s=/Home/User/edit&uid=1&ret=/agency/index.php?s=%2FHome%2FUser%2Findex&phone=1&wechat=&nickname=&email=/agency/index.php?s=/Home/User/index
INFO: [ app_init ] --START--
INFO: Run Behavior\BuildLiteBehavior [ RunTime:0.000009s ]
INFO: [ app_init ] --END-- [ RunTime:0.000392s ]

[ 2016-08-18T18:34:31+08:00 ] ::1 /agency/index.php?s=/Home/User/edit&uid=1&ret=/agency/index.php?s=%2FHome%2FUser%2Findex&phone=1&wechat=&nickname=&email=/agency/index.php?s=/Home/User/index
INFO: [ app_init ] --START--
INFO: Run Behavior\BuildLiteBehavior [ RunTime:0.000010s ]
INFO: [ app_init ] --END-- [ RunTime:0.000187s ]

[ 2016-08-18T18:34:35+08:00 ] ::1 /agency/index.php?s=/Home/User/edit&uid=1&ret=/agency/index.php?s=%2FHome%2FUser%2Findex&phone=1&wechat=&nickname=&email=/agency/index.php?s=/Home/User/index/agency/index.php?s=/Home/User/index
INFO: [ app_init ] --START--
INFO: Run Behavior\BuildLiteBehavior [ RunTime:0.000009s ]
INFO: [ app_init ] --END-- [ RunTime:0.000195s ]

[ 2016-08-18T18:34:38+08:00 ] ::1 /agency/index.php?s=/Home/User/edit&uid=1&ret=/agency/index.php?s=%2FHome%2FUser%2Findex&phone=1&wechat=&nickname=&email=/agency/index.php?s=/Home/User/index/agency/index.php?s=/Home/User/index
INFO: [ app_init ] --START--
INFO: Run Behavior\BuildLiteBehavior [ RunTime:0.000009s ]
INFO: [ app_init ] --END-- [ RunTime:0.000193s ]

[ 2016-08-18T18:34:45+08:00 ] ::1 /agency/index.php?s=/Home/User/edit&uid=1&ret=/agency/index.php?s=%2FHome%2FUser%2Findex&phone=1&wechat=&nickname=&email=/agency/index.php?s=/Home/User/index/agency/index.php?s=/Home/User/index/agency/index.php?s=/Home/User/index
INFO: [ app_init ] --START--
INFO: Run Behavior\BuildLiteBehavior [ RunTime:0.000017s ]
INFO: [ app_init ] --END-- [ RunTime:0.000538s ]

[ 2016-08-18T18:35:29+08:00 ] ::1 /agency/index.php?s=/Home/User/edit&uid=1&ret=/agency/index.php?s=%2FHome%2FUser%2Findex&phone=1&wechat=&nickname=&email=/agency/index.php?s=/Home/User/index/agency/index.php?s=/Home/User/index/agency/index.php?s=/Home/User/index
INFO: [ app_init ] --START--
INFO: Run Behavior\BuildLiteBehavior [ RunTime:0.000013s ]
INFO: [ app_init ] --END-- [ RunTime:0.000538s ]

[ 2016-08-18T18:35:48+08:00 ] ::1 /agency/index.php?s=/Home/User
INFO: [ app_init ] --START--
INFO: Run Behavior\BuildLiteBehavior [ RunTime:0.000033s ]
INFO: [ app_init ] --END-- [ RunTime:0.000473s ]

[ 2016-08-18T18:35:51+08:00 ] ::1 /agency/index.php?s=%2FHome%2FUser%2Findex&phone=1&wechat=&nickname=&email=
INFO: [ app_init ] --START--
INFO: Run Behavior\BuildLiteBehavior [ RunTime:0.000010s ]
INFO: [ app_init ] --END-- [ RunTime:0.000203s ]

[ 2016-08-18T18:35:53+08:00 ] ::1 /agency/index.php?s=/Home/User/edit&uid=1&ret=/agency/index.php?s=%2FHome%2FUser%2Findex&phone=1&wechat=&nickname=&email=
INFO: [ app_init ] --START--
INFO: Run Behavior\BuildLiteBehavior [ RunTime:0.000007s ]
INFO: [ app_init ] --END-- [ RunTime:0.000174s ]

[ 2016-08-18T18:36:01+08:00 ] ::1 /agency/index.php?s=/Home/User/edit&uid=1&ret=/agency/index.php?s=%2FHome%2FUser%2Findex&phone=1&wechat=&nickname=&email=
INFO: [ app_init ] --START--
INFO: Run Behavior\BuildLiteBehavior [ RunTime:0.000012s ]
INFO: [ app_init ] --END-- [ RunTime:0.000306s ]

[ 2016-08-18T18:36:09+08:00 ] ::1 /agency/index.php?s=/Home/User/edit&uid=1&ret=/agency/index.php?s=%2FHome%2FUser%2Findex&phone=1&wechat=&nickname=&email=
INFO: [ app_init ] --START--
INFO: Run Behavior\BuildLiteBehavior [ RunTime:0.000015s ]
INFO: [ app_init ] --END-- [ RunTime:0.000330s ]

[ 2016-08-18T18:36:14+08:00 ] ::1 /agency/index.php?s=/Home/User/edit&uid=1&ret=/agency/index.php?s=%2FHome%2FUser%2Findex&phone=1&wechat=&nickname=&email=/agency/index.php?s=/Home/User/index
INFO: [ app_init ] --START--
INFO: Run Behavior\BuildLiteBehavior [ RunTime:0.000009s ]
INFO: [ app_init ] --END-- [ RunTime:0.000188s ]

[ 2016-08-18T18:36:20+08:00 ] ::1 /agency/index.php?s=/Home/User
INFO: [ app_init ] --START--
INFO: Run Behavior\BuildLiteBehavior [ RunTime:0.000011s ]
INFO: [ app_init ] --END-- [ RunTime:0.000225s ]

[ 2016-08-18T18:36:25+08:00 ] ::1 /agency/index.php?s=%2FHome%2FUser%2Findex&phone=1&wechat=&nickname=&email=
INFO: [ app_init ] --START--
INFO: Run Behavior\BuildLiteBehavior [ RunTime:0.000013s ]
INFO: [ app_init ] --END-- [ RunTime:0.000277s ]

[ 2016-08-18T18:36:27+08:00 ] ::1 /agency/index.php?s=/Home/User/edit&uid=2&ret=/agency/index.php?s=%2FHome%2FUser%2Findex&phone=1&wechat=&nickname=&email=
INFO: [ app_init ] --START--
INFO: Run Behavior\BuildLiteBehavior [ RunTime:0.000009s ]
INFO: [ app_init ] --END-- [ RunTime:0.000189s ]

[ 2016-08-18T18:36:30+08:00 ] ::1 /agency/index.php?s=%2FHome%2FUser%2Findex&phone=1&wechat=&nickname=&email=/agency/index.php?s=/Home/User/index
INFO: [ app_init ] --START--
INFO: Run Behavior\BuildLiteBehavior [ RunTime:0.000010s ]
INFO: [ app_init ] --END-- [ RunTime:0.000186s ]

[ 2016-08-18T18:36:34+08:00 ] ::1 /agency/index.php?s=/Home/User/edit&uid=2&ret=/agency/index.php?s=%2FHome%2FUser%2Findex&phone=1&wechat=&nickname=&email=/agency/index.php?s=/Home/User/index
INFO: [ app_init ] --START--
INFO: Run Behavior\BuildLiteBehavior [ RunTime:0.000010s ]
INFO: [ app_init ] --END-- [ RunTime:0.000217s ]

[ 2016-08-18T18:36:38+08:00 ] ::1 /agency/index.php?s=%2FHome%2FUser%2Findex&phone=1&wechat=&nickname=&email=/agency/index.php?s=/Home/User/index/agency/index.php?s=/Home/User/index
INFO: [ app_init ] --START--
INFO: Run Behavior\BuildLiteBehavior [ RunTime:0.000011s ]
INFO: [ app_init ] --END-- [ RunTime:0.000205s ]

[ 2016-08-18T18:36:49+08:00 ] ::1 /agency/index.php?s=/Home/User
INFO: [ app_init ] --START--
INFO: Run Behavior\BuildLiteBehavior [ RunTime:0.000010s ]
INFO: [ app_init ] --END-- [ RunTime:0.000229s ]

[ 2016-08-18T18:36:52+08:00 ] ::1 /agency/index.php?s=/Home/User/add&ret=/agency/index.php?s=/Home/User
INFO: [ app_init ] --START--
INFO: Run Behavior\BuildLiteBehavior [ RunTime:0.000012s ]
INFO: [ app_init ] --END-- [ RunTime:0.000220s ]

[ 2016-08-18T18:36:55+08:00 ] ::1 /agency/index.php?s=/Home/User/agency/index.php?s=/Home/User
INFO: [ app_init ] --START--
INFO: Run Behavior\BuildLiteBehavior [ RunTime:0.000010s ]
INFO: [ app_init ] --END-- [ RunTime:0.000202s ]
ERR: 非法操作:agency

[ 2016-08-18T18:37:12+08:00 ] ::1 /agency/index.php?s=/Home/User
INFO: [ app_init ] --START--
INFO: Run Behavior\BuildLiteBehavior [ RunTime:0.000010s ]
INFO: [ app_init ] --END-- [ RunTime:0.000206s ]

[ 2016-08-18T18:37:14+08:00 ] ::1 /agency/index.php?s=/Home/User/add&ret=/agency/index.php?s=/Home/User
INFO: [ app_init ] --START--
INFO: Run Behavior\BuildLiteBehavior [ RunTime:0.000010s ]
INFO: [ app_init ] --END-- [ RunTime:0.000204s ]

[ 2016-08-18T18:37:55+08:00 ] ::1 /agency/index.php?s=/Home/User
INFO: [ app_init ] --START--
INFO: Run Behavior\BuildLiteBehavior [ RunTime:0.000018s ]
INFO: [ app_init ] --END-- [ RunTime:0.000397s ]

[ 2016-08-18T18:37:59+08:00 ] ::1 /agency/index.php?s=/Home/User/add&ret=/agency/index.php?s=/Home/User
INFO: [ app_init ] --START--
INFO: Run Behavior\BuildLiteBehavior [ RunTime:0.000009s ]
INFO: [ app_init ] --END-- [ RunTime:0.000187s ]

[ 2016-08-18T18:39:56+08:00 ] ::1 /agency/index.php?s=/Home/User
INFO: [ app_init ] --START--
INFO: Run Behavior\BuildLiteBehavior [ RunTime:0.000014s ]
INFO: [ app_init ] --END-- [ RunTime:0.000500s ]

[ 2016-08-18T18:39:59+08:00 ] ::1 /agency/index.php?s=/Home/User/add&ret=/agency/index.php?s=/Home/User
INFO: [ app_init ] --START--
INFO: Run Behavior\BuildLiteBehavior [ RunTime:0.000011s ]
INFO: [ app_init ] --END-- [ RunTime:0.000233s ]

[ 2016-08-18T18:40:26+08:00 ] ::1 /agency/index.php?s=/Home/User/add&ret=/agency/index.php?s=/Home/User
INFO: [ app_init ] --START--
INFO: Run Behavior\BuildLiteBehavior [ RunTime:0.000008s ]
INFO: [ app_init ] --END-- [ RunTime:0.000181s ]

[ 2016-08-18T18:41:48+08:00 ] ::1 /agency/index.php?s=/Home/User/add&ret=/agency/index.php?s=/Home/User
INFO: [ app_init ] --START--
INFO: Run Behavior\BuildLiteBehavior [ RunTime:0.000013s ]
INFO: [ app_init ] --END-- [ RunTime:0.000511s ]

[ 2016-08-18T18:41:57+08:00 ] ::1 /agency/index.php?s=/Home/User/agency/index.php?s=/Home/User
INFO: [ app_init ] --START--
INFO: Run Behavior\BuildLiteBehavior [ RunTime:0.000013s ]
INFO: [ app_init ] --END-- [ RunTime:0.000401s ]
ERR: 非法操作:agency

[ 2016-08-18T18:42:01+08:00 ] ::1 /agency/index.php?s=/Home/User/agency/index.php?s=/Home/User
INFO: [ app_init ] --START--
INFO: Run Behavior\BuildLiteBehavior [ RunTime:0.000009s ]
INFO: [ app_init ] --END-- [ RunTime:0.000183s ]
ERR: 非法操作:agency

[ 2016-08-18T18:42:10+08:00 ] ::1 /agency/index.php?s=/Home/User/add&ret=/agency/index.php?s=/Home/User
INFO: [ app_init ] --START--
INFO: Run Behavior\BuildLiteBehavior [ RunTime:0.000010s ]
INFO: [ app_init ] --END-- [ RunTime:0.000202s ]

[ 2016-08-18T18:43:05+08:00 ] ::1 /agency/index.php?s=/Home/User/add&ret=/agency/index.php?s=/Home/User
INFO: [ app_init ] --START--
INFO: Run Behavior\BuildLiteBehavior [ RunTime:0.000074s ]
INFO: [ app_init ] --END-- [ RunTime:0.001585s ]

[ 2016-08-18T18:43:29+08:00 ] ::1 /agency/index.php?s=/Home/User/add&ret=/agency/index.php?s=/Home/User
INFO: [ app_init ] --START--
INFO: Run Behavior\BuildLiteBehavior [ RunTime:0.000011s ]
INFO: [ app_init ] --END-- [ RunTime:0.000375s ]

[ 2016-08-18T18:44:01+08:00 ] ::1 /agency/index.php?s=/Home/User/add&ret=/agency/index.php?s=/Home/User
INFO: [ app_init ] --START--
INFO: Run Behavior\BuildLiteBehavior [ RunTime:0.000012s ]
INFO: [ app_init ] --END-- [ RunTime:0.000398s ]

[ 2016-08-18T18:44:42+08:00 ] ::1 /agency/index.php?s=/Home/User/add&ret=/agency/index.php?s=/Home/User
INFO: [ app_init ] --START--
INFO: Run Behavior\BuildLiteBehavior [ RunTime:0.000014s ]
INFO: [ app_init ] --END-- [ RunTime:0.000510s ]

[ 2016-08-18T18:44:45+08:00 ] ::1 /agency/index.php?s=/Home/User/add&ret=/agency/index.php?s=/Home/User
INFO: [ app_init ] --START--
INFO: Run Behavior\BuildLiteBehavior [ RunTime:0.000010s ]
INFO: [ app_init ] --END-- [ RunTime:0.000183s ]

