[ 2016-08-24T12:32:53+08:00 ] ::1 /agency/index.php?s=Home/Home/login
INFO: [ app_init ] --START--
INFO: Run Behavior\BuildLiteBehavior [ RunTime:0.000015s ]
INFO: [ app_init ] --END-- [ RunTime:0.000573s ]

[ 2016-08-24T12:32:59+08:00 ] ::1 /agency/index.php?s=Home/Home/login
INFO: [ app_init ] --START--
INFO: Run Behavior\BuildLiteBehavior [ RunTime:0.000021s ]
INFO: [ app_init ] --END-- [ RunTime:0.000542s ]
ERR: SQLSTATE[HY000] [1045] Access denied for user 'root'@'localhost' (using password: NO)

[ 2016-08-24T12:33:21+08:00 ] ::1 /agency/index.php?s=Home/Home/login
INFO: [ app_init ] --START--
INFO: Run Behavior\BuildLiteBehavior [ RunTime:0.000013s ]
INFO: [ app_init ] --END-- [ RunTime:0.000798s ]

[ 2016-08-24T12:33:21+08:00 ] ::1 /agency/index.php?s=Home/Index/index
INFO: [ app_init ] --START--
INFO: Run Behavior\BuildLiteBehavior [ RunTime:0.000010s ]
INFO: [ app_init ] --END-- [ RunTime:0.000194s ]

[ 2016-08-24T12:33:27+08:00 ] ::1 /agency/index.php?s=/Home/Admin
INFO: [ app_init ] --START--
INFO: Run Behavior\BuildLiteBehavior [ RunTime:0.000011s ]
INFO: [ app_init ] --END-- [ RunTime:0.000197s ]

[ 2016-08-24T12:33:35+08:00 ] ::1 /agency/index.php?s=/Home/Admin/test
INFO: [ app_init ] --START--
INFO: Run Behavior\BuildLiteBehavior [ RunTime:0.000012s ]
INFO: [ app_init ] --END-- [ RunTime:0.000314s ]

[ 2016-08-24T13:30:31+08:00 ] ::1 /agency/index.php?s=/Home/Admin/test
INFO: [ app_init ] --START--
INFO: Run Behavior\BuildLiteBehavior [ RunTime:0.000017s ]
INFO: [ app_init ] --END-- [ RunTime:0.000584s ]

[ 2016-08-24T13:36:55+08:00 ] ::1 /agency/index.php?s=/Home/Admin/test
INFO: [ app_init ] --START--
INFO: Run Behavior\BuildLiteBehavior [ RunTime:0.000016s ]
INFO: [ app_init ] --END-- [ RunTime:0.000624s ]
ERR: XML标签语法错误

[ 2016-08-24T13:37:24+08:00 ] ::1 /agency/index.php?s=/Home/Admin/test
INFO: [ app_init ] --START--
INFO: Run Behavior\BuildLiteBehavior [ RunTime:0.000015s ]
INFO: [ app_init ] --END-- [ RunTime:0.000426s ]
ERR: XML标签语法错误

[ 2016-08-24T13:37:30+08:00 ] ::1 /agency/index.php?s=/Home/Admin/test
INFO: [ app_init ] --START--
INFO: Run Behavior\BuildLiteBehavior [ RunTime:0.000009s ]
INFO: [ app_init ] --END-- [ RunTime:0.000300s ]

[ 2016-08-24T13:38:07+08:00 ] ::1 /agency/index.php?s=/Home/Admin/test
INFO: [ app_init ] --START--
INFO: Run Behavior\BuildLiteBehavior [ RunTime:0.000010s ]
INFO: [ app_init ] --END-- [ RunTime:0.000321s ]
ERR: XML标签语法错误

[ 2016-08-24T13:38:27+08:00 ] ::1 /agency/index.php?s=/Home/Admin/test
INFO: [ app_init ] --START--
INFO: Run Behavior\BuildLiteBehavior [ RunTime:0.000013s ]
INFO: [ app_init ] --END-- [ RunTime:0.000405s ]
ERR: XML标签语法错误

[ 2016-08-24T13:39:41+08:00 ] ::1 /agency/index.php?s=/Home/Admin/test
INFO: [ app_init ] --START--
INFO: Run Behavior\BuildLiteBehavior [ RunTime:0.000010s ]
INFO: [ app_init ] --END-- [ RunTime:0.000286s ]

[ 2016-08-24T13:39:59+08:00 ] ::1 /agency/index.php?s=/Home/Admin/test
INFO: [ app_init ] --START--
INFO: Run Behavior\BuildLiteBehavior [ RunTime:0.000009s ]
INFO: [ app_init ] --END-- [ RunTime:0.000182s ]

[ 2016-08-24T13:40:08+08:00 ] ::1 /agency/index.php?s=/Home/Admin/test
INFO: [ app_init ] --START--
INFO: Run Behavior\BuildLiteBehavior [ RunTime:0.000010s ]
INFO: [ app_init ] --END-- [ RunTime:0.000191s ]

[ 2016-08-24T13:41:00+08:00 ] ::1 /agency/index.php?s=/Home/Admin/test
INFO: [ app_init ] --START--
INFO: Run Behavior\BuildLiteBehavior [ RunTime:0.000049s ]
INFO: [ app_init ] --END-- [ RunTime:0.001353s ]
ERR: XML标签语法错误

[ 2016-08-24T13:41:13+08:00 ] ::1 /agency/index.php?s=/Home/Admin/test
INFO: [ app_init ] --START--
INFO: Run Behavior\BuildLiteBehavior [ RunTime:0.000012s ]
INFO: [ app_init ] --END-- [ RunTime:0.000223s ]
ERR: XML标签语法错误

[ 2016-08-24T13:43:27+08:00 ] ::1 /agency/index.php?s=/Home/Admin/test
INFO: [ app_init ] --START--
INFO: Run Behavior\BuildLiteBehavior [ RunTime:0.000014s ]
INFO: [ app_init ] --END-- [ RunTime:0.001094s ]
ERR: XML标签语法错误

[ 2016-08-24T13:43:28+08:00 ] ::1 /agency/index.php?s=/Home/Admin/test
INFO: [ app_init ] --START--
INFO: Run Behavior\BuildLiteBehavior [ RunTime:0.000007s ]
INFO: [ app_init ] --END-- [ RunTime:0.000176s ]
ERR: XML标签语法错误

[ 2016-08-24T13:43:29+08:00 ] ::1 /agency/index.php?s=/Home/Admin/test
INFO: [ app_init ] --START--
INFO: Run Behavior\BuildLiteBehavior [ RunTime:0.000008s ]
INFO: [ app_init ] --END-- [ RunTime:0.000176s ]
ERR: XML标签语法错误

[ 2016-08-24T13:43:43+08:00 ] ::1 /agency/index.php?s=/Home/Admin/test
INFO: [ app_init ] --START--
INFO: Run Behavior\BuildLiteBehavior [ RunTime:0.000012s ]
INFO: [ app_init ] --END-- [ RunTime:0.000391s ]

[ 2016-08-24T13:44:05+08:00 ] ::1 /agency/index.php?s=/Home/Admin/test
INFO: [ app_init ] --START--
INFO: Run Behavior\BuildLiteBehavior [ RunTime:0.000015s ]
INFO: [ app_init ] --END-- [ RunTime:0.000455s ]

[ 2016-08-24T13:44:50+08:00 ] ::1 /agency/index.php?s=/Home/Admin/test
INFO: [ app_init ] --START--
INFO: Run Behavior\BuildLiteBehavior [ RunTime:0.000016s ]
INFO: [ app_init ] --END-- [ RunTime:0.000588s ]

[ 2016-08-24T13:45:06+08:00 ] ::1 /agency/index.php?s=/Home/Admin/test
INFO: [ app_init ] --START--
INFO: Run Behavior\BuildLiteBehavior [ RunTime:0.000012s ]
INFO: [ app_init ] --END-- [ RunTime:0.000389s ]

[ 2016-08-24T13:45:27+08:00 ] ::1 /agency/index.php?s=/Home/Admin/test
INFO: [ app_init ] --START--
INFO: Run Behavior\BuildLiteBehavior [ RunTime:0.000018s ]
INFO: [ app_init ] --END-- [ RunTime:0.000726s ]

[ 2016-08-24T13:45:57+08:00 ] ::1 /agency/index.php?s=/Home/Admin/test
INFO: [ app_init ] --START--
INFO: Run Behavior\BuildLiteBehavior [ RunTime:0.000013s ]
INFO: [ app_init ] --END-- [ RunTime:0.000557s ]
ERR: XML标签语法错误

[ 2016-08-24T13:47:06+08:00 ] ::1 /agency/index.php?s=/Home/Admin/test
INFO: [ app_init ] --START--
INFO: Run Behavior\BuildLiteBehavior [ RunTime:0.000012s ]
INFO: [ app_init ] --END-- [ RunTime:0.000467s ]

[ 2016-08-24T13:47:15+08:00 ] ::1 /agency/index.php?s=/Home/Admin/test
INFO: [ app_init ] --START--
INFO: Run Behavior\BuildLiteBehavior [ RunTime:0.000012s ]
INFO: [ app_init ] --END-- [ RunTime:0.000335s ]

[ 2016-08-24T13:47:27+08:00 ] ::1 /agency/index.php?s=/Home/Admin/test
INFO: [ app_init ] --START--
INFO: Run Behavior\BuildLiteBehavior [ RunTime:0.000013s ]
INFO: [ app_init ] --END-- [ RunTime:0.000474s ]
ERR: XML标签语法错误

[ 2016-08-24T13:47:39+08:00 ] ::1 /agency/index.php?s=/Home/Admin/test
INFO: [ app_init ] --START--
INFO: Run Behavior\BuildLiteBehavior [ RunTime:0.000013s ]
INFO: [ app_init ] --END-- [ RunTime:0.000377s ]

[ 2016-08-24T13:47:53+08:00 ] ::1 /agency/index.php?s=/Home/Admin/test
INFO: [ app_init ] --START--
INFO: Run Behavior\BuildLiteBehavior [ RunTime:0.000013s ]
INFO: [ app_init ] --END-- [ RunTime:0.000466s ]

[ 2016-08-24T13:48:34+08:00 ] ::1 /agency/index.php?s=/Home/Admin/test
INFO: [ app_init ] --START--
INFO: Run Behavior\BuildLiteBehavior [ RunTime:0.000012s ]
INFO: [ app_init ] --END-- [ RunTime:0.000554s ]
ERR: XML标签语法错误

[ 2016-08-24T13:53:41+08:00 ] ::1 /agency/index.php?s=/Home/Admin/test
INFO: [ app_init ] --START--
INFO: Run Behavior\BuildLiteBehavior [ RunTime:0.000013s ]
INFO: [ app_init ] --END-- [ RunTime:0.000641s ]

[ 2016-08-24T13:54:13+08:00 ] ::1 /agency/index.php?s=/Home/Admin/test
INFO: [ app_init ] --START--
INFO: Run Behavior\BuildLiteBehavior [ RunTime:0.000013s ]
INFO: [ app_init ] --END-- [ RunTime:0.000548s ]

[ 2016-08-24T13:55:08+08:00 ] ::1 /agency/index.php?s=/Home/Admin/test
INFO: [ app_init ] --START--
INFO: Run Behavior\BuildLiteBehavior [ RunTime:0.000011s ]
INFO: [ app_init ] --END-- [ RunTime:0.000478s ]
ERR: XML标签语法错误

[ 2016-08-24T13:55:25+08:00 ] ::1 /agency/index.php?s=/Home/Admin/test
INFO: [ app_init ] --START--
INFO: Run Behavior\BuildLiteBehavior [ RunTime:0.000012s ]
INFO: [ app_init ] --END-- [ RunTime:0.000512s ]

[ 2016-08-24T13:58:23+08:00 ] ::1 /agency/index.php?s=/Home/Admin/test
INFO: [ app_init ] --START--
INFO: Run Behavior\BuildLiteBehavior [ RunTime:0.000012s ]
INFO: [ app_init ] --END-- [ RunTime:0.000577s ]

[ 2016-08-24T13:59:20+08:00 ] ::1 /agency/index.php?s=/Home/Admin/test
INFO: [ app_init ] --START--
INFO: Run Behavior\BuildLiteBehavior [ RunTime:0.000013s ]
INFO: [ app_init ] --END-- [ RunTime:0.000551s ]

[ 2016-08-24T13:59:32+08:00 ] ::1 /agency/index.php?s=/Home/Admin/test
INFO: [ app_init ] --START--
INFO: Run Behavior\BuildLiteBehavior [ RunTime:0.000013s ]
INFO: [ app_init ] --END-- [ RunTime:0.000315s ]

[ 2016-08-24T13:59:59+08:00 ] ::1 /agency/index.php?s=/Home/Admin/test
INFO: [ app_init ] --START--
INFO: Run Behavior\BuildLiteBehavior [ RunTime:0.000013s ]
INFO: [ app_init ] --END-- [ RunTime:0.000541s ]

[ 2016-08-24T14:01:10+08:00 ] ::1 /agency/index.php?s=/Home/Admin/test
INFO: [ app_init ] --START--
INFO: Run Behavior\BuildLiteBehavior [ RunTime:0.000019s ]
INFO: [ app_init ] --END-- [ RunTime:0.000651s ]

[ 2016-08-24T14:04:21+08:00 ] ::1 /agency/index.php?s=/Home/Admin/test
INFO: [ app_init ] --START--
INFO: Run Behavior\BuildLiteBehavior [ RunTime:0.000013s ]
INFO: [ app_init ] --END-- [ RunTime:0.000715s ]

[ 2016-08-24T14:05:07+08:00 ] ::1 /agency/index.php?s=/Home/Admin/test
INFO: [ app_init ] --START--
INFO: Run Behavior\BuildLiteBehavior [ RunTime:0.000016s ]
INFO: [ app_init ] --END-- [ RunTime:0.000610s ]

[ 2016-08-24T14:08:33+08:00 ] ::1 /agency/index.php?s=/Home/Admin/test
INFO: [ app_init ] --START--
INFO: Run Behavior\BuildLiteBehavior [ RunTime:0.000015s ]
INFO: [ app_init ] --END-- [ RunTime:0.000733s ]

[ 2016-08-24T14:09:25+08:00 ] ::1 /agency/index.php?s=/Home/Admin/test
INFO: [ app_init ] --START--
INFO: Run Behavior\BuildLiteBehavior [ RunTime:0.000014s ]
INFO: [ app_init ] --END-- [ RunTime:0.000639s ]

[ 2016-08-24T14:11:31+08:00 ] ::1 /agency/index.php?s=/Home/Admin/test
INFO: [ app_init ] --START--
INFO: Run Behavior\BuildLiteBehavior [ RunTime:0.000014s ]
INFO: [ app_init ] --END-- [ RunTime:0.001441s ]

[ 2016-08-24T14:12:31+08:00 ] ::1 /agency/index.php?s=/Home/Admin/test
INFO: [ app_init ] --START--
INFO: Run Behavior\BuildLiteBehavior [ RunTime:0.000012s ]
INFO: [ app_init ] --END-- [ RunTime:0.000543s ]

[ 2016-08-24T14:13:15+08:00 ] ::1 /agency/index.php?s=/Home/Admin/test
INFO: [ app_init ] --START--
INFO: Run Behavior\BuildLiteBehavior [ RunTime:0.000013s ]
INFO: [ app_init ] --END-- [ RunTime:0.000539s ]

[ 2016-08-24T14:23:17+08:00 ] ::1 /agency/index.php?s=/Home/Admin/test
INFO: [ app_init ] --START--
INFO: Run Behavior\BuildLiteBehavior [ RunTime:0.000012s ]
INFO: [ app_init ] --END-- [ RunTime:0.000567s ]

[ 2016-08-24T14:23:36+08:00 ] ::1 /agency/index.php?s=/Home/Admin/test
INFO: [ app_init ] --START--
INFO: Run Behavior\BuildLiteBehavior [ RunTime:0.000013s ]
INFO: [ app_init ] --END-- [ RunTime:0.000613s ]

[ 2016-08-24T14:24:07+08:00 ] ::1 /agency/index.php?s=/Home/Admin/test
INFO: [ app_init ] --START--
INFO: Run Behavior\BuildLiteBehavior [ RunTime:0.000011s ]
INFO: [ app_init ] --END-- [ RunTime:0.000520s ]

[ 2016-08-24T14:24:15+08:00 ] ::1 /agency/index.php?s=/Home/Admin/test
INFO: [ app_init ] --START--
INFO: Run Behavior\BuildLiteBehavior [ RunTime:0.000010s ]
INFO: [ app_init ] --END-- [ RunTime:0.000307s ]

[ 2016-08-24T14:28:09+08:00 ] ::1 /agency/index.php?s=/Home/Admin/test
INFO: [ app_init ] --START--
INFO: Run Behavior\BuildLiteBehavior [ RunTime:0.000013s ]
INFO: [ app_init ] --END-- [ RunTime:0.000567s ]

[ 2016-08-24T14:28:17+08:00 ] ::1 /agency/index.php?s=/Home/Admin/test
INFO: [ app_init ] --START--
INFO: Run Behavior\BuildLiteBehavior [ RunTime:0.000008s ]
INFO: [ app_init ] --END-- [ RunTime:0.000275s ]

[ 2016-08-24T14:28:42+08:00 ] ::1 /agency/index.php?s=/Home/Admin/test
INFO: [ app_init ] --START--
INFO: Run Behavior\BuildLiteBehavior [ RunTime:0.000013s ]
INFO: [ app_init ] --END-- [ RunTime:0.000558s ]

[ 2016-08-24T14:30:06+08:00 ] ::1 /agency/index.php?s=/Home/Admin/test
INFO: [ app_init ] --START--
INFO: Run Behavior\BuildLiteBehavior [ RunTime:0.000012s ]
INFO: [ app_init ] --END-- [ RunTime:0.000532s ]

[ 2016-08-24T14:30:50+08:00 ] ::1 /agency/index.php?s=/Home/Admin/test
INFO: [ app_init ] --START--
INFO: Run Behavior\BuildLiteBehavior [ RunTime:0.000013s ]
INFO: [ app_init ] --END-- [ RunTime:0.000560s ]

[ 2016-08-24T14:32:53+08:00 ] ::1 /agency/index.php?s=/Home/Admin/test
INFO: [ app_init ] --START--
INFO: Run Behavior\BuildLiteBehavior [ RunTime:0.000013s ]
INFO: [ app_init ] --END-- [ RunTime:0.000610s ]

[ 2016-08-24T14:33:19+08:00 ] ::1 /agency/index.php?s=/Home/Admin
INFO: [ app_init ] --START--
INFO: Run Behavior\BuildLiteBehavior [ RunTime:0.000011s ]
INFO: [ app_init ] --END-- [ RunTime:0.000618s ]

[ 2016-08-24T14:33:21+08:00 ] ::1 /agency/index.php?s=/Home/Admin/add&p=
INFO: [ app_init ] --START--
INFO: Run Behavior\BuildLiteBehavior [ RunTime:0.000008s ]
INFO: [ app_init ] --END-- [ RunTime:0.000181s ]

[ 2016-08-24T14:33:42+08:00 ] ::1 /agency/index.php?s=/Home/User
INFO: [ app_init ] --START--
INFO: Run Behavior\BuildLiteBehavior [ RunTime:0.000014s ]
INFO: [ app_init ] --END-- [ RunTime:0.000534s ]

[ 2016-08-24T14:33:44+08:00 ] ::1 /agency/index.php?s=/Home/User/add&ret=%2Fagency%2Findex.php%3Fs%3D%2FHome%2FUser
INFO: [ app_init ] --START--
INFO: Run Behavior\BuildLiteBehavior [ RunTime:0.000010s ]
INFO: [ app_init ] --END-- [ RunTime:0.000193s ]

[ 2016-08-24T14:33:48+08:00 ] ::1 /agency/index.php?s=/Home/User
INFO: [ app_init ] --START--
INFO: Run Behavior\BuildLiteBehavior [ RunTime:0.000009s ]
INFO: [ app_init ] --END-- [ RunTime:0.000189s ]

[ 2016-08-24T14:33:51+08:00 ] ::1 /agency/index.php?s=/Home/User/add&ret=%2Fagency%2Findex.php%3Fs%3D%2FHome%2FUser
INFO: [ app_init ] --START--
INFO: Run Behavior\BuildLiteBehavior [ RunTime:0.000048s ]
INFO: [ app_init ] --END-- [ RunTime:0.000742s ]

[ 2016-08-24T14:34:08+08:00 ] ::1 /agency/index.php?s=/Home/Admin
INFO: [ app_init ] --START--
INFO: Run Behavior\BuildLiteBehavior [ RunTime:0.000013s ]
INFO: [ app_init ] --END-- [ RunTime:0.000448s ]

[ 2016-08-24T14:34:12+08:00 ] ::1 /agency/index.php?s=/Home/Admin/add&p=
INFO: [ app_init ] --START--
INFO: Run Behavior\BuildLiteBehavior [ RunTime:0.000010s ]
INFO: [ app_init ] --END-- [ RunTime:0.000192s ]

[ 2016-08-24T14:34:14+08:00 ] ::1 /agency/index.php?s=/Home/Admin&p=
INFO: [ app_init ] --START--
INFO: Run Behavior\BuildLiteBehavior [ RunTime:0.000009s ]
INFO: [ app_init ] --END-- [ RunTime:0.000187s ]

[ 2016-08-24T14:34:19+08:00 ] ::1 /agency/index.php?s=/Home/Admin/add&p=
INFO: [ app_init ] --START--
INFO: Run Behavior\BuildLiteBehavior [ RunTime:0.000008s ]
INFO: [ app_init ] --END-- [ RunTime:0.000174s ]

[ 2016-08-24T14:34:22+08:00 ] ::1 /agency/index.php?s=/Home/Admin&p=
INFO: [ app_init ] --START--
INFO: Run Behavior\BuildLiteBehavior [ RunTime:0.000009s ]
INFO: [ app_init ] --END-- [ RunTime:0.000184s ]

[ 2016-08-24T14:34:24+08:00 ] ::1 /agency/index.php?s=/Home/Admin/edit&id=1&p=
INFO: [ app_init ] --START--
INFO: Run Behavior\BuildLiteBehavior [ RunTime:0.000009s ]
INFO: [ app_init ] --END-- [ RunTime:0.000179s ]

[ 2016-08-24T14:34:30+08:00 ] ::1 /agency/index.php?s=/Home/Admin/test
INFO: [ app_init ] --START--
INFO: Run Behavior\BuildLiteBehavior [ RunTime:0.000009s ]
INFO: [ app_init ] --END-- [ RunTime:0.000191s ]

[ 2016-08-24T14:40:01+08:00 ] ::1 /agency/index.php?s=/Home/Admin/test
INFO: [ app_init ] --START--
INFO: Run Behavior\BuildLiteBehavior [ RunTime:0.000026s ]
INFO: [ app_init ] --END-- [ RunTime:0.001307s ]

[ 2016-08-24T14:58:24+08:00 ] ::1 /agency/index.php?s=/Home/Admin/test
INFO: [ app_init ] --START--
INFO: Run Behavior\BuildLiteBehavior [ RunTime:0.000012s ]
INFO: [ app_init ] --END-- [ RunTime:0.000537s ]

[ 2016-08-24T14:58:30+08:00 ] ::1 /agency/index.php?s=/Home/Admin/test
INFO: [ app_init ] --START--
INFO: Run Behavior\BuildLiteBehavior [ RunTime:0.000010s ]
INFO: [ app_init ] --END-- [ RunTime:0.000195s ]

[ 2016-08-24T14:58:54+08:00 ] ::1 /agency/index.php?s=/Home/Admin/test
INFO: [ app_init ] --START--
INFO: Run Behavior\BuildLiteBehavior [ RunTime:0.000009s ]
INFO: [ app_init ] --END-- [ RunTime:0.000293s ]

[ 2016-08-24T14:58:56+08:00 ] ::1 /agency/index.php?s=/Home/Admin/test
INFO: [ app_init ] --START--
INFO: Run Behavior\BuildLiteBehavior [ RunTime:0.000010s ]
INFO: [ app_init ] --END-- [ RunTime:0.000199s ]

[ 2016-08-24T14:59:39+08:00 ] ::1 /agency/index.php?s=/Home/Admin/test
INFO: [ app_init ] --START--
INFO: Run Behavior\BuildLiteBehavior [ RunTime:0.000013s ]
INFO: [ app_init ] --END-- [ RunTime:0.000563s ]

[ 2016-08-24T14:59:39+08:00 ] ::1 /agency/index.php?s=/Home/Admin/test
INFO: [ app_init ] --START--
INFO: Run Behavior\BuildLiteBehavior [ RunTime:0.000011s ]
INFO: [ app_init ] --END-- [ RunTime:0.000261s ]

[ 2016-08-24T14:59:42+08:00 ] ::1 /agency/index.php?s=/Home/Admin
INFO: [ app_init ] --START--
INFO: Run Behavior\BuildLiteBehavior [ RunTime:0.000008s ]
INFO: [ app_init ] --END-- [ RunTime:0.000190s ]

[ 2016-08-24T14:59:45+08:00 ] ::1 /agency/index.php?s=/Home/Admin
INFO: [ app_init ] --START--
INFO: Run Behavior\BuildLiteBehavior [ RunTime:0.000009s ]
INFO: [ app_init ] --END-- [ RunTime:0.000181s ]

[ 2016-08-24T14:59:50+08:00 ] ::1 /agency/index.php?s=/Home/Admin/test
INFO: [ app_init ] --START--
INFO: Run Behavior\BuildLiteBehavior [ RunTime:0.000010s ]
INFO: [ app_init ] --END-- [ RunTime:0.000295s ]

[ 2016-08-24T15:00:41+08:00 ] ::1 /agency/index.php?s=/Home/Admin/test
INFO: [ app_init ] --START--
INFO: Run Behavior\BuildLiteBehavior [ RunTime:0.000041s ]
INFO: [ app_init ] --END-- [ RunTime:0.001123s ]

[ 2016-08-24T15:00:46+08:00 ] ::1 /agency/index.php?s=/Home/Admin/test
INFO: [ app_init ] --START--
INFO: Run Behavior\BuildLiteBehavior [ RunTime:0.000010s ]
INFO: [ app_init ] --END-- [ RunTime:0.000299s ]

[ 2016-08-24T15:00:55+08:00 ] ::1 /agency/index.php?s=/Home/Admin/test
INFO: [ app_init ] --START--
INFO: Run Behavior\BuildLiteBehavior [ RunTime:0.000009s ]
INFO: [ app_init ] --END-- [ RunTime:0.000298s ]

[ 2016-08-24T15:00:57+08:00 ] ::1 /agency/index.php?s=/Home/Admin/test
INFO: [ app_init ] --START--
INFO: Run Behavior\BuildLiteBehavior [ RunTime:0.000008s ]
INFO: [ app_init ] --END-- [ RunTime:0.000176s ]

[ 2016-08-24T15:01:05+08:00 ] ::1 /agency/index.php?s=/Home/Admin/test
INFO: [ app_init ] --START--
INFO: Run Behavior\BuildLiteBehavior [ RunTime:0.000009s ]
INFO: [ app_init ] --END-- [ RunTime:0.000288s ]

[ 2016-08-24T15:01:06+08:00 ] ::1 /agency/index.php?s=/Home/Admin/test
INFO: [ app_init ] --START--
INFO: Run Behavior\BuildLiteBehavior [ RunTime:0.000010s ]
INFO: [ app_init ] --END-- [ RunTime:0.000190s ]

[ 2016-08-24T15:01:07+08:00 ] ::1 /agency/index.php?s=/Home/Admin/test
INFO: [ app_init ] --START--
INFO: Run Behavior\BuildLiteBehavior [ RunTime:0.000008s ]
INFO: [ app_init ] --END-- [ RunTime:0.000175s ]

[ 2016-08-24T15:02:24+08:00 ] ::1 /agency/index.php?s=/Home/Admin/test
INFO: [ app_init ] --START--
INFO: Run Behavior\BuildLiteBehavior [ RunTime:0.000014s ]
INFO: [ app_init ] --END-- [ RunTime:0.000481s ]

[ 2016-08-24T15:02:31+08:00 ] ::1 /agency/index.php?s=/Home/Admin/test
INFO: [ app_init ] --START--
INFO: Run Behavior\BuildLiteBehavior [ RunTime:0.000009s ]
INFO: [ app_init ] --END-- [ RunTime:0.000288s ]

[ 2016-08-24T15:02:34+08:00 ] ::1 /agency/index.php?s=/Home/Admin/test
INFO: [ app_init ] --START--
INFO: Run Behavior\BuildLiteBehavior [ RunTime:0.000012s ]
INFO: [ app_init ] --END-- [ RunTime:0.000260s ]

[ 2016-08-24T15:03:13+08:00 ] ::1 /agency/index.php?s=/Home/Admin/test
INFO: [ app_init ] --START--
INFO: Run Behavior\BuildLiteBehavior [ RunTime:0.000013s ]
INFO: [ app_init ] --END-- [ RunTime:0.000392s ]

[ 2016-08-24T15:03:28+08:00 ] ::1 /agency/index.php?s=/Home/Admin/test
INFO: [ app_init ] --START--
INFO: Run Behavior\BuildLiteBehavior [ RunTime:0.000015s ]
INFO: [ app_init ] --END-- [ RunTime:0.000437s ]

[ 2016-08-24T15:03:35+08:00 ] ::1 /agency/index.php?s=/Home/Admin/test
INFO: [ app_init ] --START--
INFO: Run Behavior\BuildLiteBehavior [ RunTime:0.000009s ]
INFO: [ app_init ] --END-- [ RunTime:0.000185s ]

[ 2016-08-24T15:04:07+08:00 ] ::1 /agency/index.php?s=/Home/Admin/test
INFO: [ app_init ] --START--
INFO: Run Behavior\BuildLiteBehavior [ RunTime:0.000009s ]
INFO: [ app_init ] --END-- [ RunTime:0.000321s ]

[ 2016-08-24T15:05:06+08:00 ] ::1 /agency/index.php?s=/Home/Admin/test
INFO: [ app_init ] --START--
INFO: Run Behavior\BuildLiteBehavior [ RunTime:0.000010s ]
INFO: [ app_init ] --END-- [ RunTime:0.000189s ]

[ 2016-08-24T15:05:14+08:00 ] ::1 /agency/index.php?s=/Home/Admin/test
INFO: [ app_init ] --START--
INFO: Run Behavior\BuildLiteBehavior [ RunTime:0.000008s ]
INFO: [ app_init ] --END-- [ RunTime:0.000181s ]

[ 2016-08-24T15:10:20+08:00 ] ::1 /agency/index.php?s=/Home/Admin/test
INFO: [ app_init ] --START--
INFO: Run Behavior\BuildLiteBehavior [ RunTime:0.000012s ]
INFO: [ app_init ] --END-- [ RunTime:0.000522s ]

[ 2016-08-24T15:11:03+08:00 ] ::1 /agency/index.php?s=/Home/Admin/test
INFO: [ app_init ] --START--
INFO: Run Behavior\BuildLiteBehavior [ RunTime:0.000027s ]
INFO: [ app_init ] --END-- [ RunTime:0.000688s ]

[ 2016-08-24T15:11:51+08:00 ] ::1 /agency/index.php?s=/Home/Admin/test
INFO: [ app_init ] --START--
INFO: Run Behavior\BuildLiteBehavior [ RunTime:0.000058s ]
INFO: [ app_init ] --END-- [ RunTime:0.001565s ]

[ 2016-08-24T15:15:31+08:00 ] ::1 /agency/index.php?s=/Home/Admin/test
INFO: [ app_init ] --START--
INFO: Run Behavior\BuildLiteBehavior [ RunTime:0.000012s ]
INFO: [ app_init ] --END-- [ RunTime:0.000533s ]

[ 2016-08-24T15:15:36+08:00 ] ::1 /agency/index.php?s=/Home/Admin/test
INFO: [ app_init ] --START--
INFO: Run Behavior\BuildLiteBehavior [ RunTime:0.000010s ]
INFO: [ app_init ] --END-- [ RunTime:0.000189s ]

[ 2016-08-24T15:16:01+08:00 ] ::1 /agency/index.php?s=/Home/Admin/test
INFO: [ app_init ] --START--
INFO: Run Behavior\BuildLiteBehavior [ RunTime:0.000013s ]
INFO: [ app_init ] --END-- [ RunTime:0.000551s ]

[ 2016-08-24T15:16:04+08:00 ] ::1 /agency/index.php?s=/Home/Admin/test
INFO: [ app_init ] --START--
INFO: Run Behavior\BuildLiteBehavior [ RunTime:0.000013s ]
INFO: [ app_init ] --END-- [ RunTime:0.000216s ]

[ 2016-08-24T15:16:10+08:00 ] ::1 /agency/index.php?s=/Home/Admin/test
INFO: [ app_init ] --START--
INFO: Run Behavior\BuildLiteBehavior [ RunTime:0.000009s ]
INFO: [ app_init ] --END-- [ RunTime:0.000284s ]

[ 2016-08-24T15:17:07+08:00 ] ::1 /agency/index.php?s=/Home/Admin/test
INFO: [ app_init ] --START--
INFO: Run Behavior\BuildLiteBehavior [ RunTime:0.000011s ]
INFO: [ app_init ] --END-- [ RunTime:0.000682s ]

[ 2016-08-24T15:17:09+08:00 ] ::1 /agency/index.php?s=/Home/Admin/test
INFO: [ app_init ] --START--
INFO: Run Behavior\BuildLiteBehavior [ RunTime:0.000009s ]
INFO: [ app_init ] --END-- [ RunTime:0.000190s ]

[ 2016-08-24T17:29:16+08:00 ] ::1 /agency/index.php?s=/Home/Admin/test
INFO: [ app_init ] --START--
INFO: Run Behavior\BuildLiteBehavior [ RunTime:0.000013s ]
INFO: [ app_init ] --END-- [ RunTime:0.000558s ]

[ 2016-08-24T17:32:31+08:00 ] ::1 /agency/index.php?s=/Home/Admin/test
INFO: [ app_init ] --START--
INFO: Run Behavior\BuildLiteBehavior [ RunTime:0.000013s ]
INFO: [ app_init ] --END-- [ RunTime:0.000606s ]

[ 2016-08-24T17:32:35+08:00 ] ::1 /agency/index.php?s=/Home/Admin/test
INFO: [ app_init ] --START--
INFO: Run Behavior\BuildLiteBehavior [ RunTime:0.000008s ]
INFO: [ app_init ] --END-- [ RunTime:0.000192s ]

[ 2016-08-24T17:32:38+08:00 ] ::1 /agency/index.php?s=/Home/Admin/test
INFO: [ app_init ] --START--
INFO: Run Behavior\BuildLiteBehavior [ RunTime:0.000009s ]
INFO: [ app_init ] --END-- [ RunTime:0.000186s ]

[ 2016-08-24T17:32:40+08:00 ] ::1 /agency/index.php?s=/Home/Admin/test
INFO: [ app_init ] --START--
INFO: Run Behavior\BuildLiteBehavior [ RunTime:0.000011s ]
INFO: [ app_init ] --END-- [ RunTime:0.000207s ]

[ 2016-08-24T17:33:09+08:00 ] ::1 /agency/index.php?s=/Home/Admin/test
INFO: [ app_init ] --START--
INFO: Run Behavior\BuildLiteBehavior [ RunTime:0.000010s ]
INFO: [ app_init ] --END-- [ RunTime:0.000412s ]

[ 2016-08-24T17:33:52+08:00 ] ::1 /agency/index.php?s=/Home/Admin/test
INFO: [ app_init ] --START--
INFO: Run Behavior\BuildLiteBehavior [ RunTime:0.000013s ]
INFO: [ app_init ] --END-- [ RunTime:0.000557s ]

[ 2016-08-24T17:33:54+08:00 ] ::1 /agency/index.php?s=/Home/Admin/test
INFO: [ app_init ] --START--
INFO: Run Behavior\BuildLiteBehavior [ RunTime:0.000010s ]
INFO: [ app_init ] --END-- [ RunTime:0.000193s ]

[ 2016-08-24T17:33:57+08:00 ] ::1 /agency/index.php?s=/Home/Admin/test
INFO: [ app_init ] --START--
INFO: Run Behavior\BuildLiteBehavior [ RunTime:0.000009s ]
INFO: [ app_init ] --END-- [ RunTime:0.000192s ]

[ 2016-08-24T17:34:11+08:00 ] ::1 /agency/index.php?s=/Home/Admin/test
INFO: [ app_init ] --START--
INFO: Run Behavior\BuildLiteBehavior [ RunTime:0.000009s ]
INFO: [ app_init ] --END-- [ RunTime:0.000280s ]

[ 2016-08-24T17:35:17+08:00 ] ::1 /agency/index.php?s=/Home/Admin/test
INFO: [ app_init ] --START--
INFO: Run Behavior\BuildLiteBehavior [ RunTime:0.000018s ]
INFO: [ app_init ] --END-- [ RunTime:0.000568s ]

[ 2016-08-24T17:38:50+08:00 ] ::1 /agency/index.php?s=/Home/Admin/test
INFO: [ app_init ] --START--
INFO: Run Behavior\BuildLiteBehavior [ RunTime:0.000013s ]
INFO: [ app_init ] --END-- [ RunTime:0.000621s ]

[ 2016-08-24T17:38:52+08:00 ] ::1 /agency/index.php?s=/Home/Admin/test
INFO: [ app_init ] --START--
INFO: Run Behavior\BuildLiteBehavior [ RunTime:0.000011s ]
INFO: [ app_init ] --END-- [ RunTime:0.000282s ]

[ 2016-08-24T17:40:20+08:00 ] ::1 /agency/index.php?s=/Home/Admin/test
INFO: [ app_init ] --START--
INFO: Run Behavior\BuildLiteBehavior [ RunTime:0.000032s ]
INFO: [ app_init ] --END-- [ RunTime:0.001203s ]

[ 2016-08-24T17:40:46+08:00 ] ::1 /agency/index.php?s=/Home/Admin/test
INFO: [ app_init ] --START--
INFO: Run Behavior\BuildLiteBehavior [ RunTime:0.000009s ]
INFO: [ app_init ] --END-- [ RunTime:0.000282s ]

[ 2016-08-24T17:44:21+08:00 ] ::1 /agency/index.php?s=/Home/Admin/test
INFO: [ app_init ] --START--
INFO: Run Behavior\BuildLiteBehavior [ RunTime:0.000013s ]
INFO: [ app_init ] --END-- [ RunTime:0.000561s ]

[ 2016-08-24T17:49:34+08:00 ] ::1 /agency/index.php?s=/Home/Admin/test
INFO: [ app_init ] --START--
INFO: Run Behavior\BuildLiteBehavior [ RunTime:0.000052s ]
INFO: [ app_init ] --END-- [ RunTime:0.001629s ]

[ 2016-08-24T17:51:32+08:00 ] ::1 /agency/index.php?s=/Home/Admin/test
INFO: [ app_init ] --START--
INFO: Run Behavior\BuildLiteBehavior [ RunTime:0.000012s ]
INFO: [ app_init ] --END-- [ RunTime:0.000581s ]

[ 2016-08-24T17:51:36+08:00 ] ::1 /agency/index.php?s=/Home/Admin/test
INFO: [ app_init ] --START--
INFO: Run Behavior\BuildLiteBehavior [ RunTime:0.000013s ]
INFO: [ app_init ] --END-- [ RunTime:0.000224s ]

[ 2016-08-24T17:52:16+08:00 ] ::1 /agency/index.php?s=/Home/Admin/test
INFO: [ app_init ] --START--
INFO: Run Behavior\BuildLiteBehavior [ RunTime:0.000013s ]
INFO: [ app_init ] --END-- [ RunTime:0.000530s ]

[ 2016-08-24T17:54:08+08:00 ] ::1 /agency/index.php?s=/Home/Admin/test
INFO: [ app_init ] --START--
INFO: Run Behavior\BuildLiteBehavior [ RunTime:0.000069s ]
INFO: [ app_init ] --END-- [ RunTime:0.001863s ]

[ 2016-08-24T17:54:14+08:00 ] ::1 /agency/index.php?s=/Home/Admin/test
INFO: [ app_init ] --START--
INFO: Run Behavior\BuildLiteBehavior [ RunTime:0.000009s ]
INFO: [ app_init ] --END-- [ RunTime:0.000282s ]

[ 2016-08-24T17:57:05+08:00 ] ::1 /agency/index.php?s=/Home/Admin/test
INFO: [ app_init ] --START--
INFO: Run Behavior\BuildLiteBehavior [ RunTime:0.000012s ]
INFO: [ app_init ] --END-- [ RunTime:0.000666s ]

[ 2016-08-24T17:57:08+08:00 ] ::1 /agency/index.php?s=/Home/Admin/test
INFO: [ app_init ] --START--
INFO: Run Behavior\BuildLiteBehavior [ RunTime:0.000008s ]
INFO: [ app_init ] --END-- [ RunTime:0.000178s ]

[ 2016-08-24T17:58:01+08:00 ] ::1 /agency/index.php?s=/Home/Admin/test
INFO: [ app_init ] --START--
INFO: Run Behavior\BuildLiteBehavior [ RunTime:0.000012s ]
INFO: [ app_init ] --END-- [ RunTime:0.000552s ]

[ 2016-08-24T17:58:14+08:00 ] ::1 /agency/index.php?s=/Home/Admin/test
INFO: [ app_init ] --START--
INFO: Run Behavior\BuildLiteBehavior [ RunTime:0.000011s ]
INFO: [ app_init ] --END-- [ RunTime:0.000515s ]

[ 2016-08-24T17:59:30+08:00 ] ::1 /agency/index.php?s=/Home/Admin/test
INFO: [ app_init ] --START--
INFO: Run Behavior\BuildLiteBehavior [ RunTime:0.000013s ]
INFO: [ app_init ] --END-- [ RunTime:0.000536s ]

[ 2016-08-24T17:59:40+08:00 ] ::1 /agency/index.php?s=/Home/Admin/test
INFO: [ app_init ] --START--
INFO: Run Behavior\BuildLiteBehavior [ RunTime:0.000010s ]
INFO: [ app_init ] --END-- [ RunTime:0.000348s ]

[ 2016-08-24T17:59:40+08:00 ] ::1 /agency/index.php?s=/Home/Admin/test
INFO: [ app_init ] --START--
INFO: Run Behavior\BuildLiteBehavior [ RunTime:0.000009s ]
INFO: [ app_init ] --END-- [ RunTime:0.000185s ]

[ 2016-08-24T18:02:01+08:00 ] ::1 /agency/index.php?s=/Home/Admin/test
INFO: [ app_init ] --START--
INFO: Run Behavior\BuildLiteBehavior [ RunTime:0.000013s ]
INFO: [ app_init ] --END-- [ RunTime:0.000613s ]

[ 2016-08-24T18:13:11+08:00 ] ::1 /agency/index.php?s=/Home/Admin/test
INFO: [ app_init ] --START--
INFO: Run Behavior\BuildLiteBehavior [ RunTime:0.000012s ]
INFO: [ app_init ] --END-- [ RunTime:0.000524s ]

[ 2016-08-24T18:13:24+08:00 ] ::1 /agency/index.php?s=/Home/Admin/test
INFO: [ app_init ] --START--
INFO: Run Behavior\BuildLiteBehavior [ RunTime:0.000013s ]
INFO: [ app_init ] --END-- [ RunTime:0.000534s ]

[ 2016-08-24T18:13:38+08:00 ] ::1 /agency/index.php?s=/Home/Admin/test
INFO: [ app_init ] --START--
INFO: Run Behavior\BuildLiteBehavior [ RunTime:0.000010s ]
INFO: [ app_init ] --END-- [ RunTime:0.000296s ]

[ 2016-08-24T18:13:51+08:00 ] ::1 /agency/index.php?s=/Home/Admin/test
INFO: [ app_init ] --START--
INFO: Run Behavior\BuildLiteBehavior [ RunTime:0.000010s ]
INFO: [ app_init ] --END-- [ RunTime:0.000285s ]

[ 2016-08-24T18:16:49+08:00 ] ::1 /agency/index.php?s=/Home/Admin/test
INFO: [ app_init ] --START--
INFO: Run Behavior\BuildLiteBehavior [ RunTime:0.000012s ]
INFO: [ app_init ] --END-- [ RunTime:0.000604s ]

[ 2016-08-24T18:18:06+08:00 ] ::1 /agency/index.php?s=/Home/Admin/test
INFO: [ app_init ] --START--
INFO: Run Behavior\BuildLiteBehavior [ RunTime:0.000014s ]
INFO: [ app_init ] --END-- [ RunTime:0.000627s ]

[ 2016-08-24T18:18:09+08:00 ] ::1 /agency/index.php?s=/Home/Admin/test
INFO: [ app_init ] --START--
INFO: Run Behavior\BuildLiteBehavior [ RunTime:0.000009s ]
INFO: [ app_init ] --END-- [ RunTime:0.000189s ]

[ 2016-08-24T18:18:12+08:00 ] ::1 /agency/index.php?s=/Home/Admin/test
INFO: [ app_init ] --START--
INFO: Run Behavior\BuildLiteBehavior [ RunTime:0.000010s ]
INFO: [ app_init ] --END-- [ RunTime:0.000188s ]

[ 2016-08-24T18:18:49+08:00 ] ::1 /agency/index.php?s=/Home/Admin/test
INFO: [ app_init ] --START--
INFO: Run Behavior\BuildLiteBehavior [ RunTime:0.000011s ]
INFO: [ app_init ] --END-- [ RunTime:0.000384s ]

